TN:
SF:/Users/maarten/Documents/GitHub/agentic/greentic-secrets/greentic-secrets-api/src/lib.rs
FN:22,value::SecretValue::into_string
FN:26,value::SecretValue::redact_preview
FN:70,spec::SecretSpec::new
FN:79,spec::SecretSpec::description
FN:84,spec::SecretSpec::required
FN:89,spec::SecretSpec::validator
FN:94,spec::SecretSpec::validate
FN:113,spec::SecretSpecRegistry::register
FN:117,spec::SecretSpecRegistry::validate_value
FN:125,spec::SecretSpecRegistry::to_markdown
FNF:10
FNDA:0,value::SecretValue::into_string
FNDA:0,value::SecretValue::redact_preview
FNDA:0,spec::SecretSpec::new
FNDA:0,spec::SecretSpec::description
FNDA:0,spec::SecretSpec::required
FNDA:0,spec::SecretSpec::validator
FNDA:0,spec::SecretSpec::validate
FNDA:0,spec::SecretSpecRegistry::register
FNDA:0,spec::SecretSpecRegistry::validate_value
FNDA:0,spec::SecretSpecRegistry::to_markdown
DA:22,0
DA:23,0
DA:26,0
DA:27,0
DA:28,0
DA:29,0
DA:31,0
DA:32,0
DA:70,0
DA:72,0
DA:79,0
DA:80,0
DA:81,0
DA:84,0
DA:85,0
DA:86,0
DA:89,0
DA:90,0
DA:91,0
DA:94,0
DA:95,0
DA:96,0
DA:97,0
DA:98,0
DA:99,0
DA:103,0
DA:113,0
DA:114,0
DA:117,0
DA:118,0
DA:119,0
DA:121,0
DA:125,0
DA:126,0
DA:127,0
DA:128,0
DA:129,0
DA:131,0
DA:132,0
DA:135,0
LF:40
LH:0
end_of_record
TN:
SF:/Users/maarten/Documents/GitHub/agentic/greentic-secrets/greentic-secrets-broker/src/auth.rs
FN:44,AuthContext::new
FN:55,AuthContext::allows
FN:64,Permissions::empty
FN:68,Permissions::all
FN:72,Permissions::from_action
FN:76,Permissions::union
FN:80,Permissions::allows
FN:86,<impl Default for Permissions>::default
FN:116,SubjectMatcher::matches
FN:163,Authorizer::from_env
FN:240,Authorizer::authenticate
FN:290,Authorizer::authenticate_nats
FN:306,Authorizer::authorize
FN:340,Authorizer::match_internal_subject
FN:352,Authorizer::validate_claims
FN:374,Authorizer::lookup_public_key
FN:427,extract_bearer_token
FN:438,http_layer
FN:464,permissions_for_roles
FN:486,has_cross_team_role
FN:492,decode_ed25519_key
FNF:21
FNDA:20,AuthContext::new
FNDA:16,AuthContext::allows
FNDA:20,Permissions::empty
FNDA:12,Permissions::all
FNDA:24,Permissions::from_action
FNDA:36,Permissions::union
FNDA:16,Permissions::allows
FNDA:20,<impl Default for Permissions>::default
FNDA:0,SubjectMatcher::matches
FNDA:18,Authorizer::from_env
FNDA:44,Authorizer::authenticate
FNDA:6,Authorizer::authenticate_nats
FNDA:16,Authorizer::authorize
FNDA:0,Authorizer::match_internal_subject
FNDA:22,Authorizer::validate_claims
FNDA:44,Authorizer::lookup_public_key
FNDA:12,extract_bearer_token
FNDA:14,http_layer
FNDA:20,permissions_for_roles
FNDA:0,has_cross_team_role
FNDA:12,decode_ed25519_key
DA:44,20
DA:46,20
DA:47,20
DA:48,40
DA:49,20
DA:50,20
DA:55,16
DA:56,48
DA:64,20
DA:65,20
DA:68,12
DA:69,12
DA:72,24
DA:73,24
DA:76,36
DA:77,36
DA:80,16
DA:81,16
DA:86,20
DA:87,20
DA:116,0
DA:117,0
DA:163,18
DA:164,18
DA:165,18
DA:166,18
DA:167,18
DA:169,18
DA:170,0
DA:171,0
DA:177,0
DA:180,6
DA:181,18
DA:182,6
DA:183,6
DA:186,0
DA:187,0
DA:191,0
DA:192,0
DA:197,12
DA:199,6
DA:200,6
DA:201,0
DA:202,0
DA:203,0
DA:204,0
DA:206,0
DA:207,0
DA:219,6
DA:220,0
DA:221,0
DA:222,0
DA:223,0
DA:224,0
DA:226,0
DA:229,0
DA:230,0
DA:231,0
DA:237,6
DA:240,44
DA:241,66
DA:242,44
DA:243,0
DA:246,110
DA:247,22
DA:248,0
DA:251,44
DA:252,66
DA:253,22
DA:254,88
DA:255,22
DA:256,22
DA:257,0
DA:260,88
DA:261,110
DA:262,44
DA:263,66
DA:264,22
DA:266,66
DA:267,66
DA:268,22
DA:270,44
DA:271,66
DA:272,22
DA:273,88
DA:274,22
DA:276,68
DA:278,40
DA:279,0
DA:282,60
DA:283,20
DA:284,0
DA:287,40
DA:290,6
DA:295,12
DA:296,18
DA:299,0
DA:300,0
DA:303,0
DA:306,16
DA:313,32
DA:314,2
DA:317,14
DA:318,0
DA:321,28
DA:322,0
DA:323,0
DA:324,0
DA:325,0
DA:328,0
DA:329,0
DA:331,0
DA:332,0
DA:336,14
DA:340,0
DA:341,0
DA:342,0
DA:345,0
DA:347,0
DA:348,0
DA:352,22
DA:353,44
DA:354,22
DA:355,22
DA:356,22
DA:357,22
DA:358,2
DA:361,40
DA:362,80
DA:363,0
DA:366,40
DA:367,80
DA:368,0
DA:371,20
DA:374,44
DA:375,22
DA:376,44
DA:377,0
DA:378,0
DA:379,0
DA:381,0
DA:383,0
DA:384,0
DA:387,0
DA:388,0
DA:390,0
DA:391,0
DA:393,0
DA:395,0
DA:396,0
DA:397,0
DA:400,0
DA:401,0
DA:402,0
DA:403,0
DA:404,0
DA:406,0
DA:407,0
DA:408,0
DA:411,0
DA:412,0
DA:413,0
DA:418,0
DA:419,0
DA:421,0
DA:427,12
DA:428,36
DA:429,24
DA:430,12
DA:431,0
DA:432,0
DA:434,0
DA:438,14
DA:443,28
DA:445,28
DA:446,50
DA:447,14
DA:448,14
DA:450,26
DA:451,24
DA:452,4
DA:455,36
DA:456,10
DA:457,30
DA:458,30
DA:460,6
DA:464,20
DA:465,40
DA:466,60
DA:467,40
DA:468,40
DA:469,20
DA:470,12
DA:471,12
DA:472,12
DA:473,4
DA:474,20
DA:476,0
DA:477,0
DA:478,0
DA:479,0
DA:481,40
DA:483,20
DA:486,0
DA:487,0
DA:489,0
DA:492,12
DA:493,48
LF:208
LH:121
end_of_record
TN:
SF:/Users/maarten/Documents/GitHub/agentic/greentic-secrets/greentic-secrets-broker/src/bin/secrets.rs
FN:91,main
FN:102,handle_print
FN:112,handle_schema
FN:124,handle_check
FN:165,resolve_components
FN:174,build_registry
FN:182,register_specs
FNF:7
FNDA:6,main
FNDA:1,handle_print
FNDA:1,handle_schema
FNDA:2,handle_check
FNDA:3,resolve_components
FNDA:3,build_registry
FNDA:5,register_specs
DA:91,6
DA:92,6
DA:93,6
DA:94,9
DA:95,6
DA:96,6
DA:97,6
DA:102,1
DA:103,3
DA:104,3
DA:105,1
DA:106,4
DA:107,0
DA:109,1
DA:112,1
DA:113,3
DA:114,3
DA:115,4
DA:116,1
DA:117,0
DA:119,1
DA:121,1
DA:124,2
DA:126,1
DA:127,1
DA:128,1
DA:129,1
DA:130,1
DA:131,3
DA:132,3
DA:133,6
DA:135,2
DA:137,2
DA:139,5
DA:140,5
DA:141,1
DA:142,0
DA:145,3
DA:147,1
DA:150,3
DA:151,3
DA:152,3
DA:153,1
DA:156,2
DA:157,0
DA:158,0
DA:161,4
DA:162,1
DA:165,3
DA:166,6
DA:167,4
DA:169,1
DA:170,2
DA:171,1
DA:174,3
DA:175,6
DA:176,18
DA:177,10
DA:179,3
DA:182,5
DA:183,5
DA:184,9
DA:185,6
LF:63
LH:58
end_of_record
TN:
SF:/Users/maarten/Documents/GitHub/agentic/greentic-secrets/greentic-secrets-broker/src/config.rs
FN:10,load_backend_components
FN:73,dev_backend
FN:85,aws_backend
FN:96,gcp_backend
FN:107,azure_backend
FN:118,k8s_backend
FN:129,vault_backend
FNF:7
FNDA:18,load_backend_components
FNDA:18,dev_backend
FNDA:0,aws_backend
FNDA:0,gcp_backend
FNDA:0,azure_backend
FNDA:0,k8s_backend
FNDA:0,vault_backend
DA:10,18
DA:11,30
DA:12,6
DA:13,12
DA:14,0
DA:17,0
DA:25,0
DA:28,0
DA:36,0
DA:39,0
DA:47,0
DA:50,0
DA:58,0
DA:61,0
DA:69,0
DA:73,18
DA:74,12
DA:76,12
DA:78,6
DA:79,12
DA:80,6
DA:85,0
DA:86,0
DA:87,0
DA:89,0
DA:90,0
DA:91,0
DA:96,0
DA:97,0
DA:98,0
DA:100,0
DA:101,0
DA:102,0
DA:107,0
DA:108,0
DA:109,0
DA:111,0
DA:112,0
DA:113,0
DA:118,0
DA:119,0
DA:120,0
DA:122,0
DA:123,0
DA:124,0
DA:129,0
DA:130,0
DA:131,0
DA:133,0
DA:134,0
DA:135,0
LF:51
LH:10
end_of_record
TN:
SF:/Users/maarten/Documents/GitHub/agentic/greentic-secrets/greentic-secrets-broker/src/error.rs
FN:33,AppError::new
FN:40,AppError::with_correlation
FN:45,AppError::status
FN:56,AppError::unauthorized
FN:60,AppError::forbidden
FN:73,<impl IntoResponse for AppError>::into_response
FN:124,<impl From for AppError>::from
FN:137,attach_correlation
FNF:8
FNDA:8,AppError::new
FNDA:4,AppError::with_correlation
FNDA:8,AppError::status
FNDA:4,AppError::unauthorized
FNDA:2,AppError::forbidden
FNDA:8,<impl IntoResponse for AppError>::into_response
FNDA:0,<impl From for AppError>::from
FNDA:4,attach_correlation
DA:33,8
DA:40,4
DA:41,8
DA:42,4
DA:45,8
DA:46,8
DA:47,0
DA:48,2
DA:49,4
DA:50,2
DA:51,0
DA:52,0
DA:56,4
DA:57,8
DA:60,2
DA:61,4
DA:73,8
DA:74,24
DA:75,24
DA:76,8
DA:77,8
DA:78,0
DA:79,2
DA:80,4
DA:81,2
DA:82,0
DA:83,0
DA:85,16
DA:86,16
DA:89,24
DA:90,16
DA:91,8
DA:93,8
DA:95,8
DA:100,0
DA:101,0
DA:112,0
DA:114,0
DA:115,0
DA:116,0
DA:117,0
DA:119,0
DA:124,0
DA:125,0
DA:127,0
DA:129,0
DA:130,0
DA:131,0
DA:133,0
DA:137,4
DA:138,16
LF:51
LH:30
end_of_record
TN:
SF:/Users/maarten/Documents/GitHub/agentic/greentic-secrets/greentic-secrets-broker/src/http.rs
FN:26,router
FN:39,api_routes
FN:76,health_check
FN:80,put_secret_no_team
FN:101,put_secret_with_team
FN:123,put_secret
FN:158,rotate_no_team
FN:179,rotate_with_team
FN:201,rotate_category
FN:230,get_secret_no_team
FN:239,get_secret_with_team
FN:259,get_secret
FN:300,list_secrets_no_team
FN:310,list_secrets_with_team
FN:320,list_secrets
FN:352,list_versions_no_team
FN:361,list_versions_with_team
FN:381,list_versions
FN:413,delete_secret_no_team
FN:422,delete_secret_with_team
FN:442,delete_secret
FNF:21
FNDA:10,router
FNDA:10,api_routes
FNDA:0,health_check
FNDA:6,put_secret_no_team
FNDA:0,put_secret_with_team
FNDA:6,put_secret
FNDA:0,rotate_no_team
FNDA:0,rotate_with_team
FNDA:0,rotate_category
FNDA:4,get_secret_no_team
FNDA:0,get_secret_with_team
FNDA:4,get_secret
FNDA:0,list_secrets_no_team
FNDA:0,list_secrets_with_team
FNDA:0,list_secrets
FNDA:0,list_versions_no_team
FNDA:0,list_versions_with_team
FNDA:0,list_versions
FNDA:0,delete_secret_no_team
FNDA:0,delete_secret_with_team
FNDA:0,delete_secret
DA:26,10
DA:27,40
DA:28,20
DA:32,10
DA:33,30
DA:34,20
DA:35,20
DA:36,20
DA:39,10
DA:40,10
DA:43,10
DA:44,10
DA:45,10
DA:49,10
DA:51,30
DA:54,10
DA:55,10
DA:56,10
DA:60,10
DA:64,10
DA:68,10
DA:72,10
DA:76,0
DA:77,0
DA:80,6
DA:88,12
DA:89,12
DA:90,12
DA:91,12
DA:92,12
DA:93,12
DA:94,12
DA:95,12
DA:96,6
DA:98,6
DA:101,0
DA:109,0
DA:110,0
DA:111,0
DA:112,0
DA:113,0
DA:114,0
DA:115,0
DA:116,0
DA:117,0
DA:119,0
DA:123,6
DA:134,24
DA:135,6
DA:136,12
DA:137,12
DA:138,32
DA:139,24
DA:140,24
DA:141,28
DA:143,24
DA:144,8
DA:146,8
DA:147,12
DA:148,12
DA:149,4
DA:150,20
DA:151,4
DA:153,12
DA:154,6
DA:155,12
DA:158,0
DA:165,0
DA:167,0
DA:168,0
DA:169,0
DA:170,0
DA:171,0
DA:172,0
DA:173,0
DA:174,0
DA:176,0
DA:179,0
DA:186,0
DA:188,0
DA:189,0
DA:190,0
DA:191,0
DA:192,0
DA:193,0
DA:194,0
DA:195,0
DA:197,0
DA:201,0
DA:211,0
DA:212,0
DA:213,0
DA:214,0
DA:215,0
DA:216,0
DA:217,0
DA:218,0
DA:219,0
DA:220,0
DA:221,0
DA:222,0
DA:223,0
DA:225,0
DA:226,0
DA:227,0
DA:230,4
DA:236,36
DA:239,0
DA:246,0
DA:247,0
DA:248,0
DA:249,0
DA:250,0
DA:251,0
DA:252,0
DA:253,0
DA:255,0
DA:259,4
DA:269,16
DA:270,4
DA:271,8
DA:272,8
DA:273,20
DA:274,16
DA:275,24
DA:276,24
DA:278,8
DA:279,8
DA:280,0
DA:281,0
DA:282,0
DA:283,12
DA:286,4
DA:287,2
DA:288,2
DA:289,8
DA:290,2
DA:292,2
DA:295,8
DA:296,4
DA:297,10
DA:300,0
DA:307,0
DA:310,0
DA:317,0
DA:320,0
DA:329,0
DA:330,0
DA:331,0
DA:332,0
DA:333,0
DA:334,0
DA:335,0
DA:337,0
DA:338,0
DA:339,0
DA:340,0
DA:342,0
DA:345,0
DA:347,0
DA:348,0
DA:349,0
DA:352,0
DA:358,0
DA:361,0
DA:368,0
DA:369,0
DA:370,0
DA:371,0
DA:372,0
DA:373,0
DA:374,0
DA:375,0
DA:377,0
DA:381,0
DA:391,0
DA:392,0
DA:393,0
DA:394,0
DA:395,0
DA:396,0
DA:397,0
DA:399,0
DA:400,0
DA:401,0
DA:402,0
DA:404,0
DA:406,0
DA:408,0
DA:409,0
DA:410,0
DA:413,0
DA:419,0
DA:422,0
DA:429,0
DA:430,0
DA:431,0
DA:432,0
DA:433,0
DA:434,0
DA:435,0
DA:436,0
DA:438,0
DA:442,0
DA:452,0
DA:453,0
DA:454,0
DA:455,0
DA:456,0
DA:457,0
DA:458,0
DA:460,0
DA:461,0
DA:462,0
DA:463,0
DA:464,0
DA:465,0
DA:466,0
DA:470,0
DA:471,0
DA:472,0
LF:221
LH:76
end_of_record
TN:
SF:/Users/maarten/Documents/GitHub/agentic/greentic-secrets/greentic-secrets-broker/src/lib.rs
FN:29,run
FN:79,BrokerConfig::from_env
FN:92,build_state
FN:107,shutdown_signal
FNF:4
FNDA:0,run
FNDA:0,BrokerConfig::from_env
FNDA:18,build_state
FNDA:0,shutdown_signal
DA:29,0
DA:30,0
DA:32,0
DA:33,0
DA:35,0
DA:36,0
DA:37,0
DA:39,0
DA:40,0
DA:42,0
DA:43,0
DA:44,0
DA:45,0
DA:46,0
DA:47,0
DA:50,0
DA:51,0
DA:52,0
DA:53,0
DA:54,0
DA:55,0
DA:57,0
DA:58,0
DA:61,0
DA:62,0
DA:63,0
DA:64,0
DA:66,0
DA:69,0
DA:79,0
DA:80,0
DA:81,0
DA:82,0
DA:84,0
DA:92,18
DA:93,12
DA:94,12
DA:96,6
DA:97,6
DA:98,6
DA:100,24
DA:101,12
DA:102,24
DA:103,6
DA:107,0
DA:108,0
DA:109,0
DA:110,0
DA:115,0
DA:117,0
DA:118,0
DA:119,0
DA:121,0
DA:128,0
DA:129,0
DA:130,0
LF:56
LH:10
end_of_record
TN:
SF:/Users/maarten/Documents/GitHub/agentic/greentic-secrets/greentic-secrets-broker/src/main.rs
FN:2,main
FNF:1
FNDA:0,main
DA:2,0
DA:3,0
LF:2
LH:0
end_of_record
TN:
SF:/Users/maarten/Documents/GitHub/agentic/greentic-secrets/greentic-secrets-broker/src/models.rs
FN:37,PutSecretRequest::into_bytes
FN:65,SecretResponse::from_meta
FN:94,<impl From for ListItem>::from
FN:116,<impl From for VersionInfo>::from
FN:193,encode_value
FNF:5
FNDA:4,PutSecretRequest::into_bytes
FNDA:8,SecretResponse::from_meta
FNDA:2,<impl From for ListItem>::from
FNDA:0,<impl From for VersionInfo>::from
FNDA:8,encode_value
DA:37,4
DA:38,8
DA:39,8
DA:40,8
DA:41,8
DA:42,8
DA:43,8
DA:44,0
DA:45,0
DA:46,0
DA:48,16
DA:65,8
DA:66,32
DA:68,24
DA:70,16
DA:71,16
DA:74,8
DA:94,2
DA:96,6
DA:97,4
DA:98,2
DA:99,2
DA:116,0
DA:118,0
DA:119,0
DA:193,8
DA:194,8
DA:195,16
DA:196,16
DA:197,0
DA:200,0
LF:31
LH:23
end_of_record
TN:
SF:/Users/maarten/Documents/GitHub/agentic/greentic-secrets/greentic-secrets-broker/src/nats.rs
FN:23,run
FN:61,spawn_handler
FN:97,handle_put
FN:121,handle_get
FN:145,handle_list
FN:172,handle_delete
FN:199,handle_rotate
FN:228,extract_correlation
FN:237,extract_category
FN:247,send_bad_subject
FN:269,respond
FN:287,respond_error
FN:319,<impl TryFrom for SubjectParts>::try_from
FN:338,parse_subject
FN:342,parse_put_command
FN:351,parse_get_command
FN:360,parse_list_command
FN:369,parse_delete_command
FN:378,parse_rotate_command
FN:387,scope_from_subject
FN:391,process_put
FN:409,process_get
FN:435,process_list
FN:453,process_delete
FN:469,process_rotate
FN:482,marshal_response
FN:497,token_from_headers
FN:509,execute_put
FN:527,execute_get
FN:545,execute_list
FN:563,execute_delete
FN:581,serialize_payload_with_correlation
FNF:32
FNDA:0,run
FNDA:0,spawn_handler
FNDA:0,handle_put
FNDA:0,handle_get
FNDA:0,handle_list
FNDA:0,handle_delete
FNDA:0,handle_rotate
FNDA:0,extract_correlation
FNDA:0,extract_category
FNDA:0,send_bad_subject
FNDA:0,respond
FNDA:0,respond_error
FNDA:6,<impl TryFrom for SubjectParts>::try_from
FNDA:6,parse_subject
FNDA:0,parse_put_command
FNDA:2,parse_get_command
FNDA:2,parse_list_command
FNDA:2,parse_delete_command
FNDA:0,parse_rotate_command
FNDA:6,scope_from_subject
FNDA:0,process_put
FNDA:2,process_get
FNDA:2,process_list
FNDA:2,process_delete
FNDA:0,process_rotate
FNDA:2,marshal_response
FNDA:0,token_from_headers
FNDA:0,execute_put
FNDA:2,execute_get
FNDA:2,execute_list
FNDA:2,execute_delete
FNDA:1,serialize_payload_with_correlation
DA:23,0
DA:24,0
DA:26,0
DA:27,0
DA:28,0
DA:29,0
DA:30,0
DA:32,0
DA:33,0
DA:34,0
DA:35,0
DA:36,0
DA:38,0
DA:39,0
DA:40,0
DA:42,0
DA:43,0
DA:45,0
DA:46,0
DA:47,0
DA:49,0
DA:52,0
DA:53,0
DA:61,0
DA:68,0
DA:69,0
DA:70,0
DA:71,0
DA:72,0
DA:73,0
DA:74,0
DA:75,0
DA:76,0
DA:77,0
DA:81,0
DA:82,0
DA:83,0
DA:84,0
DA:85,0
DA:86,0
DA:87,0
DA:89,0
DA:90,0
DA:93,0
DA:97,0
DA:104,0
DA:105,0
DA:106,0
DA:107,0
DA:108,0
DA:109,0
DA:110,0
DA:111,0
DA:112,0
DA:113,0
DA:114,0
DA:115,0
DA:116,0
DA:117,0
DA:121,0
DA:128,0
DA:129,0
DA:130,0
DA:131,0
DA:132,0
DA:133,0
DA:134,0
DA:135,0
DA:136,0
DA:137,0
DA:138,0
DA:139,0
DA:140,0
DA:141,0
DA:145,0
DA:152,0
DA:153,0
DA:154,0
DA:155,0
DA:156,0
DA:157,0
DA:158,0
DA:159,0
DA:160,0
DA:161,0
DA:162,0
DA:163,0
DA:164,0
DA:165,0
DA:167,0
DA:168,0
DA:172,0
DA:179,0
DA:180,0
DA:181,0
DA:182,0
DA:183,0
DA:184,0
DA:185,0
DA:186,0
DA:187,0
DA:188,0
DA:189,0
DA:190,0
DA:191,0
DA:192,0
DA:194,0
DA:195,0
DA:199,0
DA:206,0
DA:207,0
DA:208,0
DA:209,0
DA:210,0
DA:211,0
DA:212,0
DA:213,0
DA:214,0
DA:215,0
DA:216,0
DA:217,0
DA:218,0
DA:219,0
DA:221,0
DA:222,0
DA:223,0
DA:224,0
DA:228,0
DA:229,0
DA:230,0
DA:231,0
DA:234,0
DA:237,0
DA:238,0
DA:239,0
DA:240,0
DA:241,0
DA:244,0
DA:247,0
DA:253,0
DA:254,0
DA:255,0
DA:256,0
DA:257,0
DA:259,0
DA:260,0
DA:261,0
DA:262,0
DA:263,0
DA:264,0
DA:266,0
DA:269,0
DA:275,0
DA:276,0
DA:277,0
DA:278,0
DA:279,0
DA:280,0
DA:281,0
DA:282,0
DA:284,0
DA:287,0
DA:293,0
DA:295,0
DA:296,0
DA:297,0
DA:299,0
DA:300,0
DA:301,0
DA:302,0
DA:303,0
DA:304,0
DA:306,0
DA:319,6
DA:320,30
DA:321,6
DA:322,0
DA:324,12
DA:325,0
DA:328,12
DA:329,12
DA:330,6
DA:331,12
DA:332,0
DA:338,6
DA:339,18
DA:342,0
DA:343,0
DA:344,0
DA:345,0
DA:346,0
DA:351,2
DA:352,6
DA:353,0
DA:354,0
DA:355,0
DA:360,2
DA:361,6
DA:362,0
DA:363,0
DA:364,0
DA:369,2
DA:370,6
DA:371,0
DA:372,0
DA:373,0
DA:378,0
DA:379,0
DA:380,0
DA:381,0
DA:382,0
DA:387,6
DA:388,30
DA:391,0
DA:396,0
DA:397,0
DA:398,0
DA:399,0
DA:400,0
DA:402,0
DA:403,0
DA:404,0
DA:405,0
DA:406,0
DA:409,2
DA:414,6
DA:415,12
DA:417,4
DA:418,4
DA:419,0
DA:420,0
DA:421,0
DA:422,6
DA:425,2
DA:426,6
DA:427,4
DA:428,2
DA:429,2
DA:431,0
DA:435,2
DA:440,6
DA:441,8
DA:443,4
DA:444,6
DA:445,6
DA:446,2
DA:448,2
DA:450,2
DA:453,2
DA:458,6
DA:459,10
DA:461,4
DA:462,8
DA:463,2
DA:464,2
DA:465,2
DA:469,0
DA:477,0
DA:478,0
DA:479,0
DA:482,2
DA:486,6
DA:487,2
DA:488,6
DA:489,6
DA:490,6
DA:491,2
DA:494,6
DA:497,0
DA:498,0
DA:499,0
DA:501,0
DA:502,0
DA:503,0
DA:504,0
DA:509,0
DA:514,0
DA:515,0
DA:516,0
DA:517,0
DA:518,0
DA:519,0
DA:520,0
DA:521,0
DA:522,0
DA:523,0
DA:524,0
DA:527,2
DA:532,3
DA:533,3
DA:534,3
DA:535,3
DA:536,2
DA:537,3
DA:538,1
DA:539,2
DA:540,2
DA:541,5
DA:542,4
DA:545,2
DA:550,3
DA:551,3
DA:552,3
DA:553,3
DA:554,2
DA:555,3
DA:556,1
DA:557,2
DA:558,2
DA:559,5
DA:560,4
DA:563,2
DA:568,3
DA:569,3
DA:570,3
DA:571,3
DA:572,2
DA:573,3
DA:574,1
DA:575,2
DA:576,2
DA:577,5
DA:578,4
DA:581,1
DA:585,3
LF:325
LH:92
end_of_record
TN:
SF:/Users/maarten/Documents/GitHub/agentic/greentic-secrets/greentic-secrets-broker/src/path.rs
FN:4,build_scope
FN:13,build_uri
FN:17,split_name_version
FN:33,split_prefix
FNF:4
FNDA:14,build_scope
FNDA:12,build_uri
FNDA:4,split_name_version
FNDA:2,split_prefix
DA:4,14
DA:5,42
DA:6,0
DA:7,0
DA:8,0
DA:10,98
DA:13,12
DA:14,84
DA:17,4
DA:18,4
DA:19,0
DA:20,0
DA:21,0
DA:24,0
DA:26,0
DA:27,0
DA:29,8
DA:33,2
DA:34,8
DA:35,6
DA:36,12
DA:37,8
DA:38,2
LF:23
LH:14
end_of_record
TN:
SF:/Users/maarten/Documents/GitHub/agentic/greentic-secrets/greentic-secrets-broker/src/rotate.rs
FN:16,execute_rotation
FN:94,rotate_secret
FNF:2
FNDA:4,execute_rotation
FNDA:4,rotate_secret
DA:16,4
DA:23,8
DA:24,12
DA:25,12
DA:26,4
DA:28,4
DA:33,0
DA:34,0
DA:35,0
DA:37,0
DA:38,0
DA:41,8
DA:42,8
DA:44,12
DA:45,4
DA:46,0
DA:48,16
DA:49,2
DA:50,2
DA:52,4
DA:57,0
DA:58,0
DA:59,0
DA:62,0
DA:63,0
DA:67,4
DA:72,0
DA:73,0
DA:74,0
DA:78,0
DA:81,4
DA:82,8
DA:83,12
DA:84,4
DA:85,4
DA:94,4
DA:99,16
DA:100,20
DA:101,8
DA:102,0
DA:105,4
DA:106,4
DA:108,8
DA:109,8
DA:112,2
DA:115,6
DA:116,2
DA:121,6
DA:122,8
DA:123,6
DA:125,10
DA:126,0
DA:127,0
DA:133,0
DA:135,0
DA:138,2
LF:56
LH:36
end_of_record
TN:
SF:/Users/maarten/Documents/GitHub/agentic/greentic-secrets/greentic-secrets-broker/src/state.rs
FN:19,AppState::new
FNF:1
FNDA:12,AppState::new
DA:19,12
LF:1
LH:1
end_of_record
TN:
SF:/Users/maarten/Documents/GitHub/agentic/greentic-secrets/greentic-secrets-broker/src/telemetry.rs
FN:15,init
FN:35,correlation_header_value
FN:39,correlation_layer
FN:70,request_span
FNF:4
FNDA:0,init
FNDA:32,correlation_header_value
FNDA:28,correlation_layer
FNDA:10,request_span
DA:15,0
DA:16,0
DA:18,0
DA:20,0
DA:21,0
DA:23,0
DA:24,0
DA:25,0
DA:26,0
DA:27,0
DA:32,0
DA:35,32
DA:36,128
DA:39,28
DA:40,28
DA:42,14
DA:43,20
DA:44,18
DA:45,38
DA:47,14
DA:48,28
DA:49,28
DA:51,28
DA:54,28
DA:56,28
DA:57,28
DA:60,42
DA:62,56
DA:63,28
DA:65,28
DA:67,14
DA:70,10
DA:71,10
LF:33
LH:22
end_of_record
TN:
SF:/Users/maarten/Documents/GitHub/agentic/greentic-secrets/greentic-secrets-broker/src/wit.rs
FN:7,world
FNF:1
FNDA:0,world
DA:7,0
DA:8,0
LF:2
LH:0
end_of_record
TN:
SF:/Users/maarten/Documents/GitHub/agentic/greentic-secrets/greentic-secrets-broker/tests/broker_e2e.rs
FN:14,setup_dev_backend_env
FNF:1
FNDA:1,setup_dev_backend_env
DA:14,1
DA:15,4
DA:16,3
DA:17,2
DA:18,1
LF:5
LH:5
end_of_record
TN:
SF:/Users/maarten/Documents/GitHub/agentic/greentic-secrets/greentic-secrets-broker/tests/http_auth.rs
FN:12,setup_dev_backend_env
FN:19,bootstrap_state
FNF:2
FNDA:4,setup_dev_backend_env
FNDA:4,bootstrap_state
DA:12,4
DA:13,16
DA:14,12
DA:15,8
DA:16,4
DA:19,4
DA:25,8
DA:26,8
DA:27,16
DA:28,16
DA:29,12
LF:11
LH:11
end_of_record
TN:
SF:/Users/maarten/Documents/GitHub/agentic/greentic-secrets/greentic-secrets-broker/tests/rotation.rs
FN:9,setup_dev_backend_env
FNF:1
FNDA:1,setup_dev_backend_env
DA:9,1
DA:10,4
DA:11,3
DA:12,2
DA:13,1
LF:5
LH:5
end_of_record
TN:
SF:/Users/maarten/Documents/GitHub/agentic/greentic-secrets/greentic-secrets-broker/tests/support/auth.rs
FN:19,TestAuth::configured
FN:48,TestAuth::token
FN:53,TestAuth::expired_token
FN:57,TestAuth::token_with_ttl
FN:130,public_spki
FN:140,encode_pem
FNF:6
FNDA:6,TestAuth::configured
FNDA:3,TestAuth::token
FNDA:1,TestAuth::expired_token
FNDA:4,TestAuth::token_with_ttl
FNDA:4,public_spki
FNDA:10,encode_pem
DA:19,6
DA:20,12
DA:21,30
DA:22,30
DA:24,18
DA:25,18
DA:27,18
DA:28,24
DA:29,12
DA:30,12
DA:31,12
DA:32,6
DA:33,6
DA:34,6
DA:36,24
DA:37,30
DA:48,3
DA:49,18
DA:53,1
DA:54,6
DA:57,4
DA:65,8
DA:66,4
DA:67,4
DA:68,4
DA:69,16
DA:71,8
DA:73,12
DA:77,8
DA:78,8
DA:82,4
DA:86,20
DA:89,8
DA:90,20
DA:91,20
DA:92,20
DA:93,12
DA:94,8
DA:95,12
DA:97,8
DA:98,12
DA:101,12
DA:102,12
DA:103,12
DA:104,12
DA:105,16
DA:107,4
DA:108,12
DA:109,4
DA:113,4
DA:130,4
DA:134,20
DA:135,12
DA:136,12
DA:137,4
DA:140,10
DA:141,40
DA:142,20
DA:143,52
DA:144,96
DA:145,16
DA:147,20
LF:62
LH:62
end_of_record
TN:
SF:/Users/maarten/Documents/GitHub/agentic/greentic-secrets/greentic-secrets-core/src/backend/aws.rs
FN:14,AwsSecretsManagerBackend::new
FN:18,AwsSecretsManagerBackend::secret_id
FN:34,<impl SecretsBackend for AwsSecretsManagerBackend>::put
FN:40,<impl SecretsBackend for AwsSecretsManagerBackend>::get
FN:44,<impl SecretsBackend for AwsSecretsManagerBackend>::list
FN:53,<impl SecretsBackend for AwsSecretsManagerBackend>::delete
FN:59,<impl SecretsBackend for AwsSecretsManagerBackend>::versions
FN:63,<impl SecretsBackend for AwsSecretsManagerBackend>::exists
FN:68,sanitize
FNF:9
FNDA:1,AwsSecretsManagerBackend::new
FNDA:1,AwsSecretsManagerBackend::secret_id
FNDA:0,<impl SecretsBackend for AwsSecretsManagerBackend>::put
FNDA:0,<impl SecretsBackend for AwsSecretsManagerBackend>::get
FNDA:0,<impl SecretsBackend for AwsSecretsManagerBackend>::list
FNDA:0,<impl SecretsBackend for AwsSecretsManagerBackend>::delete
FNDA:0,<impl SecretsBackend for AwsSecretsManagerBackend>::versions
FNDA:0,<impl SecretsBackend for AwsSecretsManagerBackend>::exists
FNDA:5,sanitize
DA:14,1
DA:15,1
DA:18,1
DA:19,1
DA:21,2
DA:22,2
DA:23,1
DA:24,1
DA:25,1
DA:26,1
DA:27,2
DA:28,2
DA:34,0
DA:35,0
DA:36,0
DA:40,0
DA:41,0
DA:44,0
DA:50,0
DA:53,0
DA:54,0
DA:55,0
DA:59,0
DA:60,0
DA:63,0
DA:64,0
DA:68,5
DA:69,5
DA:71,37
DA:72,64
DA:73,0
DA:74,0
LF:32
LH:16
end_of_record
TN:
SF:/Users/maarten/Documents/GitHub/agentic/greentic-secrets/greentic-secrets-core/src/backend/azure.rs
FN:12,AzureKeyVaultBackend::new
FN:18,<impl SecretsBackend for AzureKeyVaultBackend>::put
FN:24,<impl SecretsBackend for AzureKeyVaultBackend>::get
FN:28,<impl SecretsBackend for AzureKeyVaultBackend>::list
FN:37,<impl SecretsBackend for AzureKeyVaultBackend>::delete
FN:43,<impl SecretsBackend for AzureKeyVaultBackend>::versions
FN:47,<impl SecretsBackend for AzureKeyVaultBackend>::exists
FNF:7
FNDA:0,AzureKeyVaultBackend::new
FNDA:0,<impl SecretsBackend for AzureKeyVaultBackend>::put
FNDA:0,<impl SecretsBackend for AzureKeyVaultBackend>::get
FNDA:0,<impl SecretsBackend for AzureKeyVaultBackend>::list
FNDA:0,<impl SecretsBackend for AzureKeyVaultBackend>::delete
FNDA:0,<impl SecretsBackend for AzureKeyVaultBackend>::versions
FNDA:0,<impl SecretsBackend for AzureKeyVaultBackend>::exists
DA:12,0
DA:13,0
DA:18,0
DA:19,0
DA:20,0
DA:24,0
DA:25,0
DA:28,0
DA:34,0
DA:37,0
DA:38,0
DA:39,0
DA:43,0
DA:44,0
DA:47,0
DA:48,0
LF:16
LH:0
end_of_record
TN:
SF:/Users/maarten/Documents/GitHub/agentic/greentic-secrets/greentic-secrets-core/src/backend/env.rs
FN:12,EnvBackend::new
FN:16,EnvBackend::var_name
FN:30,EnvBackend::load_record
FN:45,<impl SecretsBackend for EnvBackend>::put
FN:49,<impl SecretsBackend for EnvBackend>::get
FN:63,<impl SecretsBackend for EnvBackend>::list
FN:74,<impl SecretsBackend for EnvBackend>::delete
FN:78,<impl SecretsBackend for EnvBackend>::versions
FN:82,<impl SecretsBackend for EnvBackend>::exists
FN:87,sanitize_segment
FNF:10
FNDA:5,EnvBackend::new
FNDA:6,EnvBackend::var_name
FNDA:5,EnvBackend::load_record
FNDA:0,<impl SecretsBackend for EnvBackend>::put
FNDA:5,<impl SecretsBackend for EnvBackend>::get
FNDA:0,<impl SecretsBackend for EnvBackend>::list
FNDA:0,<impl SecretsBackend for EnvBackend>::delete
FNDA:0,<impl SecretsBackend for EnvBackend>::versions
FNDA:0,<impl SecretsBackend for EnvBackend>::exists
FNDA:27,sanitize_segment
DA:12,5
DA:13,5
DA:16,6
DA:17,6
DA:19,12
DA:20,12
DA:21,6
DA:22,6
DA:23,6
DA:24,12
DA:25,12
DA:26,12
DA:30,5
DA:31,15
DA:32,10
DA:33,4
DA:34,16
DA:35,4
DA:36,4
DA:38,1
DA:39,0
DA:45,0
DA:46,0
DA:49,5
DA:50,10
DA:51,0
DA:53,15
DA:54,8
DA:55,4
DA:56,4
DA:57,4
DA:59,1
DA:63,0
DA:69,0
DA:70,0
DA:74,0
DA:75,0
DA:78,0
DA:79,0
DA:82,0
DA:83,0
DA:87,27
DA:88,27
DA:90,169
DA:91,426
DA:92,0
LF:46
LH:32
end_of_record
TN:
SF:/Users/maarten/Documents/GitHub/agentic/greentic-secrets/greentic-secrets-core/src/backend/file.rs
FN:17,FileBackend::new
FN:21,FileBackend::path_for_uri
FN:35,FileBackend::read_record
FN:53,FileBackend::write_record
FN:66,FileBackend::delete_record
FN:82,FileBackend::base_dir
FN:96,<impl SecretsBackend for FileBackend>::put
FN:104,<impl SecretsBackend for FileBackend>::get
FN:119,<impl SecretsBackend for FileBackend>::list
FN:163,<impl SecretsBackend for FileBackend>::delete
FN:171,<impl SecretsBackend for FileBackend>::versions
FN:178,<impl SecretsBackend for FileBackend>::exists
FN:183,normalise_segment
FN:193,read_dir_filtered
FNF:14
FNDA:3,FileBackend::new
FNDA:9,FileBackend::path_for_uri
FNDA:5,FileBackend::read_record
FNDA:4,FileBackend::write_record
FNDA:0,FileBackend::delete_record
FNDA:4,FileBackend::base_dir
FNDA:3,<impl SecretsBackend for FileBackend>::put
FNDA:5,<impl SecretsBackend for FileBackend>::get
FNDA:4,<impl SecretsBackend for FileBackend>::list
FNDA:0,<impl SecretsBackend for FileBackend>::delete
FNDA:0,<impl SecretsBackend for FileBackend>::versions
FNDA:0,<impl SecretsBackend for FileBackend>::exists
FNDA:47,normalise_segment
FNDA:8,read_dir_filtered
DA:17,3
DA:18,3
DA:21,9
DA:22,27
DA:23,36
DA:24,27
DA:26,9
DA:27,9
DA:28,9
DA:29,23
DA:31,27
DA:32,27
DA:35,5
DA:36,20
DA:37,5
DA:38,4
DA:39,16
DA:40,4
DA:41,4
DA:43,1
DA:44,1
DA:45,1
DA:47,0
DA:53,4
DA:54,16
DA:55,8
DA:56,12
DA:58,16
DA:59,4
DA:60,12
DA:61,12
DA:62,12
DA:63,4
DA:66,0
DA:67,0
DA:68,0
DA:69,0
DA:70,0
DA:71,0
DA:72,0
DA:73,0
DA:76,0
DA:82,4
DA:83,12
DA:84,16
DA:85,12
DA:87,4
DA:88,4
DA:89,4
DA:90,10
DA:96,3
DA:97,9
DA:98,3
DA:99,3
DA:100,3
DA:104,5
DA:105,10
DA:107,0
DA:109,15
DA:110,8
DA:111,4
DA:112,4
DA:113,4
DA:115,1
DA:119,4
DA:125,16
DA:126,4
DA:127,0
DA:130,8
DA:131,12
DA:132,8
DA:133,8
DA:134,8
DA:135,8
DA:136,0
DA:140,12
DA:141,8
DA:142,8
DA:143,5
DA:144,2
DA:145,0
DA:149,4
DA:150,12
DA:151,16
DA:152,4
DA:153,12
DA:154,4
DA:155,4
DA:160,4
DA:163,0
DA:164,0
DA:165,0
DA:166,0
DA:167,0
DA:171,0
DA:172,0
DA:173,0
DA:174,0
DA:178,0
DA:179,0
DA:183,47
DA:184,47
DA:186,287
DA:187,480
DA:188,0
DA:193,8
DA:194,16
DA:195,32
DA:196,24
DA:197,16
DA:199,8
DA:200,32
DA:201,32
DA:202,32
DA:205,8
LF:115
LH:89
end_of_record
TN:
SF:/Users/maarten/Documents/GitHub/agentic/greentic-secrets/greentic-secrets-core/src/backend/gcp.rs
FN:12,GcpSecretsManagerBackend::new
FN:18,<impl SecretsBackend for GcpSecretsManagerBackend>::put
FN:24,<impl SecretsBackend for GcpSecretsManagerBackend>::get
FN:28,<impl SecretsBackend for GcpSecretsManagerBackend>::list
FN:37,<impl SecretsBackend for GcpSecretsManagerBackend>::delete
FN:43,<impl SecretsBackend for GcpSecretsManagerBackend>::versions
FN:47,<impl SecretsBackend for GcpSecretsManagerBackend>::exists
FNF:7
FNDA:0,GcpSecretsManagerBackend::new
FNDA:0,<impl SecretsBackend for GcpSecretsManagerBackend>::put
FNDA:0,<impl SecretsBackend for GcpSecretsManagerBackend>::get
FNDA:0,<impl SecretsBackend for GcpSecretsManagerBackend>::list
FNDA:0,<impl SecretsBackend for GcpSecretsManagerBackend>::delete
FNDA:0,<impl SecretsBackend for GcpSecretsManagerBackend>::versions
FNDA:0,<impl SecretsBackend for GcpSecretsManagerBackend>::exists
DA:12,0
DA:13,0
DA:18,0
DA:19,0
DA:20,0
DA:24,0
DA:25,0
DA:28,0
DA:34,0
DA:37,0
DA:38,0
DA:39,0
DA:43,0
DA:44,0
DA:47,0
DA:48,0
LF:16
LH:0
end_of_record
TN:
SF:/Users/maarten/Documents/GitHub/agentic/greentic-secrets/greentic-secrets-core/src/backend/k8s.rs
FN:23,K8sBackend::new
FN:27,K8sBackend::namespace_for
FN:40,K8sBackend::secret_name_for
FN:46,<impl SecretsBackend for K8sBackend>::put
FN:52,<impl SecretsBackend for K8sBackend>::get
FN:56,<impl SecretsBackend for K8sBackend>::list
FN:65,<impl SecretsBackend for K8sBackend>::delete
FN:71,<impl SecretsBackend for K8sBackend>::versions
FN:75,<impl SecretsBackend for K8sBackend>::exists
FN:80,sanitize
FNF:10
FNDA:0,K8sBackend::new
FNDA:2,K8sBackend::namespace_for
FNDA:1,K8sBackend::secret_name_for
FNDA:0,<impl SecretsBackend for K8sBackend>::put
FNDA:0,<impl SecretsBackend for K8sBackend>::get
FNDA:0,<impl SecretsBackend for K8sBackend>::list
FNDA:0,<impl SecretsBackend for K8sBackend>::delete
FNDA:0,<impl SecretsBackend for K8sBackend>::versions
FNDA:0,<impl SecretsBackend for K8sBackend>::exists
FNDA:7,sanitize
DA:23,0
DA:24,0
DA:27,2
DA:28,4
DA:30,4
DA:31,4
DA:33,4
DA:34,3
DA:35,3
DA:37,2
DA:40,1
DA:41,6
DA:46,0
DA:47,0
DA:48,0
DA:52,0
DA:53,0
DA:56,0
DA:62,0
DA:65,0
DA:66,0
DA:67,0
DA:71,0
DA:72,0
DA:75,0
DA:76,0
DA:80,7
DA:81,7
DA:83,49
DA:84,84
DA:85,0
DA:86,0
DA:87,0
LF:33
LH:14
end_of_record
TN:
SF:/Users/maarten/Documents/GitHub/agentic/greentic-secrets/greentic-secrets-core/src/backend.rs
FNF:0
DA:54,0
DA:55,0
DA:57,0
DA:58,0
DA:66,0
DA:68,0
DA:69,0
DA:71,0
DA:72,0
DA:74,0
DA:75,0
DA:83,0
DA:84,0
DA:86,0
DA:87,0
DA:95,0
DA:97,0
DA:98,0
DA:100,0
DA:101,0
DA:103,0
DA:104,0
LF:22
LH:0
end_of_record
TN:
SF:/Users/maarten/Documents/GitHub/agentic/greentic-secrets/greentic-secrets-core/src/broker.rs
FN:18,BrokerSecret::content_type
FN:39,SecretsBroker<B,P>::new
FN:44,SecretsBroker<B,P>::put_secret
FN:50,SecretsBroker<B,P>::get_secret
FN:55,SecretsBroker<B,P>::get_secret_version
FN:87,SecretsBroker<B,P>::list_secrets
FN:97,SecretsBroker<B,P>::delete_secret
FN:102,SecretsBroker<B,P>::versions
FN:107,SecretsBroker<B,P>::exists
FN:112,SecretsBroker<B,P>::backend
FN:117,SecretsBroker<B,P>::crypto
FN:122,SecretsBroker<B,P>::crypto_mut
FNF:12
FNDA:0,BrokerSecret::content_type
FNDA:20,SecretsBroker<B,P>::new
FNDA:20,SecretsBroker<B,P>::put_secret
FNDA:49,SecretsBroker<B,P>::get_secret
FNDA:49,SecretsBroker<B,P>::get_secret_version
FNDA:6,SecretsBroker<B,P>::list_secrets
FNDA:2,SecretsBroker<B,P>::delete_secret
FNDA:0,SecretsBroker<B,P>::versions
FNDA:0,SecretsBroker<B,P>::exists
FNDA:0,SecretsBroker<B,P>::backend
FNDA:0,SecretsBroker<B,P>::crypto
FNDA:0,SecretsBroker<B,P>::crypto_mut
DA:18,0
DA:19,0
DA:39,20
DA:44,20
DA:45,100
DA:46,60
DA:50,49
DA:51,196
DA:55,49
DA:60,98
DA:61,49
DA:62,147
DA:63,49
DA:65,92
DA:66,6
DA:69,43
DA:70,0
DA:73,86
DA:74,86
DA:75,0
DA:78,172
DA:79,43
DA:80,86
DA:81,86
DA:82,43
DA:87,6
DA:93,30
DA:97,2
DA:98,6
DA:102,0
DA:103,0
DA:107,0
DA:108,0
DA:112,0
DA:113,0
DA:117,0
DA:118,0
DA:122,0
DA:123,0
LF:39
LH:25
end_of_record
TN:
SF:/Users/maarten/Documents/GitHub/agentic/greentic-secrets/greentic-secrets-core/src/crypto/dek_cache.rs
FN:27,CacheKey::new
FN:36,CacheKey::from_meta
FN:56,DekCache::new
FN:65,DekCache::from_env
FN:75,DekCache::ttl
FN:80,DekCache::get
FN:85,DekCache::insert
FN:90,DekCache::get_at
FN:95,DekCache::insert_at
FN:105,DekCache::insert_with_now
FN:114,DekCache::get_with_now
FN:122,DekCache::purge_expired
FNF:12
FNDA:90,CacheKey::new
FNDA:90,CacheKey::from_meta
FNDA:51,DekCache::new
FNDA:45,DekCache::from_env
FNDA:0,DekCache::ttl
FNDA:90,DekCache::get
FNDA:36,DekCache::insert
FNDA:2,DekCache::get_at
FNDA:1,DekCache::insert_at
FNDA:37,DekCache::insert_with_now
FNDA:92,DekCache::get_with_now
FNDA:92,DekCache::purge_expired
DA:27,90
DA:29,270
DA:30,270
DA:31,360
DA:32,90
DA:36,90
DA:37,270
DA:56,51
DA:57,255
DA:60,51
DA:65,45
DA:66,90
DA:68,45
DA:69,45
DA:70,90
DA:71,90
DA:75,0
DA:76,0
DA:80,90
DA:81,360
DA:85,36
DA:86,216
DA:90,2
DA:91,8
DA:95,1
DA:102,6
DA:105,37
DA:109,37
DA:111,148
DA:114,92
DA:115,276
DA:116,368
DA:117,110
DA:118,110
DA:122,92
DA:123,276
DA:124,92
DA:126,148
DA:127,56
DA:128,1
DA:130,55
DA:135,95
DA:136,2
LF:43
LH:41
end_of_record
TN:
SF:/Users/maarten/Documents/GitHub/agentic/greentic-secrets/greentic-secrets-core/src/crypto/envelope.rs
FN:36,EnvelopeService<P>::new
FN:45,EnvelopeService<P>::from_env
FN:57,EnvelopeService<P>::algorithm
FN:62,EnvelopeService<P>::cache
FN:67,EnvelopeService<P>::cache_mut
FN:72,EnvelopeService<P>::encrypt_record
FN:93,EnvelopeService<P>::obtain_dek
FN:106,EnvelopeService<P>::decrypt_record
FN:141,encrypt_with_algorithm
FN:181,decrypt_with_algorithm
FN:221,derive_key
FN:229,generate_dek
FN:233,random_bytes
FNF:13
FNDA:24,EnvelopeService<P>::new
FNDA:0,EnvelopeService<P>::from_env
FNDA:0,EnvelopeService<P>::algorithm
FNDA:0,EnvelopeService<P>::cache
FNDA:0,EnvelopeService<P>::cache_mut
FNDA:25,EnvelopeService<P>::encrypt_record
FNDA:25,EnvelopeService<P>::obtain_dek
FNDA:45,EnvelopeService<P>::decrypt_record
FNDA:43,encrypt_with_algorithm
FNDA:45,decrypt_with_algorithm
FNDA:88,derive_key
FNDA:35,generate_dek
FNDA:78,random_bytes
DA:36,24
DA:45,0
DA:46,0
DA:48,0
DA:49,0
DA:53,0
DA:57,0
DA:58,0
DA:62,0
DA:63,0
DA:67,0
DA:68,0
DA:72,25
DA:73,75
DA:74,75
DA:75,75
DA:77,150
DA:79,50
DA:80,125
DA:81,150
DA:84,50
DA:87,25
DA:90,75
DA:93,25
DA:94,55
DA:95,5
DA:98,40
DA:99,100
DA:100,20
DA:101,140
DA:102,20
DA:106,45
DA:107,135
DA:108,135
DA:109,90
DA:110,135
DA:112,135
DA:113,90
DA:114,0
DA:115,0
DA:116,0
DA:117,0
DA:118,0
DA:120,0
DA:121,0
DA:123,0
DA:124,0
DA:125,0
DA:126,0
DA:128,0
DA:132,225
DA:133,45
DA:134,44
DA:135,226
DA:137,44
DA:141,43
DA:146,43
DA:148,215
DA:149,86
DA:150,86
DA:151,43
DA:152,129
DA:153,86
DA:154,0
DA:156,172
DA:157,129
DA:162,0
DA:163,0
DA:164,0
DA:165,0
DA:166,0
DA:167,0
DA:168,0
DA:169,0
DA:181,45
DA:187,45
DA:189,225
DA:190,135
DA:191,135
DA:192,180
DA:193,135
DA:194,88
DA:195,3
DA:196,1
DA:198,0
DA:204,0
DA:205,0
DA:206,0
DA:207,0
DA:208,0
DA:209,0
DA:221,88
DA:222,352
DA:223,176
DA:224,352
DA:225,88
DA:226,88
DA:229,35
DA:230,35
DA:233,78
DA:234,234
DA:235,156
DA:236,234
DA:237,78
LF:104
LH:65
end_of_record
TN:
SF:/Users/maarten/Documents/GitHub/agentic/greentic-secrets/greentic-secrets-core/src/embedded.rs
FN:45,SecretsError::not_found
FN:62,Policy::should_include
FN:92,BackendRegistration::new
FN:104,BackendRegistration::memory
FN:129,CoreBuilder::from_env
FN:168,CoreBuilder::tenant
FN:174,CoreBuilder::team
FN:180,CoreBuilder::default_ttl
FN:186,CoreBuilder::nats_url
FN:192,CoreBuilder::cache_capacity
FN:198,CoreBuilder::backend
FN:207,CoreBuilder::backend_named
FN:223,CoreBuilder::with_backend
FN:231,CoreBuilder::clear_backends
FN:240,CoreBuilder::auto_detect_backends
FN:309,CoreBuilder::policy
FN:315,CoreBuilder::build
FN:380,SecretsCore::builder
FN:386,SecretsCore::config
FN:391,SecretsCore::get_bytes
FN:405,SecretsCore::get_text
FN:411,SecretsCore::get_json
FN:417,SecretsCore::put_json
FN:445,SecretsCore::delete
FN:457,SecretsCore::list
FN:475,SecretsCore::parse_uri
FN:479,SecretsCore::cached_value
FN:491,SecretsCore::fetch_secret
FN:496,SecretsCore::store_cache
FN:509,SecretsCore::purge_cache
FN:523,purge_patterns
FN:530,purge_pattern
FN:546,spawn_invalidation_listener
FN:581,MemoryBackend::new
FN:594,MemoryVersion::live
FN:602,MemoryVersion::tombstone
FN:610,MemoryVersion::as_version
FN:617,MemoryVersion::as_versioned
FN:627,<impl SecretsBackend for MemoryBackend>::put
FN:639,<impl SecretsBackend for MemoryBackend>::get
FN:660,<impl SecretsBackend for MemoryBackend>::list
FN:713,<impl SecretsBackend for MemoryBackend>::delete
FN:727,<impl SecretsBackend for MemoryBackend>::versions
FN:737,<impl SecretsBackend for MemoryBackend>::exists
FN:756,MemoryKeyProvider::new
FN:760,MemoryKeyProvider::key_for_scope
FN:776,<impl KeyProvider for MemoryKeyProvider>::wrap_dek
FN:781,<impl KeyProvider for MemoryKeyProvider>::unwrap_dek
FN:787,scope_key
FN:796,xor
FN:803,parse_prefix
FNF:51
FNDA:3,SecretsError::not_found
FNDA:0,Policy::should_include
FNDA:25,BackendRegistration::new
FNDA:13,BackendRegistration::memory
FNDA:24,CoreBuilder::from_env
FNDA:9,CoreBuilder::tenant
FNDA:2,CoreBuilder::team
FNDA:19,CoreBuilder::default_ttl
FNDA:0,CoreBuilder::nats_url
FNDA:0,CoreBuilder::cache_capacity
FNDA:9,CoreBuilder::backend
FNDA:12,CoreBuilder::backend_named
FNDA:0,CoreBuilder::with_backend
FNDA:2,CoreBuilder::clear_backends
FNDA:4,CoreBuilder::auto_detect_backends
FNDA:0,CoreBuilder::policy
FNDA:41,CoreBuilder::build
FNDA:23,SecretsCore::builder
FNDA:3,SecretsCore::config
FNDA:69,SecretsCore::get_bytes
FNDA:0,SecretsCore::get_text
FNDA:6,SecretsCore::get_json
FNDA:12,SecretsCore::put_json
FNDA:0,SecretsCore::delete
FNDA:0,SecretsCore::list
FNDA:74,SecretsCore::parse_uri
FNDA:49,SecretsCore::cached_value
FNDA:31,SecretsCore::fetch_secret
FNDA:54,SecretsCore::store_cache
FNDA:20,SecretsCore::purge_cache
FNDA:20,purge_patterns
FNDA:20,purge_pattern
FNDA:0,spawn_invalidation_listener
FNDA:18,MemoryBackend::new
FNDA:26,MemoryVersion::live
FNDA:0,MemoryVersion::tombstone
FNDA:0,MemoryVersion::as_version
FNDA:28,MemoryVersion::as_versioned
FNDA:26,<impl SecretsBackend for MemoryBackend>::put
FNDA:31,<impl SecretsBackend for MemoryBackend>::get
FNDA:0,<impl SecretsBackend for MemoryBackend>::list
FNDA:0,<impl SecretsBackend for MemoryBackend>::delete
FNDA:0,<impl SecretsBackend for MemoryBackend>::versions
FNDA:0,<impl SecretsBackend for MemoryBackend>::exists
FNDA:0,MemoryKeyProvider::new
FNDA:22,MemoryKeyProvider::key_for_scope
FNDA:22,<impl KeyProvider for MemoryKeyProvider>::wrap_dek
FNDA:0,<impl KeyProvider for MemoryKeyProvider>::unwrap_dek
FNDA:22,scope_key
FNDA:22,xor
FNDA:0,parse_prefix
DA:45,3
DA:47,3
DA:62,0
DA:63,0
DA:92,25
DA:98,75
DA:99,50
DA:100,25
DA:104,13
DA:105,39
DA:129,24
DA:130,48
DA:132,24
DA:133,0
DA:134,0
DA:138,24
DA:139,0
DA:140,0
DA:144,24
DA:145,0
DA:146,0
DA:150,24
DA:151,0
DA:152,0
DA:156,48
DA:157,84
DA:160,36
DA:161,24
DA:164,24
DA:168,9
DA:169,18
DA:170,9
DA:174,2
DA:175,4
DA:176,2
DA:180,19
DA:181,19
DA:182,19
DA:186,0
DA:187,0
DA:188,0
DA:192,0
DA:193,0
DA:194,0
DA:198,9
DA:203,36
DA:207,12
DA:217,12
DA:218,60
DA:219,12
DA:223,0
DA:227,0
DA:231,2
DA:232,4
DA:240,4
DA:242,4
DA:243,2
DA:244,1
DA:247,2
DA:248,1
DA:251,0
DA:254,0
DA:255,0
DA:256,0
DA:261,0
DA:264,0
DA:265,0
DA:269,0
DA:272,0
DA:273,0
DA:277,0
DA:280,0
DA:281,0
DA:287,0
DA:288,0
DA:289,0
DA:295,0
DA:296,0
DA:297,0
DA:298,0
DA:299,0
DA:305,0
DA:309,0
DA:310,0
DA:311,0
DA:315,41
DA:316,29
DA:317,2
DA:320,52
DA:321,42
DA:322,49
DA:323,42
DA:324,42
DA:325,56
DA:326,50
DA:330,14
DA:331,14
DA:332,14
DA:334,56
DA:336,14
DA:337,70
DA:338,56
DA:342,28
DA:344,28
DA:346,28
DA:352,56
DA:353,42
DA:359,14
DA:360,0
DA:363,14
DA:380,23
DA:381,23
DA:386,3
DA:387,3
DA:391,69
DA:392,84
DA:393,49
DA:394,9
DA:396,21
DA:397,22
DA:398,14
DA:399,30
DA:400,50
DA:401,10
DA:405,0
DA:406,0
DA:407,0
DA:411,6
DA:412,12
DA:413,6
DA:417,12
DA:422,48
DA:423,36
DA:424,72
DA:425,24
DA:428,36
DA:429,48
DA:432,24
DA:433,24
DA:434,12
DA:435,12
DA:436,36
DA:437,12
DA:441,12
DA:445,0
DA:446,0
DA:448,0
DA:449,0
DA:451,0
DA:452,0
DA:453,0
DA:457,0
DA:458,0
DA:459,0
DA:460,0
DA:461,0
DA:464,0
DA:465,0
DA:466,0
DA:467,0
DA:468,0
DA:469,0
DA:472,0
DA:475,74
DA:476,150
DA:479,49
DA:480,147
DA:481,147
DA:482,118
DA:483,20
DA:484,16
DA:487,66
DA:488,33
DA:491,31
DA:492,93
DA:493,62
DA:496,54
DA:497,162
DA:499,162
DA:500,162
DA:501,54
DA:503,162
DA:509,20
DA:510,60
DA:511,60
DA:523,20
DA:524,80
DA:525,40
DA:530,20
DA:531,27
DA:532,21
DA:534,46
DA:535,33
DA:537,46
DA:538,26
DA:541,26
DA:546,0
DA:551,0
DA:552,0
DA:553,0
DA:554,0
DA:555,0
DA:556,0
DA:558,0
DA:559,0
DA:581,18
DA:582,18
DA:594,26
DA:598,26
DA:602,0
DA:610,0
DA:612,0
DA:613,0
DA:617,28
DA:619,56
DA:620,56
DA:621,28
DA:627,26
DA:628,78
DA:629,104
DA:630,104
DA:631,104
DA:632,130
DA:633,26
DA:634,26
DA:635,26
DA:639,31
DA:640,93
DA:641,124
DA:642,90
DA:643,56
DA:644,3
DA:647,28
DA:648,0
DA:649,0
DA:652,56
DA:653,0
DA:656,140
DA:657,112
DA:660,0
DA:666,0
DA:667,0
DA:669,0
DA:670,0
DA:671,0
DA:674,0
DA:675,0
DA:676,0
DA:679,0
DA:680,0
DA:681,0
DA:684,0
DA:685,0
DA:686,0
DA:688,0
DA:689,0
DA:692,0
DA:693,0
DA:694,0
DA:698,0
DA:699,0
DA:700,0
DA:704,0
DA:705,0
DA:706,0
DA:710,0
DA:713,0
DA:714,0
DA:715,0
DA:716,0
DA:717,0
DA:719,0
DA:720,0
DA:721,0
DA:722,0
DA:723,0
DA:727,0
DA:728,0
DA:729,0
DA:730,0
DA:731,0
DA:732,0
DA:733,0
DA:734,0
DA:737,0
DA:738,0
DA:739,0
DA:740,0
DA:741,0
DA:742,0
DA:743,0
DA:744,0
DA:756,0
DA:757,0
DA:760,22
DA:761,66
DA:762,44
DA:763,44
DA:764,44
DA:765,44
DA:766,44
DA:768,66
DA:769,22
DA:776,22
DA:777,88
DA:778,44
DA:781,0
DA:782,0
DA:783,0
DA:787,22
DA:788,22
DA:790,44
DA:791,44
DA:792,88
DA:796,22
DA:797,44
DA:799,2134
DA:803,0
DA:805,0
DA:806,0
DA:807,0
DA:811,0
DA:812,0
DA:813,0
DA:814,0
DA:815,0
DA:819,0
DA:820,0
DA:821,0
DA:822,0
DA:823,0
DA:825,0
DA:828,0
DA:830,0
DA:832,0
DA:833,0
DA:834,0
DA:836,0
DA:837,0
DA:839,0
LF:340
LH:177
end_of_record
TN:
SF:/Users/maarten/Documents/GitHub/agentic/greentic-secrets/greentic-secrets-core/src/imds.rs
FN:10,head
FNF:1
FNDA:6,head
DA:10,6
DA:11,12
DA:12,6
DA:13,0
DA:16,12
DA:17,11
DA:18,8
DA:21,9
DA:22,0
DA:23,3
LF:10
LH:8
end_of_record
TN:
SF:/Users/maarten/Documents/GitHub/agentic/greentic-secrets/greentic-secrets-core/src/policy.rs
FN:19,Principal::new
FN:30,Principal::subject
FN:35,Principal::scope
FN:40,Principal::visibility
FN:62,PolicyGuard::evaluate
FN:89,team_allowed
FN:100,<impl Authorizer for PolicyGuard>::can_get
FN:104,<impl Authorizer for PolicyGuard>::can_put
FN:108,<impl Authorizer for PolicyGuard>::can_delete
FN:112,<impl Authorizer for PolicyGuard>::can_rotate
FNF:10
FNDA:5,Principal::new
FNDA:0,Principal::subject
FNDA:23,Principal::scope
FNDA:10,Principal::visibility
FNDA:12,PolicyGuard::evaluate
FNDA:11,team_allowed
FNDA:4,<impl Authorizer for PolicyGuard>::can_get
FNDA:4,<impl Authorizer for PolicyGuard>::can_put
FNDA:2,<impl Authorizer for PolicyGuard>::can_delete
FNDA:2,<impl Authorizer for PolicyGuard>::can_rotate
DA:19,5
DA:20,15
DA:21,10
DA:22,5
DA:23,10
DA:24,5
DA:25,5
DA:30,0
DA:31,0
DA:35,23
DA:36,23
DA:40,10
DA:41,10
DA:62,12
DA:63,36
DA:64,1
DA:67,33
DA:68,2
DA:71,27
DA:72,3
DA:75,6
DA:76,2
DA:79,4
DA:80,1
DA:82,3
DA:89,11
DA:90,11
DA:91,18
DA:94,5
DA:100,4
DA:101,20
DA:104,4
DA:105,20
DA:108,2
DA:109,10
DA:112,2
DA:113,10
LF:37
LH:35
end_of_record
TN:
SF:/Users/maarten/Documents/GitHub/agentic/greentic-secrets/greentic-secrets-core/src/probe.rs
FN:7,service_account_exists
FNF:1
FNDA:1,service_account_exists
DA:7,1
DA:19,0
DA:26,2
DA:29,2
DA:30,2
DA:31,1
DA:33,0
DA:42,2
DA:45,2
DA:46,1
DA:48,1
DA:57,2
DA:60,2
DA:61,1
DA:63,1
DA:72,2
DA:75,2
DA:76,1
DA:78,1
DA:92,2
DA:93,4
DA:96,4
DA:148,3
DA:149,6
DA:151,3
DA:153,6
LF:26
LH:24
end_of_record
TN:
SF:/Users/maarten/Documents/GitHub/agentic/greentic-secrets/greentic-secrets-core/src/provider.rs
FN:23,Provider::from_env_value
FN:32,Provider::as_str
FN:45,<impl Display for Provider>::fmt
FN:53,<impl FromStr for Provider>::from_str
FNF:4
FNDA:0,Provider::from_env_value
FNDA:0,Provider::as_str
FNDA:0,<impl Display for Provider>::fmt
FNDA:0,<impl FromStr for Provider>::from_str
DA:23,0
DA:24,0
DA:25,0
DA:26,0
DA:28,0
DA:32,0
DA:33,0
DA:34,0
DA:35,0
DA:36,0
DA:37,0
DA:38,0
DA:39,0
DA:45,0
DA:46,0
DA:53,0
DA:54,0
DA:55,0
DA:56,0
DA:57,0
DA:58,0
DA:59,0
DA:60,0
DA:61,0
LF:24
LH:0
end_of_record
TN:
SF:/Users/maarten/Documents/GitHub/agentic/greentic-secrets/greentic-secrets-core/src/resolver.rs
FN:26,ResolverConfig::new
FN:44,ResolverConfig::from_env
FN:68,ResolverConfig::provider
FN:74,ResolverConfig::tenant
FN:80,ResolverConfig::team
FN:86,ResolverConfig::cache_ttl
FN:92,ResolverConfig::cache_capacity
FN:98,ResolverConfig::file_root
FN:104,ResolverConfig::dev_fallback
FN:111,<impl Default for ResolverConfig>::default
FN:124,DefaultResolver::new
FN:129,DefaultResolver::from_config
FN:166,DefaultResolver::provider
FN:171,DefaultResolver::core
FN:179,<impl Deref for DefaultResolver>::deref
FN:184,detect_provider
FN:208,configure_builder_for_provider
FN:223,configure_local
FN:245,configure_aws
FN:265,configure_azure
FN:285,configure_gcp
FN:305,configure_k8s
FNF:22
FNDA:2,ResolverConfig::new
FNDA:0,ResolverConfig::from_env
FNDA:2,ResolverConfig::provider
FNDA:2,ResolverConfig::tenant
FNDA:2,ResolverConfig::team
FNDA:0,ResolverConfig::cache_ttl
FNDA:0,ResolverConfig::cache_capacity
FNDA:0,ResolverConfig::file_root
FNDA:0,ResolverConfig::dev_fallback
FNDA:0,<impl Default for ResolverConfig>::default
FNDA:0,DefaultResolver::new
FNDA:4,DefaultResolver::from_config
FNDA:2,DefaultResolver::provider
FNDA:0,DefaultResolver::core
FNDA:2,<impl Deref for DefaultResolver>::deref
FNDA:0,detect_provider
FNDA:2,configure_builder_for_provider
FNDA:1,configure_local
FNDA:1,configure_aws
FNDA:0,configure_azure
FNDA:0,configure_gcp
FNDA:0,configure_k8s
DA:26,2
DA:44,0
DA:45,0
DA:47,0
DA:48,0
DA:49,0
DA:53,0
DA:54,0
DA:56,0
DA:58,0
DA:59,0
DA:60,0
DA:64,0
DA:68,2
DA:69,2
DA:70,2
DA:74,2
DA:75,4
DA:76,2
DA:80,2
DA:81,4
DA:82,2
DA:86,0
DA:87,0
DA:88,0
DA:92,0
DA:93,0
DA:94,0
DA:98,0
DA:99,0
DA:100,0
DA:104,0
DA:105,0
DA:106,0
DA:111,0
DA:112,0
DA:124,0
DA:125,0
DA:129,4
DA:130,4
DA:131,4
DA:133,6
DA:134,8
DA:137,6
DA:138,8
DA:141,2
DA:142,0
DA:145,2
DA:146,0
DA:149,4
DA:150,4
DA:151,0
DA:153,2
DA:156,10
DA:157,6
DA:159,2
DA:160,2
DA:161,2
DA:166,2
DA:167,2
DA:171,0
DA:172,0
DA:179,2
DA:180,2
DA:184,0
DA:185,0
DA:186,0
DA:189,0
DA:190,0
DA:193,0
DA:194,0
DA:197,0
DA:198,0
DA:201,0
DA:202,0
DA:204,0
DA:208,2
DA:213,2
DA:214,3
DA:215,3
DA:216,0
DA:217,0
DA:218,0
DA:219,0
DA:223,1
DA:224,5
DA:226,1
DA:229,4
DA:234,1
DA:235,0
DA:236,0
DA:237,0
DA:238,0
DA:242,1
DA:245,1
DA:248,3
DA:250,1
DA:251,1
DA:253,1
DA:265,0
DA:268,0
DA:270,0
DA:271,0
DA:273,0
DA:285,0
DA:288,0
DA:290,0
DA:291,0
DA:293,0
DA:305,0
DA:308,0
DA:310,0
DA:311,0
DA:313,0
LF:114
LH:46
end_of_record
TN:
SF:/Users/maarten/Documents/GitHub/agentic/greentic-secrets/greentic-secrets-core/src/spec_registry.rs
FN:13,SecretSpecRegistry::new
FN:18,SecretSpecRegistry::extend_with
FN:39,SecretSpecRegistry::all
FN:44,SecretSpecRegistry::to_markdown_table
FN:54,SecretSpecRegistry::to_json
FNF:5
FNDA:5,SecretSpecRegistry::new
FNDA:9,SecretSpecRegistry::extend_with
FNDA:4,SecretSpecRegistry::all
FNDA:2,SecretSpecRegistry::to_markdown_table
FNDA:3,SecretSpecRegistry::to_json
DA:13,5
DA:14,5
DA:18,9
DA:19,35
DA:20,26
DA:21,11
DA:22,44
DA:24,2
DA:25,6
DA:26,0
DA:27,16
DA:28,0
DA:30,4
DA:31,8
DA:39,4
DA:40,8
DA:44,2
DA:45,4
DA:46,16
DA:47,30
DA:48,18
DA:50,2
DA:54,3
DA:55,6
DA:56,3
DA:58,16
DA:59,13
DA:60,13
DA:61,13
DA:65,3
LF:30
LH:28
end_of_record
TN:
SF:/Users/maarten/Documents/GitHub/agentic/greentic-secrets/greentic-secrets-core/src/spec_schema.rs
FN:10,specs_to_json_schema
FNF:1
FNDA:2,specs_to_json_schema
DA:10,2
DA:11,6
DA:12,17
DA:13,15
DA:16,4
DA:17,14
DA:18,15
DA:19,15
DA:20,10
DA:21,10
DA:22,15
DA:27,2
DA:28,2
DA:29,2
LF:14
LH:14
end_of_record
TN:
SF:/Users/maarten/Documents/GitHub/agentic/greentic-secrets/greentic-secrets-core/src/spec_validate.rs
FN:16,SecretsCore::validate_specs_at_prefix
FNF:1
FNDA:5,SecretsCore::validate_specs_at_prefix
DA:16,5
DA:21,4
DA:22,4
DA:23,8
DA:24,9
DA:25,12
DA:26,7
DA:27,6
DA:30,2
LF:9
LH:9
end_of_record
TN:
SF:/Users/maarten/Documents/GitHub/agentic/greentic-secrets/greentic-secrets-core/src/types.rs
FNF:0
DA:68,0
DA:69,0
DA:70,0
DA:71,0
DA:73,0
DA:74,0
DA:75,0
DA:76,0
DA:78,0
DA:81,0
DA:230,0
DA:231,0
LF:12
LH:0
end_of_record
TN:
SF:/Users/maarten/Documents/GitHub/agentic/greentic-secrets/greentic-secrets-core/src/uri.rs
FN:29,legacy::SecretUri::new
FNF:1
FNDA:0,legacy::SecretUri::new
DA:29,0
DA:30,0
DA:32,0
DA:33,0
DA:35,0
DA:36,0
DA:37,0
DA:38,0
DA:39,0
DA:193,0
DA:202,0
DA:203,0
LF:12
LH:0
end_of_record
TN:
SF:/Users/maarten/Documents/GitHub/agentic/greentic-secrets/greentic-secrets-core/tests/cache.rs
FN:16,CountingBackend::new
FN:20,CountingBackend::get_calls
FN:26,<impl SecretsBackend for CountingBackend>::put
FN:30,<impl SecretsBackend for CountingBackend>::get
FN:39,<impl SecretsBackend for CountingBackend>::list
FN:48,<impl SecretsBackend for CountingBackend>::delete
FN:52,<impl SecretsBackend for CountingBackend>::versions
FN:56,<impl SecretsBackend for CountingBackend>::exists
FN:61,build_core_with_backend
FNF:9
FNDA:2,CountingBackend::new
FNDA:2,CountingBackend::get_calls
FNDA:2,<impl SecretsBackend for CountingBackend>::put
FNDA:3,<impl SecretsBackend for CountingBackend>::get
FNDA:0,<impl SecretsBackend for CountingBackend>::list
FNDA:0,<impl SecretsBackend for CountingBackend>::delete
FNDA:0,<impl SecretsBackend for CountingBackend>::versions
FNDA:0,<impl SecretsBackend for CountingBackend>::exists
FNDA:2,build_core_with_backend
DA:16,2
DA:17,2
DA:20,2
DA:21,4
DA:26,2
DA:27,6
DA:30,3
DA:35,6
DA:36,12
DA:39,0
DA:45,0
DA:48,0
DA:49,0
DA:52,0
DA:53,0
DA:56,0
DA:57,0
DA:61,2
DA:62,4
DA:67,6
DA:68,2
DA:69,4
DA:70,4
DA:72,6
DA:74,12
DA:76,2
DA:77,0
DA:79,2
DA:82,2
LF:29
LH:20
end_of_record
TN:
SF:/Users/maarten/Documents/GitHub/agentic/greentic-secrets/greentic-secrets-core/tests/env_backend.rs
FN:10,build_record
FN:24,var_name
FN:38,sanitize
FNF:3
FNDA:1,build_record
FNDA:1,var_name
FNDA:4,sanitize
DA:10,1
DA:11,5
DA:12,6
DA:13,2
DA:14,2
DA:15,2
DA:16,2
DA:17,2
DA:18,1
DA:19,1
DA:21,2
DA:24,1
DA:25,1
DA:27,2
DA:28,2
DA:29,1
DA:30,1
DA:31,1
DA:32,3
DA:33,2
DA:34,2
DA:38,4
DA:39,4
DA:41,24
DA:42,60
DA:43,0
LF:26
LH:25
end_of_record
TN:
SF:/Users/maarten/Documents/GitHub/agentic/greentic-secrets/greentic-secrets-core/tests/file_backend.rs
FN:11,record
FNF:1
FNDA:1,record
DA:11,1
DA:12,5
DA:13,6
DA:14,2
DA:15,2
DA:16,2
DA:17,2
DA:18,2
DA:19,1
DA:20,1
DA:22,2
LF:11
LH:11
end_of_record
TN:
SF:/Users/maarten/Documents/GitHub/agentic/greentic-secrets/greentic-secrets-core/tests/invalidation.rs
FN:15,CountingBackend::new
FN:19,CountingBackend::get_calls
FN:25,<impl SecretsBackend for CountingBackend>::put
FN:29,<impl SecretsBackend for CountingBackend>::get
FN:38,<impl SecretsBackend for CountingBackend>::list
FN:47,<impl SecretsBackend for CountingBackend>::delete
FN:51,<impl SecretsBackend for CountingBackend>::versions
FN:55,<impl SecretsBackend for CountingBackend>::exists
FN:60,build_core
FNF:9
FNDA:2,CountingBackend::new
FNDA:4,CountingBackend::get_calls
FNDA:3,<impl SecretsBackend for CountingBackend>::put
FNDA:6,<impl SecretsBackend for CountingBackend>::get
FNDA:0,<impl SecretsBackend for CountingBackend>::list
FNDA:0,<impl SecretsBackend for CountingBackend>::delete
FNDA:0,<impl SecretsBackend for CountingBackend>::versions
FNDA:0,<impl SecretsBackend for CountingBackend>::exists
FNDA:2,build_core
DA:15,2
DA:16,2
DA:19,4
DA:20,8
DA:25,3
DA:26,9
DA:29,6
DA:34,12
DA:35,24
DA:38,0
DA:44,0
DA:47,0
DA:48,0
DA:51,0
DA:52,0
DA:55,0
DA:56,0
DA:60,2
DA:61,4
DA:66,6
DA:67,2
DA:69,4
DA:71,4
DA:72,6
DA:74,12
DA:76,2
DA:77,0
DA:79,2
DA:82,2
LF:29
LH:20
end_of_record
TN:
SF:/Users/maarten/Documents/GitHub/agentic/greentic-secrets/greentic-secrets-core/tests/spec_registry.rs
FN:7,<impl SecretDescribable for Alpha>::secret_specs
FN:22,<impl SecretDescribable for Beta>::secret_specs
FNF:2
FNDA:1,<impl SecretDescribable for Alpha>::secret_specs
FNDA:1,<impl SecretDescribable for Beta>::secret_specs
DA:7,1
DA:8,1
DA:9,1
DA:10,1
DA:11,1
DA:13,1
DA:14,1
DA:15,1
DA:22,1
DA:23,1
DA:24,1
DA:25,1
DA:26,1
DA:28,1
DA:29,1
DA:30,1
LF:16
LH:16
end_of_record
TN:
SF:/Users/maarten/Documents/GitHub/agentic/greentic-secrets/greentic-secrets-core/tests/spec_smoke.rs
FN:6,<impl SecretDescribable for Demo>::secret_specs
FNF:1
FNDA:1,<impl SecretDescribable for Demo>::secret_specs
DA:6,1
DA:7,1
DA:8,1
DA:9,1
LF:4
LH:4
end_of_record
TN:
SF:/Users/maarten/Documents/GitHub/agentic/greentic-secrets/greentic-secrets-core/tests/spec_validate.rs
FN:9,<impl SecretDescribable for Demo>::secret_specs
FN:23,build_core
FNF:2
FNDA:1,<impl SecretDescribable for Demo>::secret_specs
FNDA:2,build_core
DA:9,1
DA:10,1
DA:11,1
DA:12,1
DA:13,1
DA:15,1
DA:16,1
DA:17,1
DA:23,2
DA:24,1
DA:25,2
DA:27,3
DA:29,1
LF:13
LH:13
end_of_record
TN:
SF:/Users/maarten/Documents/GitHub/agentic/greentic-secrets/greentic-secrets-sdk/src/helpers.rs
FN:7,put_json
FN:25,get_json
FN:39,put_text
FN:56,get_text
FN:70,put_bin
FN:87,get_bin
FNF:6
FNDA:0,put_json
FNDA:0,get_json
FNDA:0,put_text
FNDA:0,get_text
FNDA:0,put_bin
FNDA:0,get_bin
DA:7,0
DA:16,0
DA:17,0
DA:18,0
DA:19,0
DA:21,0
DA:25,0
DA:32,0
DA:33,0
DA:34,0
DA:39,0
DA:48,0
DA:49,0
DA:50,0
DA:52,0
DA:56,0
DA:63,0
DA:64,0
DA:65,0
DA:70,0
DA:79,0
DA:80,0
DA:81,0
DA:83,0
DA:87,0
DA:94,0
DA:95,0
DA:96,0
LF:28
LH:0
end_of_record
TN:
SF:/Users/maarten/Documents/GitHub/agentic/greentic-secrets/greentic-secrets-sdk/src/http_client.rs
FN:23,HttpClient::new
FN:38,HttpClient::with_token
FN:44,HttpClient::with_timeout
FN:50,HttpClient::put_secret
FN:70,HttpClient::get_secret
FN:97,HttpClient::delete_secret
FN:118,HttpClient::list_secrets
FN:139,HttpClient::versions
FN:157,HttpClient::rotate_category
FN:179,HttpClient::apply_auth
FN:188,resource_path
FN:203,list_path
FN:213,rotate_path
FN:224,build_prefix
FN:233,ensure_success
FNF:15
FNDA:0,HttpClient::new
FNDA:0,HttpClient::with_token
FNDA:0,HttpClient::with_timeout
FNDA:0,HttpClient::put_secret
FNDA:0,HttpClient::get_secret
FNDA:0,HttpClient::delete_secret
FNDA:0,HttpClient::list_secrets
FNDA:0,HttpClient::versions
FNDA:0,HttpClient::rotate_category
FNDA:0,HttpClient::apply_auth
FNDA:0,resource_path
FNDA:0,list_path
FNDA:0,rotate_path
FNDA:0,build_prefix
FNDA:0,ensure_success
DA:23,0
DA:24,0
DA:25,0
DA:26,0
DA:29,0
DA:30,0
DA:31,0
DA:32,0
DA:33,0
DA:38,0
DA:39,0
DA:40,0
DA:44,0
DA:45,0
DA:46,0
DA:50,0
DA:57,0
DA:58,0
DA:59,0
DA:60,0
DA:61,0
DA:62,0
DA:63,0
DA:64,0
DA:65,0
DA:66,0
DA:70,0
DA:77,0
DA:78,0
DA:79,0
DA:81,0
DA:82,0
DA:83,0
DA:84,0
DA:85,0
DA:86,0
DA:87,0
DA:88,0
DA:89,0
DA:91,0
DA:92,0
DA:93,0
DA:97,0
DA:103,0
DA:104,0
DA:105,0
DA:106,0
DA:107,0
DA:108,0
DA:109,0
DA:110,0
DA:111,0
DA:112,0
DA:113,0
DA:118,0
DA:124,0
DA:125,0
DA:126,0
DA:127,0
DA:128,0
DA:129,0
DA:130,0
DA:132,0
DA:133,0
DA:134,0
DA:135,0
DA:139,0
DA:145,0
DA:146,0
DA:147,0
DA:148,0
DA:149,0
DA:150,0
DA:151,0
DA:152,0
DA:153,0
DA:157,0
DA:163,0
DA:164,0
DA:165,0
DA:166,0
DA:167,0
DA:168,0
DA:169,0
DA:170,0
DA:172,0
DA:174,0
DA:175,0
DA:176,0
DA:179,0
DA:180,0
DA:181,0
DA:183,0
DA:188,0
DA:189,0
DA:190,0
DA:191,0
DA:192,0
DA:194,0
DA:195,0
DA:196,0
DA:197,0
DA:198,0
DA:200,0
DA:203,0
DA:204,0
DA:205,0
DA:206,0
DA:207,0
DA:209,0
DA:210,0
DA:213,0
DA:214,0
DA:215,0
DA:216,0
DA:217,0
DA:219,0
DA:220,0
DA:221,0
DA:224,0
DA:225,0
DA:226,0
DA:227,0
DA:228,0
DA:229,0
DA:233,0
DA:234,0
DA:235,0
DA:238,0
DA:239,0
DA:240,0
DA:241,0
DA:244,0
DA:245,0
LF:134
LH:0
end_of_record
TN:
SF:/Users/maarten/Documents/GitHub/agentic/greentic-secrets/greentic-secrets-sdk/src/lib.rs
FN:39,<impl From for SdkError>::from
FN:64,Secret::as_text
FN:70,Secret::as_json
FN:100,<impl From for wire::ValueEncoding>::from
FN:120,PutSecretRequest::from_bytes
FN:131,PutSecretRequest::from_text
FN:146,PutSecretRequest::with_description
FN:151,PutSecretRequest::to_wire
FN:167,decode_secret
FN:190,decode_list
FN:220,decode_rotate
FNF:11
FNDA:0,<impl From for SdkError>::from
FNDA:0,Secret::as_text
FNDA:0,Secret::as_json
FNDA:0,<impl From for wire::ValueEncoding>::from
FNDA:0,PutSecretRequest::from_bytes
FNDA:0,PutSecretRequest::from_text
FNDA:0,PutSecretRequest::with_description
FNDA:0,PutSecretRequest::to_wire
FNDA:0,decode_secret
FNDA:0,decode_list
FNDA:0,decode_rotate
DA:39,0
DA:40,0
DA:64,0
DA:65,0
DA:66,0
DA:70,0
DA:71,0
DA:72,0
DA:100,0
DA:101,0
DA:102,0
DA:103,0
DA:120,0
DA:131,0
DA:140,0
DA:146,0
DA:147,0
DA:148,0
DA:151,0
DA:152,0
DA:153,0
DA:154,0
DA:155,0
DA:157,0
DA:158,0
DA:159,0
DA:160,0
DA:161,0
DA:162,0
DA:167,0
DA:168,0
DA:169,0
DA:170,0
DA:171,0
DA:172,0
DA:176,0
DA:177,0
DA:178,0
DA:179,0
DA:180,0
DA:183,0
DA:184,0
DA:185,0
DA:186,0
DA:190,0
DA:191,0
DA:193,0
DA:194,0
DA:195,0
DA:196,0
DA:197,0
DA:198,0
DA:199,0
DA:201,0
DA:204,0
DA:205,0
DA:206,0
DA:207,0
DA:208,0
DA:209,0
DA:212,0
DA:213,0
DA:214,0
DA:220,0
DA:222,0
DA:223,0
DA:224,0
DA:225,0
LF:68
LH:0
end_of_record
TN:
SF:/Users/maarten/Documents/GitHub/agentic/greentic-secrets/greentic-secrets-sdk/src/nats_client.rs
FN:22,NatsClient::new
FN:31,NatsClient::with_token
FN:37,NatsClient::with_timeout
FN:43,NatsClient::put_secret
FN:67,NatsClient::get_secret
FN:101,NatsClient::list_secrets
FN:127,NatsClient::delete_secret
FN:148,NatsClient::rotate_category
FN:174,NatsClient::request_json
FN:188,NatsClient::parse_secret
FN:198,team_segment
FN:202,build_prefix
FN:211,try_parse_error
FNF:13
FNDA:0,NatsClient::new
FNDA:0,NatsClient::with_token
FNDA:0,NatsClient::with_timeout
FNDA:0,NatsClient::put_secret
FNDA:0,NatsClient::get_secret
FNDA:0,NatsClient::list_secrets
FNDA:0,NatsClient::delete_secret
FNDA:0,NatsClient::rotate_category
FNDA:0,NatsClient::request_json
FNDA:0,NatsClient::parse_secret
FNDA:0,team_segment
FNDA:0,build_prefix
FNDA:0,try_parse_error
DA:22,0
DA:24,0
DA:26,0
DA:31,0
DA:32,0
DA:33,0
DA:37,0
DA:38,0
DA:39,0
DA:43,0
DA:50,0
DA:52,0
DA:53,0
DA:54,0
DA:57,0
DA:58,0
DA:59,0
DA:60,0
DA:62,0
DA:63,0
DA:67,0
DA:74,0
DA:76,0
DA:77,0
DA:78,0
DA:81,0
DA:82,0
DA:84,0
DA:86,0
DA:87,0
DA:88,0
DA:89,0
DA:90,0
DA:91,0
DA:93,0
DA:96,0
DA:101,0
DA:107,0
DA:109,0
DA:110,0
DA:111,0
DA:114,0
DA:115,0
DA:117,0
DA:118,0
DA:119,0
DA:120,0
DA:122,0
DA:123,0
DA:127,0
DA:128,0
DA:130,0
DA:131,0
DA:132,0
DA:135,0
DA:136,0
DA:137,0
DA:139,0
DA:140,0
DA:141,0
DA:142,0
DA:144,0
DA:148,0
DA:154,0
DA:156,0
DA:157,0
DA:158,0
DA:162,0
DA:163,0
DA:165,0
DA:166,0
DA:167,0
DA:168,0
DA:170,0
DA:171,0
DA:174,0
DA:179,0
DA:180,0
DA:181,0
DA:182,0
DA:183,0
DA:184,0
DA:188,0
DA:189,0
DA:190,0
DA:191,0
DA:193,0
DA:194,0
DA:198,0
DA:199,0
DA:202,0
DA:203,0
DA:204,0
DA:205,0
DA:206,0
DA:207,0
DA:211,0
DA:212,0
DA:213,0
DA:214,0
LF:100
LH:0
end_of_record
TN:
SF:/Users/maarten/Documents/GitHub/agentic/greentic-secrets/greentic-secrets-spec/src/backend.rs
FN:18,SecretVersion::is_deleted
FN:33,VersionedSecret::record
FN:58,<impl SecretsBackend for Arc<T>>::put
FN:62,<impl SecretsBackend for Arc<T>>::get
FN:66,<impl SecretsBackend for Arc<T>>::list
FN:75,<impl SecretsBackend for Arc<T>>::delete
FN:79,<impl SecretsBackend for Arc<T>>::versions
FN:83,<impl SecretsBackend for Arc<T>>::exists
FN:92,<impl SecretsBackend for Box<T>>::put
FN:96,<impl SecretsBackend for Box<T>>::get
FN:100,<impl SecretsBackend for Box<T>>::list
FN:109,<impl SecretsBackend for Box<T>>::delete
FN:113,<impl SecretsBackend for Box<T>>::versions
FN:117,<impl SecretsBackend for Box<T>>::exists
FNF:14
FNDA:0,SecretVersion::is_deleted
FNDA:1,VersionedSecret::record
FNDA:5,<impl SecretsBackend for Arc<T>>::put
FNDA:9,<impl SecretsBackend for Arc<T>>::get
FNDA:0,<impl SecretsBackend for Arc<T>>::list
FNDA:0,<impl SecretsBackend for Arc<T>>::delete
FNDA:0,<impl SecretsBackend for Arc<T>>::versions
FNDA:0,<impl SecretsBackend for Arc<T>>::exists
FNDA:20,<impl SecretsBackend for Box<T>>::put
FNDA:49,<impl SecretsBackend for Box<T>>::get
FNDA:6,<impl SecretsBackend for Box<T>>::list
FNDA:2,<impl SecretsBackend for Box<T>>::delete
FNDA:0,<impl SecretsBackend for Box<T>>::versions
FNDA:0,<impl SecretsBackend for Box<T>>::exists
DA:18,0
DA:19,0
DA:33,1
DA:34,2
DA:58,5
DA:59,15
DA:62,9
DA:63,36
DA:66,0
DA:72,0
DA:75,0
DA:76,0
DA:79,0
DA:80,0
DA:83,0
DA:84,0
DA:92,20
DA:93,60
DA:96,49
DA:97,196
DA:100,6
DA:106,30
DA:109,2
DA:110,6
DA:113,0
DA:114,0
DA:117,0
DA:118,0
LF:28
LH:14
end_of_record
TN:
SF:/Users/maarten/Documents/GitHub/agentic/greentic-secrets/greentic-secrets-spec/src/key.rs
FNF:0
DA:73,0
DA:74,0
DA:75,0
DA:76,0
DA:78,0
DA:79,0
DA:80,0
DA:81,0
DA:83,0
DA:86,0
DA:126,0
DA:127,0
DA:128,0
DA:130,0
DA:131,0
DA:133,0
DA:134,0
DA:135,0
DA:136,0
DA:137,0
DA:299,0
DA:309,0
DA:310,0
LF:23
LH:0
end_of_record
TN:
SF:/Users/maarten/Documents/GitHub/agentic/greentic-secrets/greentic-secrets-spec/src/meta.rs
FNF:0
DA:141,0
DA:142,0
LF:2
LH:0
end_of_record
TN:
SF:/Users/maarten/Documents/GitHub/agentic/greentic-secrets/greentic-secrets-spec/src/types.rs
FN:15,validate_component
FN:34,validate_version
FN:65,Scope::new
FN:86,Scope::env
FN:90,Scope::tenant
FN:94,Scope::team
FN:98,Scope::matches
FN:102,Scope::team_matches
FN:119,Visibility::level
FN:127,Visibility::allows
FN:155,<impl Default for EncryptionAlgorithm>::default
FN:161,EncryptionAlgorithm::nonce_len
FN:168,EncryptionAlgorithm::as_str
FN:177,<impl Display for EncryptionAlgorithm>::fmt
FN:185,<impl FromStr for EncryptionAlgorithm>::from_str
FN:225,SecretMeta::new
FN:235,SecretMeta::scope
FN:239,SecretMeta::tags
FN:243,SecretMeta::tags_mut
FN:247,SecretMeta::set_tag
FN:251,SecretMeta::remove_tag
FN:267,SecretRecord::new
FN:290,SecretListItem::from_meta
FN:309,SecretIdentifier::validate
FNF:24
FNDA:1247,validate_component
FNDA:15,validate_version
FNDA:261,Scope::new
FNDA:828,Scope::env
FNDA:828,Scope::tenant
FNDA:777,Scope::team
FNDA:36,Scope::matches
FNDA:18,Scope::team_matches
FNDA:54,Visibility::level
FNDA:27,Visibility::allows
FNDA:9,<impl Default for EncryptionAlgorithm>::default
FNDA:63,EncryptionAlgorithm::nonce_len
FNDA:21,EncryptionAlgorithm::as_str
FNDA:21,<impl Display for EncryptionAlgorithm>::fmt
FNDA:15,<impl FromStr for EncryptionAlgorithm>::from_str
FNDA:144,SecretMeta::new
FNDA:330,SecretMeta::scope
FNDA:9,SecretMeta::tags
FNDA:0,SecretMeta::tags_mut
FNDA:28,SecretMeta::set_tag
FNDA:0,SecretMeta::remove_tag
FNDA:141,SecretRecord::new
FNDA:27,SecretListItem::from_meta
FNDA:0,SecretIdentifier::validate
DA:15,1247
DA:16,2494
DA:17,0
DA:20,1247
DA:21,1247
DA:22,16441
DA:24,2
DA:25,4
DA:26,2
DA:30,1245
DA:34,15
DA:35,30
DA:36,0
DA:37,0
DA:41,15
DA:42,15
DA:43,75
DA:45,0
DA:46,0
DA:50,15
DA:65,261
DA:70,783
DA:71,783
DA:72,522
DA:73,522
DA:75,522
DA:76,92
DA:77,184
DA:78,92
DA:80,169
DA:83,522
DA:86,828
DA:87,828
DA:90,828
DA:91,828
DA:94,777
DA:95,1554
DA:98,36
DA:99,69
DA:102,18
DA:103,18
DA:119,54
DA:120,54
DA:121,0
DA:122,33
DA:123,21
DA:127,27
DA:128,81
DA:155,9
DA:156,9
DA:161,63
DA:162,63
DA:163,63
DA:164,0
DA:168,21
DA:169,21
DA:170,21
DA:171,0
DA:177,21
DA:178,63
DA:185,15
DA:186,45
DA:187,15
DA:188,15
DA:189,30
DA:190,0
DA:191,0
DA:225,144
DA:231,144
DA:235,330
DA:236,330
DA:239,9
DA:240,9
DA:243,0
DA:244,0
DA:247,28
DA:248,168
DA:251,0
DA:252,0
DA:267,141
DA:290,27
DA:292,81
DA:293,54
DA:295,27
DA:309,0
DA:310,0
DA:311,0
LF:87
LH:70
end_of_record
TN:
SF:/Users/maarten/Documents/GitHub/agentic/greentic-secrets/greentic-secrets-spec/src/uri.rs
FN:20,SecretUri::new
FN:35,SecretUri::scope
FN:39,SecretUri::category
FN:43,SecretUri::name
FN:47,SecretUri::version
FN:51,SecretUri::with_version
FN:61,SecretUri::parse
FN:107,SecretUri::format_team
FN:112,split_name_version
FN:132,<impl Display for SecretUri>::fmt
FN:153,<impl FromStr for SecretUri>::from_str
FN:159,SecretUri::into_string
FN:175,<impl TryFrom for SecretUri>::try_from
FN:183,<impl Serialize for SecretUri>::serialize
FN:194,<impl Deserialize for SecretUri>::deserialize
FNF:15
FNDA:257,SecretUri::new
FNDA:615,SecretUri::scope
FNDA:246,SecretUri::category
FNDA:102,SecretUri::name
FNDA:0,SecretUri::version
FNDA:15,SecretUri::with_version
FNDA:140,SecretUri::parse
FNDA:477,SecretUri::format_team
FNDA:140,split_name_version
FNDA:477,<impl Display for SecretUri>::fmt
FNDA:0,<impl FromStr for SecretUri>::from_str
FNDA:0,SecretUri::into_string
FNDA:3,<impl TryFrom for SecretUri>::try_from
FNDA:26,<impl Serialize for SecretUri>::serialize
FNDA:12,<impl Deserialize for SecretUri>::deserialize
DA:20,257
DA:21,771
DA:22,771
DA:24,514
DA:25,516
DA:27,255
DA:28,510
DA:29,510
DA:30,255
DA:31,255
DA:35,615
DA:36,615
DA:39,246
DA:40,246
DA:43,102
DA:44,102
DA:47,0
DA:48,0
DA:51,15
DA:52,30
DA:53,30
DA:54,30
DA:56,0
DA:58,15
DA:61,140
DA:62,420
DA:63,140
DA:64,0
DA:67,420
DA:68,420
DA:70,700
DA:71,140
DA:73,280
DA:75,280
DA:76,280
DA:78,280
DA:79,280
DA:81,280
DA:82,280
DA:84,280
DA:86,280
DA:87,0
DA:90,280
DA:91,119
DA:93,21
DA:96,560
DA:98,980
DA:99,700
DA:100,138
DA:101,0
DA:104,138
DA:107,477
DA:108,954
DA:112,140
DA:113,420
DA:114,560
DA:115,420
DA:117,280
DA:118,0
DA:119,0
DA:123,140
DA:124,0
DA:125,0
DA:127,140
DA:132,477
DA:133,477
DA:134,477
DA:136,954
DA:137,954
DA:138,1431
DA:143,498
DA:144,63
DA:146,477
DA:153,0
DA:154,0
DA:159,0
DA:160,0
DA:167,21
DA:168,42
DA:175,3
DA:176,6
DA:183,26
DA:187,78
DA:194,12
DA:198,36
DA:199,36
LF:86
LH:72
end_of_record
TN:
SF:/Users/maarten/Documents/GitHub/agentic/greentic-secrets/greentic-secrets-support/src/constructors.rs
FN:12,record_from_plain
FN:16,default_meta
FN:23,with_ttl
FN:32,record_from_bytes
FN:36,default_uri
FN:43,default_envelope
FN:52,stamp_created
FN:58,stamp_updated
FNF:8
FNDA:3,record_from_plain
FNDA:3,default_meta
FNDA:3,with_ttl
FNDA:3,record_from_bytes
FNDA:3,default_uri
FNDA:3,default_envelope
FNDA:3,stamp_created
FNDA:3,stamp_updated
DA:12,3
DA:13,12
DA:16,3
DA:17,6
DA:18,15
DA:19,6
DA:20,3
DA:23,3
DA:24,9
DA:25,3
DA:26,3
DA:27,9
DA:28,6
DA:29,3
DA:32,3
DA:33,12
DA:36,3
DA:37,9
DA:39,6
DA:43,3
DA:45,6
DA:46,6
DA:47,3
DA:48,3
DA:52,3
DA:53,9
DA:54,12
DA:55,12
DA:58,3
DA:59,9
DA:60,12
LF:31
LH:31
end_of_record
TN:
SF:/Users/maarten/Documents/GitHub/agentic/greentic-secrets/greentic-secrets-support/src/crypto.rs
FNF:0
DA:19,63
DA:20,126
DA:21,126
DA:22,189
DA:23,63
DA:25,252
DA:26,63
DA:27,189
DA:29,189
DA:30,126
DA:31,126
DA:32,126
DA:33,63
DA:34,63
DA:36,63
DA:38,189
DA:39,189
DA:40,189
DA:41,126
DA:45,51
DA:46,102
DA:47,102
DA:48,51
DA:49,51
DA:50,0
DA:51,0
DA:52,0
DA:55,153
DA:57,204
DA:58,51
DA:59,153
DA:61,153
DA:62,99
DA:64,102
DA:65,51
DA:66,51
DA:67,51
DA:69,60
DA:71,48
LF:39
LH:36
end_of_record
TN:
SF:/Users/maarten/Documents/GitHub/agentic/greentic-secrets/greentic-secrets-support/src/key_provider.rs
FN:14,<impl KeyProvider for Arc<T>>::wrap_dek
FN:18,<impl KeyProvider for Arc<T>>::unwrap_dek
FN:27,<impl KeyProvider for Box<T>>::wrap_dek
FN:31,<impl KeyProvider for Box<T>>::unwrap_dek
FNF:4
FNDA:0,<impl KeyProvider for Arc<T>>::wrap_dek
FNDA:0,<impl KeyProvider for Arc<T>>::unwrap_dek
FNDA:16,<impl KeyProvider for Box<T>>::wrap_dek
FNDA:0,<impl KeyProvider for Box<T>>::unwrap_dek
DA:14,0
DA:15,0
DA:18,0
DA:19,0
DA:27,16
DA:28,64
DA:31,0
DA:32,0
LF:8
LH:2
end_of_record
TN:
SF:/Users/maarten/Documents/GitHub/agentic/greentic-secrets/greentic-secrets-support/src/keyutil.rs
FN:3,parse
FNF:1
FNDA:98,parse
DA:3,98
DA:4,196
LF:2
LH:2
end_of_record
TN:
SF:/Users/maarten/Documents/GitHub/agentic/greentic-secrets/greentic-secrets-support/src/result_ext.rs
FN:7,<impl ResultExt for Result<T,E>>::not_found_if
FNF:1
FNDA:0,<impl ResultExt for Result<T,E>>::not_found_if
DA:7,0
DA:8,0
DA:9,0
DA:10,0
DA:11,0
DA:12,0
DA:14,0
LF:7
LH:0
end_of_record
TN:
SF:/Users/maarten/Documents/GitHub/agentic/greentic-secrets/greentic-secrets-wit/src/lib.rs
FN:5,secrets_world
FNF:1
FNDA:0,secrets_world
DA:5,0
DA:6,0
LF:2
LH:0
end_of_record
TN:
SF:/Users/maarten/Documents/GitHub/agentic/greentic-secrets/providers/greentic-aws-sm/src/lib.rs
FN:31,build_backend
FN:49,AwsSecretsBackend::new
FN:56,AwsSecretsBackend::key
FN:70,AwsSecretsBackend::matches_scope
FN:76,<impl SecretsBackend for AwsSecretsBackend>::put
FN:89,<impl SecretsBackend for AwsSecretsBackend>::get
FN:111,<impl SecretsBackend for AwsSecretsBackend>::list
FN:147,<impl SecretsBackend for AwsSecretsBackend>::delete
FN:164,<impl SecretsBackend for AwsSecretsBackend>::versions
FN:176,<impl SecretsBackend for AwsSecretsBackend>::exists
FN:194,AwsKmsKeyProvider::new
FN:201,AwsKmsKeyProvider::get_or_create_kek
FN:216,<impl KeyProvider for AwsKmsKeyProvider>::wrap_dek
FN:226,<impl KeyProvider for AwsKmsKeyProvider>::unwrap_dek
FN:237,xor
FN:244,decode_bytes
FN:257,AwsProviderConfig::from_env
FN:275,AliasMap::from_env
FN:307,AliasMap::resolve
FN:316,AliasMap::with_default
FN:333,StoredSecret::from_record
FN:341,StoredSecret::with_version
FN:346,StoredSecret::into_versioned
FN:365,StoredSecret::into_list_item
FN:387,StoredRecord::from_record
FN:395,StoredRecord::into_record
FN:413,StoredEnvelope::from_envelope
FN:422,StoredEnvelope::into_envelope
FNF:28
FNDA:0,build_backend
FNDA:2,AwsSecretsBackend::new
FNDA:8,AwsSecretsBackend::key
FNDA:0,AwsSecretsBackend::matches_scope
FNDA:3,<impl SecretsBackend for AwsSecretsBackend>::put
FNDA:3,<impl SecretsBackend for AwsSecretsBackend>::get
FNDA:0,<impl SecretsBackend for AwsSecretsBackend>::list
FNDA:1,<impl SecretsBackend for AwsSecretsBackend>::delete
FNDA:0,<impl SecretsBackend for AwsSecretsBackend>::versions
FNDA:1,<impl SecretsBackend for AwsSecretsBackend>::exists
FNDA:1,AwsKmsKeyProvider::new
FNDA:2,AwsKmsKeyProvider::get_or_create_kek
FNDA:1,<impl KeyProvider for AwsKmsKeyProvider>::wrap_dek
FNDA:1,<impl KeyProvider for AwsKmsKeyProvider>::unwrap_dek
FNDA:2,xor
FNDA:8,decode_bytes
FNDA:0,AwsProviderConfig::from_env
FNDA:0,AliasMap::from_env
FNDA:2,AliasMap::resolve
FNDA:3,AliasMap::with_default
FNDA:3,StoredSecret::from_record
FNDA:3,StoredSecret::with_version
FNDA:2,StoredSecret::into_versioned
FNDA:0,StoredSecret::into_list_item
FNDA:3,StoredRecord::from_record
FNDA:2,StoredRecord::into_record
FNDA:3,StoredEnvelope::from_envelope
FNDA:2,StoredEnvelope::into_envelope
DA:31,0
DA:32,0
DA:33,0
DA:34,0
DA:35,0
DA:36,0
DA:37,0
DA:49,2
DA:52,4
DA:56,8
DA:57,8
DA:60,16
DA:61,8
DA:62,8
DA:63,32
DA:64,8
DA:65,16
DA:66,16
DA:70,0
DA:71,0
DA:76,3
DA:77,9
DA:78,12
DA:79,12
DA:80,13
DA:81,15
DA:82,9
DA:83,3
DA:84,3
DA:85,3
DA:89,3
DA:90,9
DA:91,15
DA:92,6
DA:93,0
DA:95,6
DA:96,6
DA:97,4
DA:99,3
DA:100,0
DA:101,3
DA:102,3
DA:103,1
DA:105,4
DA:111,0
DA:117,0
DA:118,0
DA:119,0
DA:120,0
DA:121,0
DA:123,0
DA:124,0
DA:125,0
DA:127,0
DA:128,0
DA:129,0
DA:132,0
DA:134,0
DA:135,0
DA:138,0
DA:140,0
DA:144,0
DA:147,1
DA:148,3
DA:149,3
DA:150,3
DA:151,1
DA:152,5
DA:153,3
DA:154,1
DA:155,1
DA:156,1
DA:158,1
DA:159,1
DA:160,1
DA:164,0
DA:165,0
DA:166,0
DA:167,0
DA:168,0
DA:169,0
DA:170,0
DA:171,0
DA:173,0
DA:176,1
DA:177,3
DA:178,2
DA:179,3
DA:180,3
DA:181,2
DA:182,1
DA:194,1
DA:197,2
DA:201,2
DA:202,6
DA:203,4
DA:204,4
DA:205,3
DA:206,2
DA:207,2
DA:208,3
DA:209,2
DA:216,1
DA:217,2
DA:218,1
DA:219,1
DA:220,3
DA:221,1
DA:222,4
DA:223,2
DA:226,1
DA:227,2
DA:228,1
DA:229,1
DA:230,3
DA:231,1
DA:232,4
DA:233,2
DA:237,2
DA:238,4
DA:240,32
DA:244,8
DA:245,8
DA:246,24
DA:247,8
DA:257,0
DA:258,0
DA:259,0
DA:261,0
DA:262,0
DA:275,0
DA:276,0
DA:277,0
DA:278,0
DA:280,0
DA:281,0
DA:282,0
DA:284,0
DA:285,0
DA:286,0
DA:288,0
DA:289,0
DA:290,0
DA:291,0
DA:293,0
DA:294,0
DA:296,0
DA:300,0
DA:301,0
DA:302,0
DA:303,0
DA:307,2
DA:308,2
DA:309,8
DA:310,8
DA:311,6
DA:312,2
DA:316,3
DA:318,6
DA:319,3
DA:320,3
DA:333,3
DA:336,3
DA:337,6
DA:341,3
DA:342,3
DA:343,3
DA:346,2
DA:347,2
DA:348,0
DA:349,0
DA:350,0
DA:351,0
DA:354,4
DA:355,2
DA:356,2
DA:358,2
DA:359,2
DA:360,2
DA:361,2
DA:365,0
DA:366,0
DA:367,0
DA:369,0
DA:370,0
DA:371,0
DA:372,0
DA:373,0
DA:374,0
DA:387,3
DA:388,3
DA:389,9
DA:390,9
DA:391,6
DA:395,2
DA:396,2
DA:397,2
DA:398,4
DA:399,4
DA:413,3
DA:415,9
DA:416,12
DA:417,12
DA:418,6
DA:422,2
DA:424,2
DA:425,2
DA:426,2
DA:427,2
DA:428,4
DA:429,4
DA:430,4
LF:212
LH:135
end_of_record
TN:
SF:/Users/maarten/Documents/GitHub/agentic/greentic-secrets/providers/greentic-azure-kv/src/lib.rs
FN:30,build_backend
FN:47,AzureSecretsBackend::new
FN:54,AzureSecretsBackend::secret_name
FN:66,AzureSecretsBackend::matches_scope
FN:72,<impl SecretsBackend for AzureSecretsBackend>::put
FN:84,<impl SecretsBackend for AzureSecretsBackend>::get
FN:106,<impl SecretsBackend for AzureSecretsBackend>::list
FN:142,<impl SecretsBackend for AzureSecretsBackend>::delete
FN:159,<impl SecretsBackend for AzureSecretsBackend>::versions
FN:173,<impl SecretsBackend for AzureSecretsBackend>::exists
FN:190,AzureKeyProvider::new
FN:197,AzureKeyProvider::get_or_create_key
FN:214,<impl KeyProvider for AzureKeyProvider>::wrap_dek
FN:228,<impl KeyProvider for AzureKeyProvider>::unwrap_dek
FN:248,decode_bytes
FN:262,AzureProviderConfig::from_env
FN:282,AliasMap::from_env
FN:312,AliasMap::resolve
FN:321,AliasMap::with_default
FN:338,StoredSecret::from_record
FN:346,StoredSecret::with_version
FN:351,StoredSecret::into_versioned
FN:370,StoredSecret::into_list_item
FN:392,StoredRecord::from_record
FN:400,StoredRecord::into_record
FN:418,StoredEnvelope::from_envelope
FN:427,StoredEnvelope::into_envelope
FNF:27
FNDA:0,build_backend
FNDA:1,AzureSecretsBackend::new
FNDA:2,AzureSecretsBackend::secret_name
FNDA:0,AzureSecretsBackend::matches_scope
FNDA:1,<impl SecretsBackend for AzureSecretsBackend>::put
FNDA:1,<impl SecretsBackend for AzureSecretsBackend>::get
FNDA:0,<impl SecretsBackend for AzureSecretsBackend>::list
FNDA:0,<impl SecretsBackend for AzureSecretsBackend>::delete
FNDA:0,<impl SecretsBackend for AzureSecretsBackend>::versions
FNDA:0,<impl SecretsBackend for AzureSecretsBackend>::exists
FNDA:1,AzureKeyProvider::new
FNDA:2,AzureKeyProvider::get_or_create_key
FNDA:1,<impl KeyProvider for AzureKeyProvider>::wrap_dek
FNDA:1,<impl KeyProvider for AzureKeyProvider>::unwrap_dek
FNDA:4,decode_bytes
FNDA:0,AzureProviderConfig::from_env
FNDA:1,AliasMap::from_env
FNDA:5,AliasMap::resolve
FNDA:2,AliasMap::with_default
FNDA:1,StoredSecret::from_record
FNDA:1,StoredSecret::with_version
FNDA:1,StoredSecret::into_versioned
FNDA:0,StoredSecret::into_list_item
FNDA:1,StoredRecord::from_record
FNDA:1,StoredRecord::into_record
FNDA:1,StoredEnvelope::from_envelope
FNDA:1,StoredEnvelope::into_envelope
DA:30,0
DA:31,0
DA:32,0
DA:33,0
DA:34,0
DA:35,0
DA:36,0
DA:47,1
DA:50,2
DA:54,2
DA:55,2
DA:59,4
DA:60,4
DA:61,4
DA:62,4
DA:66,0
DA:67,0
DA:72,1
DA:73,3
DA:74,4
DA:75,4
DA:76,4
DA:77,6
DA:78,1
DA:79,1
DA:80,1
DA:84,1
DA:85,3
DA:86,5
DA:87,2
DA:88,0
DA:90,2
DA:91,0
DA:92,2
DA:94,1
DA:95,0
DA:96,1
DA:97,1
DA:98,0
DA:100,2
DA:106,0
DA:112,0
DA:113,0
DA:114,0
DA:115,0
DA:116,0
DA:118,0
DA:119,0
DA:120,0
DA:122,0
DA:123,0
DA:124,0
DA:127,0
DA:129,0
DA:130,0
DA:133,0
DA:135,0
DA:139,0
DA:142,0
DA:143,0
DA:144,0
DA:145,0
DA:146,0
DA:147,0
DA:148,0
DA:149,0
DA:150,0
DA:151,0
DA:153,0
DA:154,0
DA:155,0
DA:159,0
DA:160,0
DA:161,0
DA:162,0
DA:163,0
DA:164,0
DA:165,0
DA:166,0
DA:167,0
DA:168,0
DA:170,0
DA:173,0
DA:174,0
DA:175,0
DA:176,0
DA:177,0
DA:178,0
DA:179,0
DA:190,1
DA:193,2
DA:197,2
DA:198,6
DA:199,5
DA:200,1
DA:203,2
DA:204,3
DA:205,1
DA:206,3
DA:207,2
DA:208,5
DA:209,1
DA:214,1
DA:215,2
DA:216,1
DA:217,1
DA:218,3
DA:219,1
DA:220,4
DA:221,2
DA:222,1
DA:223,1
DA:224,4
DA:225,1
DA:228,1
DA:229,2
DA:230,1
DA:231,1
DA:232,3
DA:233,1
DA:234,4
DA:235,1
DA:236,1
DA:237,3
DA:238,1
DA:248,4
DA:249,4
DA:250,12
DA:251,4
DA:262,0
DA:263,0
DA:264,0
DA:265,0
DA:267,0
DA:268,0
DA:269,0
DA:282,1
DA:283,4
DA:284,2
DA:285,2
DA:286,149
DA:287,151
DA:288,72
DA:290,8
DA:291,4
DA:292,0
DA:294,10
DA:295,2
DA:296,2
DA:297,5
DA:299,3
DA:300,6
DA:302,0
DA:305,1
DA:306,2
DA:307,1
DA:308,1
DA:312,5
DA:313,5
DA:314,20
DA:315,17
DA:316,15
DA:317,5
DA:321,2
DA:323,4
DA:324,2
DA:325,2
DA:338,1
DA:341,1
DA:342,2
DA:346,1
DA:347,1
DA:348,1
DA:351,1
DA:352,1
DA:353,0
DA:354,0
DA:355,0
DA:356,0
DA:359,2
DA:360,1
DA:361,1
DA:363,1
DA:364,1
DA:365,1
DA:366,1
DA:370,0
DA:371,0
DA:372,0
DA:374,0
DA:375,0
DA:376,0
DA:377,0
DA:378,0
DA:379,0
DA:392,1
DA:393,1
DA:394,3
DA:395,3
DA:396,2
DA:400,1
DA:401,1
DA:402,1
DA:403,2
DA:404,2
DA:418,1
DA:420,3
DA:421,4
DA:422,4
DA:423,2
DA:427,1
DA:429,1
DA:430,1
DA:431,1
DA:432,1
DA:433,2
DA:434,2
DA:435,2
LF:218
LH:134
end_of_record
TN:
SF:/Users/maarten/Documents/GitHub/agentic/greentic-secrets/providers/greentic-dev/src/lib.rs
FN:31,DevKeyProvider::from_env
FN:37,DevKeyProvider::from_material
FN:48,<impl KeyProvider for DevKeyProvider>::wrap_dek
FN:52,<impl KeyProvider for DevKeyProvider>::unwrap_dek
FN:57,xor_with_key
FN:78,VersionEntry::live
FN:86,VersionEntry::tombstone
FN:94,VersionEntry::as_version
FN:101,VersionEntry::as_versioned
FN:116,Persistence::load
FN:154,Persistence::persist
FN:189,PersistedState::from_state
FN:201,PersistedState::into_state
FN:224,<impl Default for DevBackend>::default
FN:231,DevBackend::new
FN:239,DevBackend::with_persistence
FN:250,DevBackend::from_env
FN:263,DevBackend::persist_if_needed
FN:272,<impl SecretsBackend for DevBackend>::put
FN:296,<impl SecretsBackend for DevBackend>::get
FN:317,<impl SecretsBackend for DevBackend>::list
FN:371,<impl SecretsBackend for DevBackend>::delete
FN:409,<impl SecretsBackend for DevBackend>::versions
FN:420,<impl SecretsBackend for DevBackend>::exists
FNF:24
FNDA:20,DevKeyProvider::from_env
FNDA:21,DevKeyProvider::from_material
FNDA:10,<impl KeyProvider for DevKeyProvider>::wrap_dek
FNDA:1,<impl KeyProvider for DevKeyProvider>::unwrap_dek
FNDA:11,xor_with_key
FNDA:21,VersionEntry::live
FNDA:4,VersionEntry::tombstone
FNDA:0,VersionEntry::as_version
FNDA:21,VersionEntry::as_versioned
FNDA:20,Persistence::load
FNDA:15,Persistence::persist
FNDA:15,PersistedState::from_state
FNDA:0,PersistedState::into_state
FNDA:0,<impl Default for DevBackend>::default
FNDA:4,DevBackend::new
FNDA:20,DevBackend::with_persistence
FNDA:20,DevBackend::from_env
FNDA:15,DevBackend::persist_if_needed
FNDA:21,<impl SecretsBackend for DevBackend>::put
FNDA:25,<impl SecretsBackend for DevBackend>::get
FNDA:11,<impl SecretsBackend for DevBackend>::list
FNDA:4,<impl SecretsBackend for DevBackend>::delete
FNDA:0,<impl SecretsBackend for DevBackend>::versions
FNDA:3,<impl SecretsBackend for DevBackend>::exists
DA:31,20
DA:32,60
DA:33,40
DA:37,21
DA:38,42
DA:39,63
DA:40,63
DA:41,42
DA:42,63
DA:48,10
DA:49,20
DA:52,1
DA:53,2
DA:57,11
DA:58,11
DA:61,905
DA:78,21
DA:82,21
DA:86,4
DA:94,0
DA:96,0
DA:97,0
DA:101,21
DA:103,42
DA:104,42
DA:105,21
DA:116,20
DA:117,40
DA:122,40
DA:123,20
DA:125,40
DA:126,20
DA:128,40
DA:129,60
DA:130,40
DA:131,0
DA:132,0
DA:133,0
DA:136,0
DA:137,0
DA:138,0
DA:139,0
DA:140,0
DA:141,0
DA:142,0
DA:143,0
DA:147,20
DA:150,20
DA:151,80
DA:154,15
DA:155,30
DA:160,30
DA:161,15
DA:163,30
DA:164,15
DA:166,45
DA:167,60
DA:168,60
DA:170,45
DA:171,15
DA:172,45
DA:173,15
DA:174,15
DA:176,15
DA:178,15
DA:179,15
DA:189,15
DA:190,30
DA:191,15
DA:193,15
DA:194,30
DA:195,30
DA:201,0
DA:202,0
DA:203,0
DA:204,0
DA:224,0
DA:225,0
DA:231,4
DA:233,12
DA:239,20
DA:240,60
DA:241,80
DA:242,20
DA:243,60
DA:244,20
DA:250,20
DA:251,40
DA:252,60
DA:255,0
DA:256,0
DA:257,0
DA:259,0
DA:263,15
DA:264,30
DA:265,45
DA:267,15
DA:272,21
DA:273,63
DA:274,42
DA:275,105
DA:276,89
DA:278,105
DA:279,63
DA:280,12
DA:282,9
DA:284,42
DA:286,33
DA:287,36
DA:290,21
DA:291,21
DA:292,21
DA:296,25
DA:297,75
DA:298,50
DA:299,75
DA:300,50
DA:301,0
DA:304,26
DA:305,5
DA:306,5
DA:309,60
DA:310,4
DA:313,100
DA:314,80
DA:317,11
DA:323,22
DA:324,22
DA:326,37
DA:327,30
DA:328,0
DA:331,60
DA:332,30
DA:333,0
DA:336,30
DA:337,30
DA:338,0
DA:341,45
DA:342,60
DA:343,0
DA:345,30
DA:346,0
DA:349,30
DA:350,30
DA:351,2
DA:355,15
DA:356,4
DA:357,1
DA:361,36
DA:362,12
DA:363,12
DA:367,25
DA:368,11
DA:371,4
DA:372,12
DA:373,8
DA:374,12
DA:375,8
DA:377,0
DA:378,0
DA:383,16
DA:384,4
DA:385,0
DA:386,0
DA:390,20
DA:391,16
DA:392,12
DA:393,3
DA:395,1
DA:397,8
DA:399,7
DA:400,9
DA:403,4
DA:404,4
DA:405,4
DA:409,0
DA:410,0
DA:411,0
DA:412,0
DA:413,0
DA:414,0
DA:417,0
DA:420,3
DA:421,9
DA:422,6
DA:423,9
DA:424,6
DA:425,0
DA:428,11
LF:189
LH:147
end_of_record
TN:
SF:/Users/maarten/Documents/GitHub/agentic/greentic-secrets/providers/greentic-gcp-sm/src/lib.rs
FN:29,build_backend
FN:46,GcpSecretsBackend::new
FN:53,GcpSecretsBackend::secret_name
FN:64,GcpSecretsBackend::matches_scope
FN:70,<impl SecretsBackend for GcpSecretsBackend>::put
FN:82,<impl SecretsBackend for GcpSecretsBackend>::get
FN:98,<impl SecretsBackend for GcpSecretsBackend>::list
FN:134,<impl SecretsBackend for GcpSecretsBackend>::delete
FN:151,<impl SecretsBackend for GcpSecretsBackend>::versions
FN:165,<impl SecretsBackend for GcpSecretsBackend>::exists
FN:182,GcpKmsKeyProvider::new
FN:189,GcpKmsKeyProvider::get_or_create_kek
FN:204,<impl KeyProvider for GcpKmsKeyProvider>::wrap_dek
FN:214,<impl KeyProvider for GcpKmsKeyProvider>::unwrap_dek
FN:225,xor
FN:232,decode_bytes
FN:246,GcpProviderConfig::from_env
FN:268,AliasMap::from_env
FN:298,AliasMap::resolve
FN:307,AliasMap::with_default
FN:324,StoredSecret::from_record
FN:332,StoredSecret::with_version
FN:337,StoredSecret::into_versioned
FN:356,StoredSecret::into_list_item
FN:378,StoredRecord::from_record
FN:386,StoredRecord::into_record
FN:404,StoredEnvelope::from_envelope
FN:413,StoredEnvelope::into_envelope
FNF:28
FNDA:0,build_backend
FNDA:1,GcpSecretsBackend::new
FNDA:1,GcpSecretsBackend::secret_name
FNDA:1,GcpSecretsBackend::matches_scope
FNDA:1,<impl SecretsBackend for GcpSecretsBackend>::put
FNDA:0,<impl SecretsBackend for GcpSecretsBackend>::get
FNDA:1,<impl SecretsBackend for GcpSecretsBackend>::list
FNDA:0,<impl SecretsBackend for GcpSecretsBackend>::delete
FNDA:0,<impl SecretsBackend for GcpSecretsBackend>::versions
FNDA:0,<impl SecretsBackend for GcpSecretsBackend>::exists
FNDA:1,GcpKmsKeyProvider::new
FNDA:2,GcpKmsKeyProvider::get_or_create_kek
FNDA:1,<impl KeyProvider for GcpKmsKeyProvider>::wrap_dek
FNDA:1,<impl KeyProvider for GcpKmsKeyProvider>::unwrap_dek
FNDA:2,xor
FNDA:0,decode_bytes
FNDA:0,GcpProviderConfig::from_env
FNDA:0,AliasMap::from_env
FNDA:2,AliasMap::resolve
FNDA:2,AliasMap::with_default
FNDA:1,StoredSecret::from_record
FNDA:1,StoredSecret::with_version
FNDA:0,StoredSecret::into_versioned
FNDA:1,StoredSecret::into_list_item
FNDA:1,StoredRecord::from_record
FNDA:0,StoredRecord::into_record
FNDA:1,StoredEnvelope::from_envelope
FNDA:0,StoredEnvelope::into_envelope
DA:29,0
DA:30,0
DA:31,0
DA:32,0
DA:33,0
DA:34,0
DA:35,0
DA:46,1
DA:49,2
DA:53,1
DA:54,1
DA:58,2
DA:59,2
DA:60,2
DA:64,1
DA:65,8
DA:70,1
DA:71,3
DA:72,4
DA:73,4
DA:74,4
DA:75,6
DA:76,1
DA:77,1
DA:78,1
DA:82,0
DA:83,0
DA:84,0
DA:85,0
DA:86,0
DA:88,0
DA:89,0
DA:90,0
DA:92,0
DA:93,0
DA:94,0
DA:98,1
DA:104,3
DA:105,2
DA:106,4
DA:107,2
DA:108,0
DA:110,2
DA:111,1
DA:112,0
DA:114,4
DA:115,1
DA:116,4
DA:119,0
DA:121,1
DA:122,4
DA:125,0
DA:127,3
DA:131,1
DA:134,0
DA:135,0
DA:136,0
DA:137,0
DA:138,0
DA:139,0
DA:140,0
DA:141,0
DA:142,0
DA:143,0
DA:145,0
DA:146,0
DA:147,0
DA:151,0
DA:152,0
DA:153,0
DA:154,0
DA:155,0
DA:156,0
DA:157,0
DA:158,0
DA:159,0
DA:160,0
DA:162,0
DA:165,0
DA:166,0
DA:167,0
DA:168,0
DA:169,0
DA:170,0
DA:171,0
DA:182,1
DA:185,2
DA:189,2
DA:190,6
DA:191,4
DA:192,4
DA:193,3
DA:194,2
DA:195,2
DA:196,3
DA:197,2
DA:204,1
DA:205,2
DA:206,1
DA:207,1
DA:208,3
DA:209,1
DA:210,4
DA:211,2
DA:214,1
DA:215,2
DA:216,1
DA:217,1
DA:218,3
DA:219,1
DA:220,4
DA:221,2
DA:225,2
DA:226,4
DA:228,26
DA:232,0
DA:233,0
DA:234,0
DA:235,0
DA:246,0
DA:247,0
DA:248,0
DA:249,0
DA:250,0
DA:251,0
DA:253,0
DA:254,0
DA:255,0
DA:268,0
DA:269,0
DA:270,0
DA:271,0
DA:272,0
DA:273,0
DA:274,0
DA:276,0
DA:277,0
DA:278,0
DA:280,0
DA:281,0
DA:282,0
DA:283,0
DA:285,0
DA:286,0
DA:288,0
DA:291,0
DA:292,0
DA:293,0
DA:294,0
DA:298,2
DA:299,2
DA:300,8
DA:301,8
DA:302,6
DA:303,2
DA:307,2
DA:309,4
DA:310,2
DA:311,2
DA:324,1
DA:327,1
DA:328,2
DA:332,1
DA:333,1
DA:334,1
DA:337,0
DA:338,0
DA:339,0
DA:340,0
DA:341,0
DA:342,0
DA:345,0
DA:346,0
DA:347,0
DA:349,0
DA:350,0
DA:351,0
DA:352,0
DA:356,1
DA:357,1
DA:358,0
DA:360,2
DA:361,1
DA:362,1
DA:363,2
DA:364,2
DA:365,1
DA:378,1
DA:379,1
DA:380,3
DA:381,3
DA:382,2
DA:386,0
DA:387,0
DA:388,0
DA:389,0
DA:390,0
DA:404,1
DA:406,3
DA:407,4
DA:408,4
DA:409,2
DA:413,0
DA:415,0
DA:416,0
DA:417,0
DA:418,0
DA:419,0
DA:420,0
DA:421,0
LF:210
LH:96
end_of_record
TN:
SF:/Users/maarten/Documents/GitHub/agentic/greentic-secrets/providers/greentic-k8s/src/lib.rs
FN:38,build_backend
FN:60,K8sSecretsBackend::new
FN:67,K8sSecretsBackend::storage_key
FN:75,K8sSecretsBackend::namespace
FN:81,<impl SecretsBackend for K8sSecretsBackend>::put
FN:118,<impl SecretsBackend for K8sSecretsBackend>::get
FN:134,<impl SecretsBackend for K8sSecretsBackend>::list
FN:172,<impl SecretsBackend for K8sSecretsBackend>::delete
FN:190,<impl SecretsBackend for K8sSecretsBackend>::versions
FN:204,<impl SecretsBackend for K8sSecretsBackend>::exists
FN:221,K8sKeyProvider::new
FN:228,K8sKeyProvider::get_or_create_key
FN:243,<impl KeyProvider for K8sKeyProvider>::wrap_dek
FN:253,<impl KeyProvider for K8sKeyProvider>::unwrap_dek
FN:264,xor_bytes
FN:280,K8sProviderConfig::from_env
FN:304,AliasMap::from_env
FN:334,AliasMap::resolve
FN:343,AliasMap::with_default
FN:362,StoredSecret::from_record
FN:375,StoredSecret::with_version
FN:380,StoredSecret::into_versioned
FN:399,StoredSecret::into_list_item
FN:421,StoredRecord::from_record
FN:429,StoredRecord::into_record
FN:447,StoredEnvelope::from_envelope
FN:456,StoredEnvelope::into_envelope
FN:469,namespace_for_scope
FN:479,secret_resource_name
FN:490,sanitize_label
FN:515,join_labels
FN:541,canonical_storage_key
FN:552,decode_bytes
FNF:33
FNDA:0,build_backend
FNDA:2,K8sSecretsBackend::new
FNDA:4,K8sSecretsBackend::storage_key
FNDA:2,K8sSecretsBackend::namespace
FNDA:3,<impl SecretsBackend for K8sSecretsBackend>::put
FNDA:2,<impl SecretsBackend for K8sSecretsBackend>::get
FNDA:0,<impl SecretsBackend for K8sSecretsBackend>::list
FNDA:0,<impl SecretsBackend for K8sSecretsBackend>::delete
FNDA:0,<impl SecretsBackend for K8sSecretsBackend>::versions
FNDA:0,<impl SecretsBackend for K8sSecretsBackend>::exists
FNDA:1,K8sKeyProvider::new
FNDA:2,K8sKeyProvider::get_or_create_key
FNDA:1,<impl KeyProvider for K8sKeyProvider>::wrap_dek
FNDA:1,<impl KeyProvider for K8sKeyProvider>::unwrap_dek
FNDA:2,xor_bytes
FNDA:0,K8sProviderConfig::from_env
FNDA:0,AliasMap::from_env
FNDA:2,AliasMap::resolve
FNDA:4,AliasMap::with_default
FNDA:2,StoredSecret::from_record
FNDA:2,StoredSecret::with_version
FNDA:2,StoredSecret::into_versioned
FNDA:0,StoredSecret::into_list_item
FNDA:2,StoredRecord::from_record
FNDA:2,StoredRecord::into_record
FNDA:2,StoredEnvelope::from_envelope
FNDA:2,StoredEnvelope::into_envelope
FNDA:7,namespace_for_scope
FNDA:3,secret_resource_name
FNDA:33,sanitize_label
FNDA:10,join_labels
FNDA:4,canonical_storage_key
FNDA:8,decode_bytes
DA:38,0
DA:39,0
DA:41,0
DA:42,0
DA:45,0
DA:46,0
DA:47,0
DA:48,0
DA:49,0
DA:60,2
DA:63,4
DA:67,4
DA:68,4
DA:70,12
DA:71,8
DA:75,2
DA:76,6
DA:81,3
DA:82,6
DA:83,1
DA:84,1
DA:85,1
DA:89,6
DA:90,8
DA:91,8
DA:92,9
DA:93,8
DA:94,8
DA:95,4
DA:96,0
DA:98,2
DA:100,2
DA:106,0
DA:108,4
DA:109,6
DA:110,4
DA:112,2
DA:113,2
DA:114,2
DA:118,2
DA:119,6
DA:120,10
DA:121,4
DA:122,0
DA:124,4
DA:125,6
DA:126,2
DA:128,2
DA:129,6
DA:130,0
DA:134,0
DA:140,0
DA:141,0
DA:142,0
DA:143,0
DA:144,0
DA:145,0
DA:147,0
DA:148,0
DA:150,0
DA:151,0
DA:152,0
DA:154,0
DA:155,0
DA:156,0
DA:159,0
DA:160,0
DA:161,0
DA:164,0
DA:165,0
DA:169,0
DA:172,0
DA:173,0
DA:174,0
DA:175,0
DA:176,0
DA:177,0
DA:178,0
DA:179,0
DA:180,0
DA:181,0
DA:182,0
DA:184,0
DA:185,0
DA:186,0
DA:190,0
DA:191,0
DA:192,0
DA:193,0
DA:194,0
DA:195,0
DA:196,0
DA:197,0
DA:198,0
DA:199,0
DA:201,0
DA:204,0
DA:205,0
DA:206,0
DA:207,0
DA:208,0
DA:209,0
DA:210,0
DA:221,1
DA:224,2
DA:228,2
DA:229,6
DA:230,4
DA:231,4
DA:232,3
DA:233,2
DA:234,2
DA:235,3
DA:236,2
DA:243,1
DA:244,2
DA:245,1
DA:246,1
DA:247,3
DA:248,1
DA:249,4
DA:250,2
DA:253,1
DA:254,2
DA:255,1
DA:256,1
DA:257,3
DA:258,1
DA:259,4
DA:260,2
DA:264,2
DA:265,4
DA:267,194
DA:280,0
DA:281,0
DA:282,0
DA:283,0
DA:285,0
DA:286,0
DA:288,0
DA:289,0
DA:290,0
DA:304,0
DA:305,0
DA:306,0
DA:307,0
DA:308,0
DA:309,0
DA:310,0
DA:312,0
DA:313,0
DA:314,0
DA:316,0
DA:317,0
DA:318,0
DA:319,0
DA:321,0
DA:322,0
DA:324,0
DA:327,0
DA:328,0
DA:329,0
DA:330,0
DA:334,2
DA:335,2
DA:336,8
DA:337,8
DA:338,6
DA:339,2
DA:343,4
DA:345,8
DA:346,4
DA:347,4
DA:362,2
DA:369,2
DA:370,4
DA:371,2
DA:375,2
DA:376,2
DA:377,2
DA:380,2
DA:381,2
DA:382,0
DA:383,0
DA:384,0
DA:385,0
DA:388,4
DA:389,2
DA:390,2
DA:392,2
DA:393,2
DA:394,2
DA:395,2
DA:399,0
DA:400,0
DA:401,0
DA:403,0
DA:404,0
DA:405,0
DA:406,0
DA:407,0
DA:408,0
DA:421,2
DA:422,2
DA:423,6
DA:424,6
DA:425,4
DA:429,2
DA:430,2
DA:431,2
DA:432,4
DA:433,4
DA:447,2
DA:449,6
DA:450,8
DA:451,8
DA:452,4
DA:456,2
DA:458,2
DA:459,2
DA:460,2
DA:461,2
DA:462,4
DA:463,4
DA:464,4
DA:469,7
DA:470,14
DA:471,14
DA:472,21
DA:474,28
DA:475,28
DA:476,14
DA:479,3
DA:480,6
DA:481,9
DA:482,9
DA:484,12
DA:485,12
DA:486,12
DA:487,6
DA:490,33
DA:491,66
DA:492,233
DA:493,167
DA:494,659
DA:496,6
DA:497,3
DA:500,0
DA:503,33
DA:504,0
DA:506,33
DA:507,0
DA:509,66
DA:510,0
DA:512,33
DA:515,10
DA:516,20
DA:517,76
DA:518,66
DA:519,0
DA:521,56
DA:522,23
DA:524,99
DA:526,20
DA:527,0
DA:529,20
DA:530,0
DA:531,0
DA:532,0
DA:534,0
DA:535,0
DA:538,10
DA:541,4
DA:542,4
DA:544,8
DA:545,8
DA:546,16
DA:547,8
DA:548,8
DA:552,8
DA:553,8
DA:554,24
DA:555,8
LF:283
LH:163
end_of_record
TN:
SF:/Users/maarten/Documents/GitHub/agentic/greentic-secrets/providers/greentic-vault-kv/src/lib.rs
FN:33,build_backend
FN:50,VaultSecretsBackend::new
FN:57,VaultSecretsBackend::kv_path
FN:71,VaultSecretsBackend::matches_scope
FN:77,<impl SecretsBackend for VaultSecretsBackend>::put
FN:95,<impl SecretsBackend for VaultSecretsBackend>::get
FN:117,<impl SecretsBackend for VaultSecretsBackend>::list
FN:153,<impl SecretsBackend for VaultSecretsBackend>::delete
FN:170,<impl SecretsBackend for VaultSecretsBackend>::versions
FN:184,<impl SecretsBackend for VaultSecretsBackend>::exists
FN:201,VaultTransitProvider::new
FN:208,VaultTransitProvider::get_or_create_key
FN:223,<impl KeyProvider for VaultTransitProvider>::wrap_dek
FN:233,<impl KeyProvider for VaultTransitProvider>::unwrap_dek
FN:244,xor
FN:251,decode_bytes
FN:265,VaultProviderConfig::from_env
FN:286,AliasMap::from_env
FN:316,AliasMap::resolve
FN:325,AliasMap::with_default
FN:342,StoredSecret::from_record
FN:350,StoredSecret::with_version
FN:355,StoredSecret::into_versioned
FN:374,StoredSecret::into_list_item
FN:396,StoredRecord::from_record
FN:404,StoredRecord::into_record
FN:422,StoredEnvelope::from_envelope
FN:431,StoredEnvelope::into_envelope
FN:444,entry_path_label
FNF:29
FNDA:0,build_backend
FNDA:1,VaultSecretsBackend::new
FNDA:1,VaultSecretsBackend::kv_path
FNDA:0,VaultSecretsBackend::matches_scope
FNDA:0,<impl SecretsBackend for VaultSecretsBackend>::put
FNDA:0,<impl SecretsBackend for VaultSecretsBackend>::get
FNDA:0,<impl SecretsBackend for VaultSecretsBackend>::list
FNDA:0,<impl SecretsBackend for VaultSecretsBackend>::delete
FNDA:0,<impl SecretsBackend for VaultSecretsBackend>::versions
FNDA:0,<impl SecretsBackend for VaultSecretsBackend>::exists
FNDA:1,VaultTransitProvider::new
FNDA:2,VaultTransitProvider::get_or_create_key
FNDA:1,<impl KeyProvider for VaultTransitProvider>::wrap_dek
FNDA:1,<impl KeyProvider for VaultTransitProvider>::unwrap_dek
FNDA:2,xor
FNDA:0,decode_bytes
FNDA:0,VaultProviderConfig::from_env
FNDA:1,AliasMap::from_env
FNDA:5,AliasMap::resolve
FNDA:2,AliasMap::with_default
FNDA:0,StoredSecret::from_record
FNDA:0,StoredSecret::with_version
FNDA:0,StoredSecret::into_versioned
FNDA:0,StoredSecret::into_list_item
FNDA:0,StoredRecord::from_record
FNDA:0,StoredRecord::into_record
FNDA:0,StoredEnvelope::from_envelope
FNDA:0,StoredEnvelope::into_envelope
FNDA:0,entry_path_label
DA:33,0
DA:34,0
DA:35,0
DA:36,0
DA:37,0
DA:38,0
DA:39,0
DA:50,1
DA:53,2
DA:57,1
DA:58,5
DA:59,1
DA:63,2
DA:64,2
DA:66,2
DA:67,2
DA:71,0
DA:72,0
DA:77,0
DA:78,0
DA:79,0
DA:80,0
DA:81,0
DA:82,0
DA:84,0
DA:86,0
DA:88,0
DA:89,0
DA:90,0
DA:91,0
DA:95,0
DA:96,0
DA:97,0
DA:98,0
DA:99,0
DA:101,0
DA:102,0
DA:103,0
DA:105,0
DA:106,0
DA:107,0
DA:108,0
DA:110,0
DA:113,0
DA:117,0
DA:123,0
DA:124,0
DA:125,0
DA:126,0
DA:127,0
DA:129,0
DA:130,0
DA:131,0
DA:133,0
DA:134,0
DA:135,0
DA:138,0
DA:140,0
DA:141,0
DA:144,0
DA:146,0
DA:150,0
DA:153,0
DA:154,0
DA:155,0
DA:156,0
DA:157,0
DA:158,0
DA:159,0
DA:160,0
DA:161,0
DA:162,0
DA:164,0
DA:165,0
DA:166,0
DA:170,0
DA:171,0
DA:172,0
DA:173,0
DA:174,0
DA:175,0
DA:176,0
DA:177,0
DA:178,0
DA:179,0
DA:181,0
DA:184,0
DA:185,0
DA:186,0
DA:187,0
DA:188,0
DA:189,0
DA:190,0
DA:201,1
DA:204,2
DA:208,2
DA:209,6
DA:210,4
DA:211,4
DA:212,3
DA:213,2
DA:214,2
DA:215,3
DA:216,2
DA:223,1
DA:224,2
DA:225,1
DA:226,1
DA:227,3
DA:228,1
DA:229,4
DA:230,2
DA:233,1
DA:234,2
DA:235,1
DA:236,1
DA:237,3
DA:238,1
DA:239,4
DA:240,2
DA:244,2
DA:245,4
DA:247,194
DA:251,0
DA:252,0
DA:253,0
DA:254,0
DA:265,0
DA:266,0
DA:267,0
DA:268,0
DA:269,0
DA:271,0
DA:272,0
DA:273,0
DA:286,1
DA:287,4
DA:288,2
DA:289,2
DA:290,149
DA:291,151
DA:292,72
DA:294,8
DA:295,4
DA:296,0
DA:298,10
DA:299,2
DA:300,2
DA:301,5
DA:303,3
DA:304,6
DA:306,0
DA:309,1
DA:310,2
DA:311,1
DA:312,1
DA:316,5
DA:317,5
DA:318,20
DA:319,17
DA:320,15
DA:321,5
DA:325,2
DA:327,4
DA:328,2
DA:329,2
DA:342,0
DA:345,0
DA:346,0
DA:350,0
DA:351,0
DA:352,0
DA:355,0
DA:356,0
DA:357,0
DA:358,0
DA:359,0
DA:360,0
DA:363,0
DA:364,0
DA:365,0
DA:367,0
DA:368,0
DA:369,0
DA:370,0
DA:374,0
DA:375,0
DA:376,0
DA:378,0
DA:379,0
DA:380,0
DA:381,0
DA:382,0
DA:383,0
DA:396,0
DA:397,0
DA:398,0
DA:399,0
DA:400,0
DA:404,0
DA:405,0
DA:406,0
DA:407,0
DA:408,0
DA:422,0
DA:424,0
DA:425,0
DA:426,0
DA:427,0
DA:431,0
DA:433,0
DA:434,0
DA:435,0
DA:436,0
DA:437,0
DA:438,0
DA:439,0
DA:444,0
DA:445,0
DA:446,0
DA:449,0
DA:450,0
DA:452,0
LF:223
LH:68
end_of_record
TN:
SF:/Users/maarten/Documents/GitHub/agentic/greentic-secrets/stubs/aws-config/lib.rs
FNF:0
DA:98,0
DA:99,0
DA:100,0
DA:104,0
DA:105,0
DA:106,0
LF:6
LH:0
end_of_record
TN:
SF:/Users/maarten/Documents/GitHub/agentic/greentic-secrets/stubs/azure_security_keyvault_secrets/lib.rs
FNF:0
DA:86,0
DA:88,0
DA:90,0
DA:94,0
DA:95,0
DA:96,0
DA:97,0
DA:98,0
DA:99,0
DA:101,0
DA:102,0
DA:103,0
DA:104,0
DA:115,0
DA:116,0
DA:117,0
DA:120,0
DA:122,0
DA:123,0
DA:124,0
DA:125,0
DA:127,0
DA:134,0
DA:136,0
DA:137,0
DA:138,0
DA:139,0
DA:144,0
DA:145,0
DA:149,0
DA:150,0
DA:151,0
DA:153,0
DA:155,0
DA:156,0
DA:157,0
DA:160,0
DA:161,0
DA:163,0
DA:164,0
DA:165,0
DA:167,0
DA:170,0
DA:171,0
DA:172,0
DA:177,0
DA:178,0
DA:179,0
DA:180,0
DA:181,0
DA:182,0
DA:183,0
DA:184,0
DA:188,0
DA:189,0
DA:190,0
DA:192,0
DA:194,0
DA:195,0
DA:196,0
DA:199,0
DA:201,0
DA:202,0
LF:63
LH:0
end_of_record
TN:
SF:/Users/maarten/Documents/GitHub/agentic/greentic-secrets/stubs/google-cloud-secretmanager/lib.rs
FNF:0
DA:76,0
DA:78,0
DA:79,0
DA:108,0
DA:109,0
DA:112,0
DA:113,0
DA:114,0
DA:115,0
DA:116,0
DA:118,0
DA:119,0
DA:120,0
DA:121,0
DA:122,0
DA:123,0
DA:124,0
DA:125,0
DA:128,0
LF:19
LH:0
end_of_record
TN:
SF:/Users/maarten/Documents/GitHub/agentic/greentic-secrets/stubs/k8s-openapi/lib.rs
FN:34,apimachinery::pkg::apis::meta::v1::ObjectMeta::named
FN:46,apimachinery::pkg::apis::meta::v1::ObjectMeta::insert_label
FN:73,api::core::v1::Secret::named
FN:88,api::core::v1::Secret::insert_string_data
FNF:4
FNDA:0,apimachinery::pkg::apis::meta::v1::ObjectMeta::named
FNDA:0,apimachinery::pkg::apis::meta::v1::ObjectMeta::insert_label
FNDA:0,api::core::v1::Secret::named
FNDA:0,api::core::v1::Secret::insert_string_data
DA:34,0
DA:35,0
DA:46,0
DA:47,0
DA:73,0
DA:75,0
DA:76,0
DA:77,0
DA:78,0
DA:88,0
DA:89,0
LF:11
LH:0
end_of_record
