TN:
SF:/Users/maarten/Documents/GitHub/agentic/greentic-secrets/components/common/schema_core_api.rs
FN:26,exports::greentic::provider_schema_core::schema_core_api::_export_describe_cabi
FN:41,exports::greentic::provider_schema_core::schema_core_api::__post_return_describe
FN:50,exports::greentic::provider_schema_core::schema_core_api::_export_validate_config_cabi
FN:66,exports::greentic::provider_schema_core::schema_core_api::__post_return_validate_config
FN:75,exports::greentic::provider_schema_core::schema_core_api::_export_healthcheck_cabi
FN:90,exports::greentic::provider_schema_core::schema_core_api::__post_return_healthcheck
FN:99,exports::greentic::provider_schema_core::schema_core_api::_export_invoke_cabi
FN:117,exports::greentic::provider_schema_core::schema_core_api::__post_return_invoke
FNF:8
FNDA:0,exports::greentic::provider_schema_core::schema_core_api::_export_describe_cabi
FNDA:0,exports::greentic::provider_schema_core::schema_core_api::__post_return_describe
FNDA:0,exports::greentic::provider_schema_core::schema_core_api::_export_validate_config_cabi
FNDA:0,exports::greentic::provider_schema_core::schema_core_api::__post_return_validate_config
FNDA:0,exports::greentic::provider_schema_core::schema_core_api::_export_healthcheck_cabi
FNDA:0,exports::greentic::provider_schema_core::schema_core_api::__post_return_healthcheck
FNDA:0,exports::greentic::provider_schema_core::schema_core_api::_export_invoke_cabi
FNDA:0,exports::greentic::provider_schema_core::schema_core_api::__post_return_invoke
DA:26,0
DA:27,0
DA:29,0
DA:30,0
DA:31,0
DA:32,0
DA:33,0
DA:34,0
DA:35,0
DA:36,0
DA:41,0
DA:42,0
DA:43,0
DA:44,0
DA:45,0
DA:50,0
DA:51,0
DA:52,0
DA:54,0
DA:55,0
DA:56,0
DA:57,0
DA:58,0
DA:59,0
DA:60,0
DA:61,0
DA:66,0
DA:67,0
DA:68,0
DA:69,0
DA:70,0
DA:75,0
DA:76,0
DA:78,0
DA:79,0
DA:80,0
DA:81,0
DA:82,0
DA:83,0
DA:84,0
DA:85,0
DA:90,0
DA:91,0
DA:92,0
DA:93,0
DA:94,0
DA:99,0
DA:100,0
DA:101,0
DA:102,0
DA:103,0
DA:105,0
DA:106,0
DA:107,0
DA:108,0
DA:109,0
DA:110,0
DA:111,0
DA:112,0
DA:117,0
DA:118,0
DA:119,0
DA:120,0
DA:121,0
DA:265,0
DA:266,0
LF:66
LH:0
end_of_record
TN:
SF:/Users/maarten/Documents/GitHub/agentic/greentic-secrets/components/secrets-provider-aws-sm/src/lib.rs
FN:14,to_bytes
FN:35,from_bytes
FN:39,ok
FN:43,err
FN:89,host::client_from_config
FN:106,host::ctx
FN:115,host::handle_put
FN:149,host::handle_get
FN:172,host::handle_delete
FN:190,host::<impl Guest for Provider>::describe
FN:199,host::<impl Guest for Provider>::validate_config
FN:206,host::<impl Guest for Provider>::healthcheck
FN:210,host::<impl Guest for Provider>::invoke
FN:249,host::handle_inmemory
FNF:14
FNDA:1,to_bytes
FNDA:1,from_bytes
FNDA:5,ok
FNDA:0,err
FNDA:0,host::client_from_config
FNDA:0,host::ctx
FNDA:0,host::handle_put
FNDA:0,host::handle_get
FNDA:0,host::handle_delete
FNDA:1,host::<impl Guest for Provider>::describe
FNDA:1,host::<impl Guest for Provider>::validate_config
FNDA:0,host::<impl Guest for Provider>::healthcheck
FNDA:3,host::<impl Guest for Provider>::invoke
FNDA:3,host::handle_inmemory
DA:14,1
DA:15,1
DA:16,3
DA:17,0
DA:18,1
DA:20,0
DA:21,0
DA:22,0
DA:23,0
DA:24,0
DA:25,0
DA:29,0
DA:31,0
DA:35,1
DA:36,2
DA:39,5
DA:40,15
DA:43,0
DA:44,0
DA:86,2
DA:87,2
DA:89,0
DA:90,0
DA:91,0
DA:92,0
DA:93,0
DA:94,0
DA:96,0
DA:97,0
DA:98,0
DA:99,0
DA:101,0
DA:103,0
DA:106,0
DA:107,0
DA:108,0
DA:109,0
DA:110,0
DA:112,0
DA:115,0
DA:116,0
DA:117,0
DA:118,0
DA:120,0
DA:121,0
DA:122,0
DA:123,0
DA:124,0
DA:125,0
DA:126,0
DA:127,0
DA:128,0
DA:129,0
DA:130,0
DA:131,0
DA:132,0
DA:133,0
DA:134,0
DA:135,0
DA:136,0
DA:137,0
DA:138,0
DA:141,0
DA:143,0
DA:144,0
DA:145,0
DA:149,0
DA:150,0
DA:151,0
DA:152,0
DA:153,0
DA:154,0
DA:155,0
DA:156,0
DA:157,0
DA:158,0
DA:159,0
DA:160,0
DA:161,0
DA:163,0
DA:166,0
DA:167,0
DA:168,0
DA:172,0
DA:173,0
DA:174,0
DA:175,0
DA:176,0
DA:177,0
DA:178,0
DA:179,0
DA:180,0
DA:181,0
DA:183,0
DA:184,0
DA:185,0
DA:190,1
DA:191,2
DA:192,1
DA:193,1
DA:194,1
DA:195,1
DA:199,1
DA:200,2
DA:201,0
DA:203,3
DA:206,0
DA:207,0
DA:210,3
DA:211,9
DA:212,6
DA:213,0
DA:215,3
DA:216,9
DA:218,0
DA:219,0
DA:220,0
DA:222,0
DA:223,0
DA:224,0
DA:225,0
DA:226,0
DA:228,0
DA:230,0
DA:231,0
DA:232,0
DA:233,0
DA:235,0
DA:237,0
DA:238,0
DA:239,0
DA:240,0
DA:242,0
DA:244,0
DA:249,3
DA:250,3
DA:251,3
DA:252,3
DA:253,2
DA:254,0
DA:256,2
DA:257,2
DA:258,0
DA:260,4
DA:261,3
DA:262,3
DA:264,2
DA:265,3
DA:266,2
DA:267,0
DA:269,4
DA:270,3
DA:271,2
DA:272,0
DA:274,5
DA:276,1
DA:277,3
DA:278,2
DA:279,0
DA:281,4
DA:282,2
DA:283,3
DA:285,0
LF:163
LH:47
end_of_record
TN:
SF:/Users/maarten/Documents/GitHub/agentic/greentic-secrets/components/secrets-provider-azure-kv/src/lib.rs
FN:15,to_bytes
FN:34,from_bytes
FN:37,ok
FN:41,err
FN:99,host::client_from_config
FN:124,host::ctx
FN:133,host::handle_put
FN:157,host::handle_get
FN:178,host::handle_delete
FN:193,host::handle_inmemory
FN:234,host::<impl Guest for Provider>::describe
FN:243,host::<impl Guest for Provider>::validate_config
FN:250,host::<impl Guest for Provider>::healthcheck
FN:254,host::<impl Guest for Provider>::invoke
FNF:14
FNDA:1,to_bytes
FNDA:1,from_bytes
FNDA:2,ok
FNDA:15,err
FNDA:0,host::client_from_config
FNDA:0,host::ctx
FNDA:0,host::handle_put
FNDA:0,host::handle_get
FNDA:0,host::handle_delete
FNDA:3,host::handle_inmemory
FNDA:1,host::<impl Guest for Provider>::describe
FNDA:1,host::<impl Guest for Provider>::validate_config
FNDA:0,host::<impl Guest for Provider>::healthcheck
FNDA:3,host::<impl Guest for Provider>::invoke
DA:15,1
DA:16,1
DA:18,0
DA:19,1
DA:21,0
DA:22,0
DA:23,0
DA:24,0
DA:34,1
DA:37,2
DA:38,1
DA:41,15
DA:42,5
DA:95,2
DA:99,0
DA:100,0
DA:101,0
DA:102,0
DA:103,0
DA:104,0
DA:107,0
DA:108,0
DA:109,0
DA:110,0
DA:117,0
DA:118,0
DA:120,0
DA:124,0
DA:125,0
DA:126,0
DA:127,0
DA:129,0
DA:133,0
DA:134,0
DA:135,0
DA:138,0
DA:139,0
DA:140,0
DA:141,0
DA:143,0
DA:144,0
DA:145,0
DA:146,0
DA:147,0
DA:148,0
DA:150,0
DA:151,0
DA:152,0
DA:157,0
DA:158,0
DA:159,0
DA:160,0
DA:161,0
DA:162,0
DA:163,0
DA:164,0
DA:165,0
DA:166,0
DA:167,0
DA:168,0
DA:169,0
DA:171,0
DA:172,0
DA:173,0
DA:178,0
DA:179,0
DA:180,0
DA:181,0
DA:182,0
DA:183,0
DA:184,0
DA:186,0
DA:187,0
DA:188,0
DA:193,3
DA:194,3
DA:195,3
DA:196,3
DA:197,2
DA:200,2
DA:201,2
DA:204,4
DA:205,3
DA:208,2
DA:209,3
DA:210,2
DA:213,4
DA:214,3
DA:215,2
DA:220,1
DA:221,3
DA:222,2
DA:225,4
DA:226,2
DA:234,1
DA:235,2
DA:236,1
DA:237,1
DA:238,1
DA:243,1
DA:244,2
DA:246,1
DA:250,0
DA:254,3
DA:255,9
DA:256,6
DA:259,3
DA:261,0
DA:262,0
DA:263,0
DA:266,0
DA:267,0
DA:268,0
DA:269,0
DA:274,0
DA:275,0
DA:276,0
DA:281,0
DA:282,0
DA:283,0
LF:120
LH:41
end_of_record
TN:
SF:/Users/maarten/Documents/GitHub/agentic/greentic-secrets/components/secrets-provider-gcp-sm/src/lib.rs
FN:15,to_bytes
FN:34,from_bytes
FN:38,ok
FN:42,err
FN:90,host::client_from_config
FN:110,host::ctx
FN:119,host::handle_put
FN:159,host::ensure_secret_host
FN:195,host::handle_get
FN:215,host::handle_delete
FN:233,host::handle_inmemory
FN:276,host::<impl Guest for Provider>::describe
FN:283,host::<impl Guest for Provider>::validate_config
FN:290,host::<impl Guest for Provider>::healthcheck
FN:294,host::<impl Guest for Provider>::invoke
FNF:15
FNDA:1,to_bytes
FNDA:1,from_bytes
FNDA:1,ok
FNDA:5,err
FNDA:2,host::client_from_config
FNDA:0,host::ctx
FNDA:0,host::handle_put
FNDA:0,host::ensure_secret_host
FNDA:0,host::handle_get
FNDA:0,host::handle_delete
FNDA:0,host::handle_inmemory
FNDA:1,host::<impl Guest for Provider>::describe
FNDA:1,host::<impl Guest for Provider>::validate_config
FNDA:1,host::<impl Guest for Provider>::healthcheck
FNDA:0,host::<impl Guest for Provider>::invoke
DA:15,1
DA:16,1
DA:17,3
DA:19,1
DA:21,0
DA:22,0
DA:23,0
DA:24,0
DA:25,0
DA:30,0
DA:34,1
DA:38,1
DA:39,0
DA:42,5
DA:43,0
DA:90,2
DA:92,0
DA:93,0
DA:94,0
DA:95,0
DA:96,0
DA:98,0
DA:99,0
DA:100,0
DA:101,0
DA:103,0
DA:104,0
DA:105,0
DA:106,0
DA:110,0
DA:112,0
DA:113,0
DA:114,0
DA:116,0
DA:119,0
DA:121,0
DA:122,0
DA:124,0
DA:126,0
DA:127,0
DA:128,0
DA:129,0
DA:130,0
DA:131,0
DA:132,0
DA:133,0
DA:134,0
DA:136,0
DA:138,0
DA:139,0
DA:140,0
DA:141,0
DA:142,0
DA:143,0
DA:144,0
DA:145,0
DA:146,0
DA:148,0
DA:154,0
DA:155,0
DA:159,0
DA:164,0
DA:165,0
DA:166,0
DA:168,0
DA:169,0
DA:170,0
DA:171,0
DA:173,0
DA:174,0
DA:175,0
DA:176,0
DA:177,0
DA:179,0
DA:181,0
DA:182,0
DA:183,0
DA:184,0
DA:185,0
DA:186,0
DA:188,0
DA:190,0
DA:191,0
DA:192,0
DA:195,0
DA:197,0
DA:198,0
DA:199,0
DA:200,0
DA:201,0
DA:202,0
DA:203,0
DA:204,0
DA:205,0
DA:206,0
DA:207,0
DA:209,0
DA:210,0
DA:211,0
DA:215,0
DA:217,0
DA:218,0
DA:219,0
DA:220,0
DA:221,0
DA:222,0
DA:223,0
DA:224,0
DA:225,0
DA:227,0
DA:228,0
DA:229,0
DA:233,0
DA:235,3
DA:236,3
DA:237,3
DA:238,3
DA:240,0
DA:242,2
DA:244,0
DA:246,4
DA:248,3
DA:250,2
DA:251,3
DA:253,0
DA:255,4
DA:256,3
DA:258,0
DA:260,5
DA:262,1
DA:263,3
DA:265,0
DA:267,4
DA:269,3
DA:273,3
DA:276,1
DA:277,2
DA:278,1
DA:279,1
DA:283,1
DA:285,1
DA:287,0
DA:290,1
DA:294,0
DA:296,3
DA:297,9
DA:299,0
DA:302,9
DA:303,0
DA:304,0
DA:306,0
DA:308,0
DA:309,0
DA:310,0
DA:312,0
DA:314,0
DA:316,0
DA:317,0
DA:319,0
DA:321,0
DA:323,0
DA:324,0
DA:326,0
DA:328,0
LF:164
LH:35
end_of_record
TN:
SF:/Users/maarten/Documents/GitHub/agentic/greentic-secrets/components/secrets-provider-inmemory/src/lib.rs
FN:48,ok
FN:52,err
FN:56,to_bytes
FN:77,from_bytes
FN:82,<impl Guest for InMemoryProvider>::describe
FN:91,<impl Guest for InMemoryProvider>::validate_config
FN:98,<impl Guest for InMemoryProvider>::healthcheck
FN:102,<impl Guest for InMemoryProvider>::invoke
FNF:8
FNDA:10,ok
FNDA:0,err
FNDA:2,to_bytes
FNDA:2,from_bytes
FNDA:2,<impl Guest for InMemoryProvider>::describe
FNDA:2,<impl Guest for InMemoryProvider>::validate_config
FNDA:0,<impl Guest for InMemoryProvider>::healthcheck
FNDA:6,<impl Guest for InMemoryProvider>::invoke
DA:48,10
DA:49,30
DA:52,0
DA:53,0
DA:56,2
DA:57,2
DA:58,6
DA:59,0
DA:60,2
DA:62,0
DA:63,0
DA:64,0
DA:65,0
DA:66,0
DA:67,0
DA:71,0
DA:73,0
DA:77,2
DA:78,4
DA:82,2
DA:83,4
DA:84,2
DA:85,2
DA:86,2
DA:87,2
DA:91,2
DA:92,4
DA:93,0
DA:95,6
DA:98,0
DA:99,0
DA:102,6
DA:103,18
DA:104,12
DA:105,0
DA:107,6
DA:108,6
DA:109,6
DA:110,4
DA:111,0
DA:113,4
DA:114,4
DA:115,0
DA:117,10
DA:118,6
DA:119,6
DA:121,4
DA:122,6
DA:123,4
DA:124,0
DA:126,10
DA:127,6
DA:128,4
DA:129,0
DA:131,4
DA:132,2
DA:135,2
DA:136,6
DA:137,4
DA:138,0
DA:140,10
DA:141,4
DA:142,4
DA:144,0
LF:64
LH:43
end_of_record
TN:
SF:/Users/maarten/Documents/GitHub/agentic/greentic-secrets/components/secrets-provider-k8s/src/lib.rs
FN:16,to_bytes
FN:35,from_bytes
FN:39,ok
FN:43,err
FN:112,host::client_from_config
FN:135,host::ctx
FN:144,host::handle_put
FN:192,host::handle_get
FN:231,host::handle_delete
FN:259,host::<impl Guest for Provider>::describe
FN:266,host::<impl Guest for Provider>::validate_config
FN:273,host::<impl Guest for Provider>::healthcheck
FN:277,host::<impl Guest for Provider>::invoke
FNF:13
FNDA:1,to_bytes
FNDA:1,from_bytes
FNDA:1,ok
FNDA:5,err
FNDA:2,host::client_from_config
FNDA:0,host::ctx
FNDA:0,host::handle_put
FNDA:1,host::handle_get
FNDA:1,host::handle_delete
FNDA:1,host::<impl Guest for Provider>::describe
FNDA:1,host::<impl Guest for Provider>::validate_config
FNDA:1,host::<impl Guest for Provider>::healthcheck
FNDA:0,host::<impl Guest for Provider>::invoke
DA:16,1
DA:17,1
DA:18,3
DA:20,1
DA:22,0
DA:23,0
DA:24,0
DA:25,0
DA:26,0
DA:31,0
DA:35,1
DA:39,1
DA:40,0
DA:43,5
DA:44,0
DA:112,2
DA:114,0
DA:115,0
DA:116,0
DA:117,0
DA:119,0
DA:120,0
DA:121,0
DA:123,0
DA:124,0
DA:125,0
DA:126,0
DA:128,0
DA:129,0
DA:130,0
DA:131,0
DA:135,0
DA:137,0
DA:138,0
DA:139,0
DA:141,0
DA:144,0
DA:146,1
DA:147,2
DA:149,0
DA:151,1
DA:152,4
DA:154,3
DA:155,0
DA:156,0
DA:158,0
DA:160,0
DA:161,0
DA:162,0
DA:163,0
DA:164,0
DA:165,0
DA:166,0
DA:167,0
DA:169,0
DA:170,0
DA:171,0
DA:172,0
DA:174,0
DA:175,0
DA:176,0
DA:177,0
DA:178,0
DA:180,0
DA:182,0
DA:187,0
DA:188,0
DA:192,1
DA:194,1
DA:195,1
DA:196,4
DA:197,3
DA:199,0
DA:201,5
DA:202,0
DA:203,0
DA:205,0
DA:207,0
DA:208,0
DA:209,0
DA:210,0
DA:211,0
DA:212,0
DA:213,0
DA:214,0
DA:215,0
DA:218,0
DA:219,0
DA:220,0
DA:223,0
DA:225,0
DA:226,0
DA:227,0
DA:231,1
DA:233,1
DA:234,1
DA:235,4
DA:237,3
DA:238,0
DA:239,0
DA:241,0
DA:243,0
DA:244,0
DA:245,0
DA:246,0
DA:247,0
DA:248,0
DA:250,0
DA:251,0
DA:252,0
DA:256,1
DA:259,1
DA:260,2
DA:261,1
DA:262,1
DA:266,1
DA:268,1
DA:270,0
DA:273,1
DA:277,0
DA:279,3
DA:280,9
DA:282,0
DA:285,3
DA:287,0
DA:292,3
DA:293,3
DA:294,3
DA:296,0
DA:298,4
DA:300,2
DA:301,3
DA:303,0
DA:305,3
DA:307,1
DA:308,3
DA:310,0
DA:312,3
LF:138
LH:45
end_of_record
TN:
SF:/Users/maarten/Documents/GitHub/agentic/greentic-secrets/components/secrets-provider-vault-kv/src/lib.rs
FN:16,to_bytes
FN:35,from_bytes
FN:38,ok
FN:42,err
FN:88,host::client_from_config
FN:107,host::ctx
FN:116,host::handle_put
FN:146,host::handle_get
FN:177,host::handle_delete
FN:200,host::<impl Guest for Provider>::describe
FN:210,host::<impl Guest for Provider>::validate_config
FN:216,host::<impl Guest for Provider>::healthcheck
FN:220,host::<impl Guest for Provider>::invoke
FNF:13
FNDA:1,to_bytes
FNDA:1,from_bytes
FNDA:2,ok
FNDA:15,err
FNDA:2,host::client_from_config
FNDA:0,host::ctx
FNDA:0,host::handle_put
FNDA:1,host::handle_get
FNDA:1,host::handle_delete
FNDA:1,host::<impl Guest for Provider>::describe
FNDA:1,host::<impl Guest for Provider>::validate_config
FNDA:3,host::<impl Guest for Provider>::healthcheck
FNDA:0,host::<impl Guest for Provider>::invoke
DA:16,1
DA:17,1
DA:19,0
DA:20,1
DA:22,0
DA:23,0
DA:24,0
DA:25,0
DA:35,1
DA:38,2
DA:39,1
DA:42,15
DA:43,5
DA:88,2
DA:89,2
DA:91,0
DA:92,0
DA:93,0
DA:94,0
DA:95,0
DA:97,0
DA:98,0
DA:99,0
DA:100,0
DA:101,0
DA:102,0
DA:104,0
DA:107,0
DA:108,0
DA:110,0
DA:111,0
DA:113,0
DA:116,0
DA:117,0
DA:119,1
DA:120,1
DA:122,2
DA:123,0
DA:126,3
DA:127,3
DA:128,0
DA:130,0
DA:131,0
DA:133,0
DA:134,0
DA:135,0
DA:136,0
DA:137,0
DA:139,0
DA:140,0
DA:141,0
DA:146,1
DA:148,1
DA:149,1
DA:150,4
DA:152,2
DA:155,5
DA:156,0
DA:158,0
DA:159,0
DA:161,0
DA:162,0
DA:163,0
DA:164,0
DA:165,0
DA:167,0
DA:170,0
DA:172,0
DA:177,1
DA:179,1
DA:180,1
DA:182,2
DA:183,3
DA:184,0
DA:186,0
DA:187,0
DA:189,0
DA:190,0
DA:191,0
DA:193,0
DA:194,0
DA:195,0
DA:200,1
DA:203,1
DA:204,2
DA:205,1
DA:210,1
DA:213,2
DA:216,3
DA:217,1
DA:220,0
DA:221,0
DA:223,3
DA:225,6
DA:226,0
DA:228,6
DA:229,3
DA:233,0
DA:236,3
DA:237,3
DA:239,2
DA:242,4
DA:244,2
DA:246,2
DA:249,3
DA:251,1
DA:253,2
LF:107
LH:47
end_of_record
TN:
SF:/Users/maarten/Documents/GitHub/agentic/greentic-secrets/conformance/src/lib.rs
FN:6,run
FN:88,suite::AzurePreflightInfo::log
FN:99,suite::azure_preflight
FN:120,suite::AzureCredentials::gather
FN:198,suite::fetch_access_token
FN:249,suite::sanitize
FN:265,suite::combine_tag
FN:269,suite::make_scope
FN:277,suite::make_uri
FN:281,suite::make_payload
FN:289,suite::build_record
FN:301,suite::convert
FN:312,suite::Cleanup::new
FN:320,suite::Cleanup::backend_mut
FN:324,suite::Cleanup::disarm
FN:330,suite::<impl Drop for Cleanup>::drop
FN:338,suite::run_cycle
FN:386,suite::run_dev
FN:398,suite::run_aws
FN:412,suite::run_azure
FN:426,suite::run_gcp
FN:440,suite::run_k8s
FN:454,suite::run_vault
FN:468,suite::run_provider_async
FNF:24
FNDA:0,run
FNDA:0,suite::AzurePreflightInfo::log
FNDA:0,suite::azure_preflight
FNDA:0,suite::AzureCredentials::gather
FNDA:0,suite::fetch_access_token
FNDA:0,suite::sanitize
FNDA:0,suite::combine_tag
FNDA:0,suite::make_scope
FNDA:0,suite::make_uri
FNDA:0,suite::make_payload
FNDA:0,suite::build_record
FNDA:0,suite::convert
FNDA:0,suite::Cleanup::new
FNDA:0,suite::Cleanup::backend_mut
FNDA:0,suite::Cleanup::disarm
FNDA:0,suite::<impl Drop for Cleanup>::drop
FNDA:0,suite::run_cycle
FNDA:0,suite::run_dev
FNDA:0,suite::run_aws
FNDA:0,suite::run_azure
FNDA:0,suite::run_gcp
FNDA:0,suite::run_k8s
FNDA:0,suite::run_vault
FNDA:0,suite::run_provider_async
DA:6,0
DA:7,0
DA:8,0
DA:9,0
DA:11,0
DA:14,0
DA:17,0
DA:21,0
DA:22,0
DA:23,0
DA:24,0
DA:26,0
DA:27,0
DA:33,0
DA:36,0
DA:39,0
DA:53,0
DA:88,0
DA:89,0
DA:90,0
DA:93,0
DA:99,0
DA:100,0
DA:102,0
DA:103,0
DA:120,0
DA:121,0
DA:122,0
DA:124,0
DA:125,0
DA:126,0
DA:127,0
DA:128,0
DA:129,0
DA:133,0
DA:134,0
DA:135,0
DA:136,0
DA:137,0
DA:138,0
DA:142,0
DA:143,0
DA:144,0
DA:145,0
DA:146,0
DA:147,0
DA:151,0
DA:152,0
DA:153,0
DA:155,0
DA:156,0
DA:157,0
DA:158,0
DA:159,0
DA:163,0
DA:164,0
DA:166,0
DA:168,0
DA:169,0
DA:170,0
DA:172,0
DA:175,0
DA:176,0
DA:178,0
DA:179,0
DA:180,0
DA:181,0
DA:182,0
DA:183,0
DA:198,0
DA:199,0
DA:203,0
DA:204,0
DA:205,0
DA:206,0
DA:207,0
DA:210,0
DA:211,0
DA:213,0
DA:215,0
DA:216,0
DA:217,0
DA:219,0
DA:220,0
DA:222,0
DA:223,0
DA:225,0
DA:226,0
DA:228,0
DA:229,0
DA:230,0
DA:234,0
DA:235,0
DA:236,0
DA:240,0
DA:242,0
DA:243,0
DA:244,0
DA:245,0
DA:249,0
DA:250,0
DA:251,0
DA:252,0
DA:253,0
DA:254,0
DA:255,0
DA:258,0
DA:259,0
DA:261,0
DA:265,0
DA:266,0
DA:269,0
DA:271,0
DA:272,0
DA:273,0
DA:277,0
DA:278,0
DA:281,0
DA:282,0
DA:283,0
DA:286,0
DA:289,0
DA:290,0
DA:291,0
DA:294,0
DA:295,0
DA:296,0
DA:298,0
DA:301,0
DA:302,0
DA:312,0
DA:320,0
DA:321,0
DA:324,0
DA:325,0
DA:330,0
DA:331,0
DA:332,0
DA:338,0
DA:344,0
DA:345,0
DA:347,0
DA:348,0
DA:349,0
DA:351,0
DA:352,0
DA:353,0
DA:356,0
DA:358,0
DA:359,0
DA:361,0
DA:362,0
DA:363,0
DA:364,0
DA:365,0
DA:367,0
DA:369,0
DA:370,0
DA:372,0
DA:373,0
DA:375,0
DA:376,0
DA:378,0
DA:379,0
DA:381,0
DA:382,0
DA:386,0
DA:389,0
DA:390,0
DA:391,0
DA:392,0
DA:393,0
DA:394,0
DA:398,0
DA:401,0
DA:403,0
DA:404,0
DA:405,0
DA:406,0
DA:408,0
DA:412,0
DA:415,0
DA:417,0
DA:418,0
DA:419,0
DA:420,0
DA:422,0
DA:426,0
DA:429,0
DA:431,0
DA:432,0
DA:433,0
DA:434,0
DA:436,0
DA:440,0
DA:443,0
DA:445,0
DA:446,0
DA:447,0
DA:448,0
DA:450,0
DA:454,0
DA:457,0
DA:459,0
DA:460,0
DA:461,0
DA:462,0
DA:464,0
DA:468,0
DA:476,0
DA:477,0
DA:478,0
DA:479,0
DA:481,0
DA:483,0
DA:484,0
DA:485,0
DA:486,0
DA:488,0
DA:489,0
DA:491,0
LF:221
LH:0
end_of_record
TN:
SF:/Users/maarten/Documents/GitHub/agentic/greentic-secrets/conformance/src/main.rs
FN:6,main
FNF:1
FNDA:0,main
DA:6,0
DA:7,0
DA:8,0
DA:9,0
DA:10,0
DA:12,0
LF:6
LH:0
end_of_record
TN:
SF:/Users/maarten/Documents/GitHub/agentic/greentic-secrets/conformance/src/util/executor_bridge.rs
FN:27,run_blocking_on_executor
FN:46,run_async_on_executor
FNF:2
FNDA:0,run_blocking_on_executor
FNDA:0,run_async_on_executor
DA:10,0
DA:11,0
DA:12,0
DA:13,0
DA:14,0
DA:15,0
DA:18,0
DA:19,0
DA:21,0
DA:27,0
DA:32,0
DA:33,0
DA:35,0
DA:36,0
DA:37,0
DA:38,0
DA:40,0
DA:46,0
DA:51,0
DA:52,0
DA:54,0
DA:55,0
DA:56,0
DA:57,0
DA:59,0
DA:60,0
LF:26
LH:0
end_of_record
TN:
SF:/Users/maarten/Documents/GitHub/agentic/greentic-secrets/crates/greentic-config/src/explain.rs
FN:14,ExplainReport::new
FN:22,ExplainReport::as_json
FN:30,ExplainReport::provenance_as_vec
FN:36,<impl Display for ExplainReport>::fmt
FNF:4
FNDA:0,ExplainReport::new
FNDA:0,ExplainReport::as_json
FNDA:0,ExplainReport::provenance_as_vec
FNDA:0,<impl Display for ExplainReport>::fmt
DA:14,0
DA:22,0
DA:23,0
DA:24,0
DA:25,0
DA:26,0
DA:30,0
DA:31,0
DA:36,0
DA:37,0
DA:38,0
DA:39,0
DA:41,0
DA:42,0
DA:43,0
DA:44,0
DA:47,0
LF:17
LH:0
end_of_record
TN:
SF:/Users/maarten/Documents/GitHub/agentic/greentic-secrets/crates/greentic-config/src/lib.rs
FN:106,ConfigResolver::new
FN:113,ConfigResolver::with_project_root
FN:118,ConfigResolver::with_cli_overrides
FN:123,ConfigResolver::load
FN:174,<impl Default for ConfigResolver>::default
FN:179,cli_layer
FN:214,absolutize_paths
FN:222,default_provenance
FN:269,ResolvedConfig::explain
FNF:9
FNDA:14,ConfigResolver::new
FNDA:1,ConfigResolver::with_project_root
FNDA:13,ConfigResolver::with_cli_overrides
FNDA:14,ConfigResolver::load
FNDA:0,<impl Default for ConfigResolver>::default
FNDA:12,cli_layer
FNDA:12,absolutize_paths
FNDA:14,default_provenance
FNDA:0,ResolvedConfig::explain
DA:106,14
DA:108,14
DA:109,14
DA:113,1
DA:114,2
DA:115,1
DA:118,13
DA:119,26
DA:120,13
DA:123,14
DA:124,28
DA:125,28
DA:126,28
DA:130,14
DA:132,0
DA:133,0
DA:134,0
DA:135,0
DA:139,42
DA:140,0
DA:141,58
DA:144,0
DA:145,0
DA:146,0
DA:147,0
DA:149,0
DA:151,0
DA:155,24
DA:156,60
DA:158,35
DA:159,55
DA:162,36
DA:163,48
DA:165,12
DA:166,24
DA:167,12
DA:168,12
DA:174,0
DA:175,0
DA:179,12
DA:180,24
DA:181,13
DA:182,4
DA:183,1
DA:184,1
DA:185,1
DA:186,1
DA:187,2
DA:189,12
DA:190,0
DA:191,0
DA:192,0
DA:193,0
DA:195,12
DA:196,0
DA:198,32
DA:199,20
DA:201,32
DA:202,20
DA:203,20
DA:204,20
DA:205,20
DA:207,68
DA:208,11
DA:210,1
DA:214,12
DA:215,60
DA:216,36
DA:217,60
DA:218,60
DA:219,60
DA:222,14
DA:223,13
DA:224,13
DA:225,13
DA:226,13
DA:227,13
DA:228,13
DA:229,13
DA:230,13
DA:231,13
DA:232,13
DA:233,13
DA:234,13
DA:235,13
DA:236,13
DA:237,13
DA:238,13
DA:239,13
DA:240,13
DA:241,13
DA:242,13
DA:243,13
DA:244,13
DA:245,13
DA:246,13
DA:247,13
DA:248,13
DA:249,13
DA:250,13
DA:251,13
DA:252,13
DA:255,28
DA:256,812
DA:257,1568
DA:259,14
DA:269,0
DA:271,0
DA:272,0
DA:273,0
LF:110
LH:88
end_of_record
TN:
SF:/Users/maarten/Documents/GitHub/agentic/greentic-secrets/crates/greentic-config/src/loaders/mod.rs
FN:8,load_user_layer
FN:20,load_project_layer
FN:35,load_from_file
FN:41,parse_config
FN:53,env_layer
FNF:5
FNDA:14,load_user_layer
FNDA:14,load_project_layer
FNDA:2,load_from_file
FNDA:0,parse_config
FNDA:12,env_layer
DA:8,14
DA:9,28
DA:10,14
DA:11,0
DA:13,14
DA:16,0
DA:20,14
DA:24,16
DA:25,6
DA:27,36
DA:28,12
DA:29,0
DA:31,12
DA:35,2
DA:36,4
DA:37,10
DA:38,0
DA:41,0
DA:42,0
DA:43,0
DA:44,0
DA:45,0
DA:47,0
DA:48,0
DA:49,0
DA:53,12
DA:54,24
DA:56,13
DA:57,3
DA:59,1
DA:60,1
DA:61,1
DA:62,1
DA:64,12
DA:65,0
DA:67,0
DA:68,0
DA:69,0
DA:70,0
DA:72,12
DA:73,0
DA:75,0
DA:76,0
DA:77,0
DA:78,0
DA:80,12
DA:81,0
DA:82,0
DA:83,0
DA:84,0
DA:87,12
DA:88,0
DA:89,0
DA:90,0
DA:91,0
DA:93,12
DA:94,0
DA:96,12
DA:97,0
DA:99,12
DA:100,0
DA:103,12
DA:104,0
DA:106,0
DA:107,0
DA:108,0
DA:109,0
DA:111,12
DA:112,0
DA:114,0
DA:115,0
DA:116,0
DA:117,0
DA:119,12
DA:120,0
DA:122,0
DA:123,0
DA:124,0
DA:125,0
DA:128,12
DA:129,0
DA:131,0
DA:133,12
DA:134,0
DA:135,0
DA:136,0
DA:137,0
DA:139,12
DA:140,0
DA:141,0
DA:142,0
DA:143,0
DA:145,12
DA:146,0
DA:148,0
DA:149,0
DA:150,0
DA:151,0
DA:154,12
DA:155,0
DA:157,12
DA:158,0
DA:160,12
DA:161,0
DA:163,0
DA:164,0
DA:166,12
DA:167,0
DA:169,0
DA:170,0
DA:171,0
DA:172,0
DA:174,12
DA:175,0
DA:177,0
DA:178,0
DA:179,0
DA:180,0
DA:182,12
DA:183,0
DA:185,0
DA:188,12
DA:189,0
DA:191,12
DA:192,0
DA:194,12
DA:195,0
DA:198,12
DA:199,0
DA:201,12
DA:202,0
DA:203,0
DA:204,0
DA:205,0
DA:207,12
DA:208,0
DA:211,12
LF:137
LH:48
end_of_record
TN:
SF:/Users/maarten/Documents/GitHub/agentic/greentic-secrets/crates/greentic-config/src/merge.rs
FN:9,apply_layer
FN:45,apply_environment
FN:70,apply_paths
FN:94,apply_runtime
FN:114,apply_telemetry
FN:148,apply_network
FN:187,apply_secrets
FN:207,apply_dev
FNF:8
FNDA:23,apply_layer
FNDA:2,apply_environment
FNDA:10,apply_paths
FNDA:0,apply_runtime
FNDA:0,apply_telemetry
FNDA:0,apply_network
FNDA:0,apply_secrets
FNDA:0,apply_dev
DA:9,23
DA:15,23
DA:16,0
DA:17,0
DA:20,25
DA:21,10
DA:23,43
DA:24,40
DA:26,23
DA:27,0
DA:29,23
DA:30,0
DA:32,23
DA:33,0
DA:35,23
DA:36,0
DA:38,23
DA:39,0
DA:42,23
DA:45,2
DA:51,6
DA:52,6
DA:53,10
DA:55,2
DA:56,0
DA:57,0
DA:59,2
DA:60,0
DA:61,0
DA:63,2
DA:64,0
DA:65,0
DA:67,2
DA:70,10
DA:76,30
DA:77,30
DA:78,50
DA:80,30
DA:81,30
DA:82,50
DA:84,10
DA:85,0
DA:86,0
DA:88,10
DA:89,0
DA:90,0
DA:94,0
DA:100,0
DA:101,0
DA:102,0
DA:104,0
DA:105,0
DA:106,0
DA:108,0
DA:109,0
DA:110,0
DA:114,0
DA:120,0
DA:121,0
DA:122,0
DA:124,0
DA:125,0
DA:126,0
DA:127,0
DA:128,0
DA:129,0
DA:130,0
DA:131,0
DA:134,0
DA:135,0
DA:137,0
DA:138,0
DA:139,0
DA:141,0
DA:142,0
DA:143,0
DA:145,0
DA:148,0
DA:154,0
DA:155,0
DA:156,0
DA:158,0
DA:159,0
DA:160,0
DA:162,0
DA:163,0
DA:164,0
DA:165,0
DA:166,0
DA:167,0
DA:169,0
DA:170,0
DA:172,0
DA:173,0
DA:174,0
DA:176,0
DA:177,0
DA:178,0
DA:180,0
DA:181,0
DA:182,0
DA:184,0
DA:187,0
DA:193,0
DA:194,0
DA:195,0
DA:197,0
DA:198,0
DA:199,0
DA:201,0
DA:202,0
DA:203,0
DA:207,0
DA:213,0
DA:214,0
DA:215,0
DA:216,0
DA:217,0
DA:219,0
DA:220,0
DA:221,0
DA:223,0
DA:224,0
DA:225,0
DA:227,0
DA:228,0
LF:126
LH:29
end_of_record
TN:
SF:/Users/maarten/Documents/GitHub/agentic/greentic-secrets/crates/greentic-config/src/paths.rs
FN:3,user_config_path
FN:7,default_project_root
FN:11,project_config_path
FN:15,absolutize
FNF:4
FNDA:14,user_config_path
FNDA:14,default_project_root
FNDA:12,project_config_path
FNDA:48,absolutize
DA:3,14
DA:4,56
DA:7,14
DA:8,28
DA:11,12
DA:12,12
DA:15,48
DA:16,48
DA:17,20
DA:19,84
LF:10
LH:10
end_of_record
TN:
SF:/Users/maarten/Documents/GitHub/agentic/greentic-secrets/crates/greentic-config/src/validate.rs
FN:4,validate
FNF:1
FNDA:13,validate
DA:4,13
DA:5,26
DA:6,39
DA:7,26
DA:9,15
DA:10,0
DA:12,15
DA:13,2
DA:14,2
DA:16,26
DA:17,0
DA:19,13
DA:20,1
DA:21,0
DA:23,2
DA:24,0
DA:27,13
DA:28,0
DA:29,0
DA:31,0
DA:33,13
DA:34,0
DA:35,0
DA:37,0
DA:38,0
DA:42,26
DA:43,13
DA:44,2
DA:45,2
DA:47,0
DA:50,13
LF:31
LH:19
end_of_record
TN:
SF:/Users/maarten/Documents/GitHub/agentic/greentic-secrets/crates/greentic-config-types/src/lib.rs
FN:22,<impl Default for ConfigVersion>::default
FN:47,<impl Default for GreenticConfig>::default
FN:73,<impl Default for EnvironmentConfig>::default
FN:92,<impl Default for PathsConfig>::default
FN:134,<impl Default for TelemetryConfig>::default
FN:185,<impl Default for SecretsBackendRefConfig>::default
FN:203,<impl Default for DevConfig>::default
FNF:7
FNDA:21,<impl Default for ConfigVersion>::default
FNDA:21,<impl Default for GreenticConfig>::default
FNDA:21,<impl Default for EnvironmentConfig>::default
FNDA:22,<impl Default for PathsConfig>::default
FNDA:21,<impl Default for TelemetryConfig>::default
FNDA:39,<impl Default for SecretsBackendRefConfig>::default
FNDA:22,<impl Default for DevConfig>::default
DA:22,21
DA:23,21
DA:47,21
DA:49,42
DA:50,42
DA:51,42
DA:52,42
DA:53,42
DA:54,42
DA:55,21
DA:56,21
DA:73,21
DA:75,84
DA:92,22
DA:93,44
DA:95,66
DA:96,44
DA:97,44
DA:98,22
DA:134,21
DA:185,39
DA:187,117
DA:203,22
DA:205,88
DA:206,44
LF:25
LH:25
end_of_record
TN:
SF:/Users/maarten/Documents/GitHub/agentic/greentic-secrets/crates/greentic-secrets-cli/src/main.rs
FN:185,main
FN:211,resolve_config
FN:223,handle_config_cmd
FN:236,handle_dev
FN:266,handle_ctx
FN:288,handle_scaffold
FN:310,handle_wizard
FN:348,handle_apply
FN:391,handle_init
FN:464,scaffold_entry
FN:479,placeholder_value
FN:507,read_pack_requirements
FN:531,read_seed
FN:539,write_seed
FN:546,read_ctx
FN:552,write_ctx
FN:567,parse_ctx
FN:590,resolve_ctx
FN:619,ctx_path
FN:623,dev_store_path
FN:627,ensure_parent
FN:634,build_http_client
FN:656,ensure_online
FN:663,read_dotenv
FN:679,fill_entry_from_str
FN:703,env_key_for_entry
FN:712,print_report
FN:724,looks_like_zip
FN:728,read_gtpack_zip
FNF:29
FNDA:6,main
FNDA:5,resolve_config
FNDA:1,handle_config_cmd
FNDA:2,handle_dev
FNDA:2,handle_ctx
FNDA:0,handle_scaffold
FNDA:0,handle_wizard
FNDA:0,handle_apply
FNDA:0,handle_init
FNDA:0,scaffold_entry
FNDA:0,placeholder_value
FNDA:0,read_pack_requirements
FNDA:0,read_seed
FNDA:0,write_seed
FNDA:1,read_ctx
FNDA:1,write_ctx
FNDA:1,parse_ctx
FNDA:0,resolve_ctx
FNDA:2,ctx_path
FNDA:2,dev_store_path
FNDA:2,ensure_parent
FNDA:0,build_http_client
FNDA:0,ensure_online
FNDA:0,read_dotenv
FNDA:0,fill_entry_from_str
FNDA:0,env_key_for_entry
FNDA:0,print_report
FNDA:0,looks_like_zip
FNDA:0,read_gtpack_zip
DA:185,6
DA:186,12
DA:187,18
DA:188,6
DA:189,0
DA:190,0
DA:191,0
DA:192,0
DA:195,0
DA:196,0
DA:200,6
DA:201,12
DA:202,8
DA:203,0
DA:204,0
DA:205,0
DA:206,0
DA:207,4
DA:211,5
DA:213,15
DA:214,15
DA:215,15
DA:216,15
DA:217,15
DA:218,5
DA:220,15
DA:223,1
DA:224,1
DA:226,4
DA:228,0
DA:229,0
DA:230,0
DA:233,1
DA:236,2
DA:237,6
DA:238,2
DA:240,1
DA:242,3
DA:243,2
DA:244,4
DA:245,3
DA:248,1
DA:249,1
DA:251,4
DA:252,2
DA:253,3
DA:254,3
DA:256,0
DA:257,0
DA:258,0
DA:263,2
DA:266,2
DA:267,6
DA:268,2
DA:269,1
DA:271,2
DA:272,1
DA:273,1
DA:275,3
DA:276,3
DA:279,4
DA:280,2
DA:281,2
DA:282,6
DA:285,2
DA:288,0
DA:289,0
DA:291,0
DA:292,0
DA:293,0
DA:294,0
DA:295,0
DA:296,0
DA:299,0
DA:300,0
DA:302,0
DA:304,0
DA:305,0
DA:306,0
DA:307,0
DA:310,0
DA:311,0
DA:312,0
DA:313,0
DA:315,0
DA:318,0
DA:319,0
DA:320,0
DA:321,0
DA:323,0
DA:324,0
DA:327,0
DA:328,0
DA:331,0
DA:332,0
DA:333,0
DA:334,0
DA:335,0
DA:336,0
DA:337,0
DA:338,0
DA:340,0
DA:343,0
DA:344,0
DA:345,0
DA:348,0
DA:349,0
DA:350,0
DA:351,0
DA:352,0
DA:354,0
DA:355,0
DA:356,0
DA:357,0
DA:358,0
DA:361,0
DA:362,0
DA:363,0
DA:368,0
DA:369,0
DA:370,0
DA:372,0
DA:377,0
DA:380,0
DA:382,0
DA:383,0
DA:384,0
DA:385,0
DA:387,0
DA:391,0
DA:393,0
DA:394,0
DA:396,0
DA:399,0
DA:400,0
DA:402,0
DA:403,0
DA:404,0
DA:405,0
DA:406,0
DA:407,0
DA:410,0
DA:411,0
DA:414,0
DA:415,0
DA:417,0
DA:420,0
DA:421,0
DA:422,0
DA:423,0
DA:424,0
DA:425,0
DA:427,0
DA:430,0
DA:432,0
DA:433,0
DA:434,0
DA:435,0
DA:436,0
DA:438,0
DA:442,0
DA:443,0
DA:444,0
DA:445,0
DA:446,0
DA:448,0
DA:453,0
DA:454,0
DA:455,0
DA:456,0
DA:457,0
DA:458,0
DA:460,0
DA:464,0
DA:466,0
DA:467,0
DA:469,0
DA:473,0
DA:474,0
DA:479,0
DA:480,0
DA:481,0
DA:483,0
DA:484,0
DA:485,0
DA:487,0
DA:488,0
DA:490,0
DA:491,0
DA:496,0
DA:498,0
DA:500,0
DA:502,0
DA:507,0
DA:508,0
DA:509,0
DA:511,0
DA:512,0
DA:514,0
DA:517,0
DA:518,0
DA:520,0
DA:521,0
DA:522,0
DA:531,0
DA:532,0
DA:533,0
DA:534,0
DA:535,0
DA:539,0
DA:540,0
DA:541,0
DA:542,0
DA:543,0
DA:546,1
DA:547,4
DA:548,3
DA:549,3
DA:552,1
DA:553,2
DA:554,2
DA:558,1
DA:559,1
DA:560,2
DA:561,1
DA:563,3
DA:564,1
DA:567,1
DA:568,2
DA:569,5
DA:570,9
DA:571,12
DA:572,0
DA:574,12
DA:575,15
DA:578,5
DA:579,5
DA:580,6
DA:581,1
DA:582,0
DA:584,1
DA:587,2
DA:590,0
DA:595,0
DA:596,0
DA:598,0
DA:599,0
DA:600,0
DA:601,0
DA:603,0
DA:604,0
DA:606,0
DA:607,0
DA:608,0
DA:610,0
DA:611,0
DA:613,0
DA:614,0
DA:616,0
DA:619,2
DA:620,2
DA:623,2
DA:624,2
DA:627,2
DA:628,4
DA:629,4
DA:631,2
DA:634,0
DA:635,0
DA:636,0
DA:637,0
DA:639,0
DA:641,0
DA:644,0
DA:645,0
DA:647,0
DA:648,0
DA:650,0
DA:651,0
DA:653,0
DA:656,0
DA:657,0
DA:658,0
DA:660,0
DA:663,0
DA:664,0
DA:665,0
DA:666,0
DA:667,0
DA:668,0
DA:669,0
DA:670,0
DA:672,0
DA:673,0
DA:676,0
DA:679,0
DA:680,0
DA:681,0
DA:682,0
DA:683,0
DA:687,0
DA:688,0
DA:689,0
DA:692,0
DA:693,0
DA:695,0
DA:696,0
DA:700,0
DA:703,0
DA:704,0
DA:705,0
DA:708,0
DA:712,0
DA:713,0
DA:714,0
DA:715,0
DA:717,0
DA:718,0
DA:719,0
DA:724,0
DA:725,0
DA:728,0
DA:729,0
DA:730,0
DA:731,0
DA:732,0
DA:733,0
DA:734,0
DA:735,0
DA:736,0
DA:738,0
DA:739,0
DA:740,0
DA:741,0
DA:743,0
DA:744,0
DA:745,0
DA:747,0
DA:748,0
DA:752,0
DA:753,0
LF:341
LH:83
end_of_record
TN:
SF:/Users/maarten/Documents/GitHub/agentic/greentic-secrets/crates/greentic-secrets-cli/tests/cli_smoke.rs
FN:5,cli_cmd
FNF:1
FNDA:6,cli_cmd
DA:5,6
DA:6,18
DA:7,12
DA:8,24
DA:9,12
DA:10,24
DA:12,6
DA:14,12
DA:15,6
LF:9
LH:9
end_of_record
TN:
SF:/Users/maarten/Documents/GitHub/agentic/greentic-secrets/crates/greentic-secrets-runner/src/bindings.rs
FN:19,Bindings::from_json
FN:24,Bindings::tenant_binding
FN:29,Bindings::global_binding
FN:33,Bindings::tenants_iter
FN:38,Bindings::with_tenant
FN:43,Bindings::with_global
FN:58,TenantBinding::new
FN:68,TenantBinding::allow_env
FNF:8
FNDA:0,Bindings::from_json
FNDA:0,Bindings::tenant_binding
FNDA:6,Bindings::global_binding
FNDA:6,Bindings::tenants_iter
FNDA:4,Bindings::with_tenant
FNDA:2,Bindings::with_global
FNDA:6,TenantBinding::new
FNDA:10,TenantBinding::allow_env
DA:19,0
DA:20,0
DA:24,0
DA:25,0
DA:29,6
DA:30,6
DA:33,6
DA:34,12
DA:38,4
DA:39,20
DA:40,4
DA:43,2
DA:44,4
DA:45,2
DA:58,6
DA:63,30
DA:68,10
DA:69,10
LF:18
LH:14
end_of_record
TN:
SF:/Users/maarten/Documents/GitHub/agentic/greentic-secrets/crates/greentic-secrets-runner/src/env_provider.rs
FN:11,EnvProvider::new
FN:15,EnvProvider::get
FNF:2
FNDA:4,EnvProvider::new
FNDA:4,EnvProvider::get
DA:11,4
DA:15,4
DA:16,12
DA:17,1
DA:18,1
DA:22,9
DA:23,2
LF:7
LH:7
end_of_record
TN:
SF:/Users/maarten/Documents/GitHub/agentic/greentic-secrets/crates/greentic-secrets-runner/src/error.rs
FN:12,SecretError::code
FNF:1
FNDA:2,SecretError::code
DA:12,2
DA:13,2
DA:14,1
DA:15,1
LF:4
LH:4
end_of_record
TN:
SF:/Users/maarten/Documents/GitHub/agentic/greentic-secrets/crates/greentic-secrets-runner/src/lib.rs
FN:19,secrets_get
FNF:1
FNDA:4,secrets_get
DA:19,4
DA:24,12
DA:25,16
LF:3
LH:3
end_of_record
TN:
SF:/Users/maarten/Documents/GitHub/agentic/greentic-secrets/crates/greentic-secrets-runner/src/policy.rs
FN:14,Policy::from_bindings
FN:37,Policy::is_allowed
FN:52,normalise
FNF:3
FNDA:6,Policy::from_bindings
FNDA:8,Policy::is_allowed
FNDA:14,normalise
DA:14,6
DA:15,12
DA:17,10
DA:18,8
DA:19,4
DA:20,4
DA:21,12
DA:22,4
DA:23,4
DA:27,12
DA:31,10
DA:37,8
DA:38,24
DA:39,28
DA:40,2
DA:41,2
DA:42,8
DA:43,6
DA:44,12
DA:45,21
DA:47,6
DA:52,14
DA:53,28
LF:23
LH:23
end_of_record
TN:
SF:/Users/maarten/Documents/GitHub/agentic/greentic-secrets/crates/greentic-secrets-runner/src/tenant.rs
FN:11,TenantCtx::new
FN:24,TenantCtx::with_team
FN:29,TenantCtx::with_user
FN:34,TenantCtx::environment
FN:38,TenantCtx::tenant
FN:42,TenantCtx::team
FN:46,TenantCtx::user
FN:50,TenantCtx::kind
FNF:8
FNDA:5,TenantCtx::new
FNDA:3,TenantCtx::with_team
FNDA:2,TenantCtx::with_user
FNDA:0,TenantCtx::environment
FNDA:0,TenantCtx::tenant
FNDA:0,TenantCtx::team
FNDA:0,TenantCtx::user
FNDA:6,TenantCtx::kind
DA:11,5
DA:17,15
DA:18,15
DA:24,3
DA:25,9
DA:26,3
DA:29,2
DA:30,6
DA:31,2
DA:34,0
DA:35,0
DA:38,0
DA:39,0
DA:42,0
DA:43,0
DA:46,0
DA:47,0
DA:50,6
DA:51,24
DA:53,4
DA:54,4
DA:59,4
DA:60,2
DA:64,2
DA:65,2
LF:25
LH:17
end_of_record
TN:
SF:/Users/maarten/Documents/GitHub/agentic/greentic-secrets/crates/greentic-secrets-runner/tests/pack_validation.rs
FN:6,packs_root
FNF:1
FNDA:5,packs_root
DA:6,5
DA:7,5
LF:2
LH:2
end_of_record
TN:
SF:/Users/maarten/Documents/GitHub/agentic/greentic-secrets/crates/greentic-secrets-runner/tests/provider_core_inmemory.rs
FN:7,json_bytes
FN:11,as_json
FNF:2
FNDA:4,json_bytes
FNDA:5,as_json
DA:7,4
DA:8,16
DA:11,5
DA:12,20
LF:4
LH:4
end_of_record
TN:
SF:/Users/maarten/Documents/GitHub/agentic/greentic-secrets/crates/greentic-types/bin/export-schemas.rs
FNF:0
DA:2,0
DA:5,0
DA:6,0
DA:8,0
DA:9,0
DA:10,0
DA:12,0
DA:13,0
LF:8
LH:0
end_of_record
TN:
SF:/Users/maarten/Documents/GitHub/agentic/greentic-secrets/crates/greentic-types/src/capabilities.rs
FN:58,Capabilities::new
FN:63,Capabilities::is_empty
FN:95,HttpCaps::new
FN:116,SecretsCaps::new
FN:137,KvCaps::new
FN:160,<impl Default for FsCaps>::default
FN:169,FsCaps::default_read_only
FN:174,FsCaps::new
FN:195,NetCaps::new
FN:216,ToolsCaps::new
FN:247,Limits::new
FN:258,<impl Default for Limits>::default
FN:280,TelemetrySpec::new
FN:290,<impl Default for TelemetrySpec>::default
FNF:14
FNDA:5,Capabilities::new
FNDA:5,Capabilities::is_empty
FNDA:5,HttpCaps::new
FNDA:5,SecretsCaps::new
FNDA:5,KvCaps::new
FNDA:5,<impl Default for FsCaps>::default
FNDA:0,FsCaps::default_read_only
FNDA:5,FsCaps::new
FNDA:5,NetCaps::new
FNDA:5,ToolsCaps::new
FNDA:5,Limits::new
FNDA:0,<impl Default for Limits>::default
FNDA:5,TelemetrySpec::new
FNDA:0,<impl Default for TelemetrySpec>::default
DA:58,5
DA:59,5
DA:63,5
DA:64,10
DA:65,0
DA:66,0
DA:67,0
DA:68,0
DA:69,0
DA:95,5
DA:96,5
DA:116,5
DA:117,5
DA:137,5
DA:138,5
DA:160,5
DA:162,5
DA:169,0
DA:170,0
DA:174,5
DA:175,5
DA:195,5
DA:196,5
DA:216,5
DA:217,5
DA:247,5
DA:258,0
DA:259,0
DA:280,5
DA:282,10
DA:283,5
DA:290,0
DA:291,0
LF:33
LH:22
end_of_record
TN:
SF:/Users/maarten/Documents/GitHub/agentic/greentic-secrets/crates/greentic-types/src/cbor.rs
FN:48,encode_pack_manifest
FN:56,decode_pack_manifest
FN:175,<impl TryFrom for EncodedPackManifest>::try_from
FN:292,encode_flow
FN:336,encode_routing
FN:385,<impl TryFrom for PackManifest>::try_from
FN:540,decode_flow
FN:593,decode_routing
FN:644,build_symbol_tables
FN:695,index_from_set
FNF:10
FNDA:15,encode_pack_manifest
FNDA:5,decode_pack_manifest
FNDA:15,<impl TryFrom for EncodedPackManifest>::try_from
FNDA:15,encode_flow
FNDA:45,encode_routing
FNDA:5,<impl TryFrom for PackManifest>::try_from
FNDA:5,decode_flow
FNDA:15,decode_routing
FNDA:15,build_symbol_tables
FNDA:60,index_from_set
DA:48,15
DA:49,45
DA:50,30
DA:51,60
DA:52,15
DA:56,5
DA:57,10
DA:58,15
DA:59,10
DA:175,15
DA:176,45
DA:177,15
DA:178,15
DA:179,15
DA:180,30
DA:181,30
DA:182,15
DA:183,15
DA:186,30
DA:187,15
DA:189,60
DA:190,225
DA:191,45
DA:192,45
DA:193,45
DA:196,45
DA:197,90
DA:198,135
DA:199,135
DA:200,135
DA:201,135
DA:202,135
DA:203,135
DA:204,135
DA:205,135
DA:206,135
DA:207,45
DA:212,30
DA:213,15
DA:215,30
DA:217,30
DA:218,15
DA:219,45
DA:220,30
DA:221,30
DA:226,15
DA:227,15
DA:228,15
DA:230,30
DA:231,75
DA:232,15
DA:233,15
DA:234,15
DA:237,30
DA:238,15
DA:239,15
DA:240,30
DA:241,75
DA:242,15
DA:243,15
DA:244,15
DA:248,15
DA:249,15
DA:250,45
DA:251,30
DA:252,30
DA:253,15
DA:258,15
DA:259,15
DA:260,15
DA:262,30
DA:263,75
DA:264,15
DA:265,15
DA:266,15
DA:269,15
DA:270,30
DA:271,15
DA:276,15
DA:277,45
DA:278,30
DA:279,45
DA:280,30
DA:281,45
DA:282,30
DA:283,30
DA:284,30
DA:285,30
DA:286,30
DA:287,15
DA:292,15
DA:293,30
DA:294,15
DA:296,60
DA:297,90
DA:298,45
DA:299,90
DA:300,90
DA:301,45
DA:302,45
DA:304,90
DA:305,45
DA:306,90
DA:307,90
DA:308,45
DA:309,45
DA:312,45
DA:313,45
DA:314,90
DA:315,135
DA:316,45
DA:318,90
DA:319,90
DA:320,135
DA:321,90
DA:326,15
DA:327,45
DA:328,45
DA:329,30
DA:330,45
DA:331,30
DA:332,15
DA:336,45
DA:337,45
DA:338,0
DA:339,0
DA:340,0
DA:341,0
DA:342,0
DA:343,0
DA:344,0
DA:345,0
DA:347,0
DA:349,30
DA:350,30
DA:351,60
DA:352,15
DA:353,15
DA:354,15
DA:355,30
DA:356,30
DA:357,15
DA:358,15
DA:360,75
DA:362,30
DA:363,75
DA:364,15
DA:365,15
DA:366,15
DA:369,0
DA:371,15
DA:372,15
DA:373,15
DA:376,15
DA:377,15
DA:378,0
DA:385,5
DA:386,15
DA:387,10
DA:388,10
DA:389,5
DA:390,10
DA:391,5
DA:392,5
DA:394,10
DA:396,5
DA:398,10
DA:399,5
DA:400,5
DA:402,20
DA:403,15
DA:404,15
DA:407,10
DA:408,5
DA:409,5
DA:411,20
DA:412,15
DA:413,15
DA:416,10
DA:417,10
DA:419,10
DA:420,5
DA:422,20
DA:423,45
DA:424,15
DA:425,30
DA:426,15
DA:427,15
DA:429,15
DA:430,45
DA:431,15
DA:432,15
DA:433,15
DA:434,15
DA:435,30
DA:436,30
DA:437,30
DA:438,30
DA:439,30
DA:440,30
DA:441,30
DA:442,30
DA:443,30
DA:444,15
DA:445,15
DA:450,10
DA:451,5
DA:453,10
DA:454,10
DA:455,5
DA:456,5
DA:457,5
DA:459,5
DA:460,5
DA:461,20
DA:462,5
DA:463,5
DA:468,10
DA:469,5
DA:471,10
DA:472,15
DA:473,5
DA:474,10
DA:475,5
DA:476,5
DA:478,5
DA:479,5
DA:480,15
DA:481,5
DA:482,5
DA:483,5
DA:484,5
DA:485,10
DA:486,20
DA:487,5
DA:488,5
DA:489,5
DA:493,5
DA:494,5
DA:495,10
DA:496,10
DA:497,5
DA:498,5
DA:503,10
DA:504,5
DA:506,10
DA:507,25
DA:508,5
DA:509,5
DA:510,5
DA:513,5
DA:514,5
DA:515,5
DA:520,15
DA:521,5
DA:523,5
DA:525,5
DA:526,10
DA:527,10
DA:528,10
DA:529,10
DA:530,10
DA:531,10
DA:532,10
DA:533,10
DA:534,5
DA:535,5
DA:540,5
DA:545,15
DA:546,35
DA:547,15
DA:548,15
DA:549,30
DA:551,30
DA:552,15
DA:553,15
DA:555,30
DA:556,30
DA:558,30
DA:559,15
DA:560,15
DA:562,60
DA:564,45
DA:565,30
DA:570,30
DA:571,30
DA:573,15
DA:575,60
DA:578,10
DA:579,5
DA:581,5
DA:583,5
DA:584,10
DA:585,10
DA:586,10
DA:587,10
DA:588,5
DA:589,5
DA:593,15
DA:594,15
DA:595,0
DA:596,0
DA:597,0
DA:598,0
DA:600,0
DA:601,0
DA:602,0
DA:604,0
DA:606,10
DA:607,10
DA:608,20
DA:609,5
DA:610,5
DA:611,10
DA:613,10
DA:614,5
DA:615,5
DA:617,20
DA:619,10
DA:620,5
DA:621,5
DA:622,5
DA:623,10
DA:625,10
DA:626,5
DA:627,5
DA:629,5
DA:631,0
DA:633,5
DA:634,5
DA:635,5
DA:638,5
DA:639,5
DA:640,0
DA:644,15
DA:645,30
DA:646,30
DA:647,30
DA:648,30
DA:650,60
DA:652,150
DA:653,135
DA:656,45
DA:657,195
DA:658,225
DA:659,135
DA:663,45
DA:664,60
DA:665,60
DA:666,45
DA:670,60
DA:671,45
DA:674,45
DA:675,45
DA:676,45
DA:677,45
DA:680,30
DA:681,45
DA:682,45
DA:683,30
DA:684,30
DA:686,15
DA:687,30
DA:688,30
DA:689,15
DA:690,15
DA:695,60
DA:696,240
DA:697,120
DA:698,585
DA:699,405
DA:700,810
DA:701,270
DA:703,60
LF:374
LH:353
end_of_record
TN:
SF:/Users/maarten/Documents/GitHub/agentic/greentic-secrets/crates/greentic-types/src/component.rs
FN:32,dev_flow_default_format
FN:88,ComponentManifest::supports_kind
FN:94,ComponentManifest::select_profile
FN:115,ComponentManifest::basic_configurator
FN:122,ComponentManifest::full_configurator
FN:251,<impl Default for FilesystemCapabilities>::default
FN:456,<impl Display for ComponentProfileError>::fmt
FNF:7
FNDA:5,dev_flow_default_format
FNDA:0,ComponentManifest::supports_kind
FNDA:15,ComponentManifest::select_profile
FNDA:0,ComponentManifest::basic_configurator
FNDA:0,ComponentManifest::full_configurator
FNDA:0,<impl Default for FilesystemCapabilities>::default
FNDA:0,<impl Display for ComponentProfileError>::fmt
DA:32,5
DA:33,10
DA:88,0
DA:89,0
DA:94,15
DA:98,25
DA:99,15
DA:100,10
DA:101,10
DA:103,50
DA:104,10
DA:105,10
DA:106,10
DA:108,5
DA:110,5
DA:115,0
DA:116,0
DA:118,0
DA:122,0
DA:123,0
DA:125,0
DA:251,0
DA:254,0
DA:456,0
DA:457,0
DA:459,0
DA:460,0
DA:462,0
DA:463,0
LF:29
LH:13
end_of_record
TN:
SF:/Users/maarten/Documents/GitHub/agentic/greentic-secrets/crates/greentic-types/src/distributor.rs
FN:23,DistributorEnvironmentId::as_str
FN:35,<impl From for DistributorEnvironmentId>::from
FN:48,ComponentDigest::as_str
FN:53,ComponentDigest::is_sha256_like
FN:75,<impl From for ComponentDigest>::from
FNF:5
FNDA:0,DistributorEnvironmentId::as_str
FNDA:5,<impl From for DistributorEnvironmentId>::from
FNDA:0,ComponentDigest::as_str
FNDA:25,ComponentDigest::is_sha256_like
FNDA:30,<impl From for ComponentDigest>::from
DA:23,0
DA:24,0
DA:29,0
DA:30,0
DA:35,5
DA:36,5
DA:48,0
DA:49,0
DA:53,25
DA:55,75
DA:56,25
DA:57,10
DA:59,45
DA:60,15
DA:61,5
DA:63,10
DA:64,3370
DA:69,0
DA:70,0
DA:75,30
DA:76,30
LF:21
LH:13
end_of_record
TN:
SF:/Users/maarten/Documents/GitHub/agentic/greentic-secrets/crates/greentic-types/src/error.rs
FN:62,GreenticError::new
FN:73,GreenticError::with_source
FN:83,default_source
FN:103,<impl From for GreenticError>::from
FNF:4
FNDA:2628,GreenticError::new
FNDA:0,GreenticError::with_source
FNDA:5,default_source
FNDA:0,<impl From for GreenticError>::from
DA:62,2628
DA:65,5256
DA:73,0
DA:77,0
DA:78,0
DA:83,5
DA:84,5
DA:89,0
DA:90,0
DA:96,0
DA:97,0
DA:103,0
DA:104,0
LF:13
LH:4
end_of_record
TN:
SF:/Users/maarten/Documents/GitHub/agentic/greentic-secrets/crates/greentic-types/src/events.rs
FN:28,EventId::as_str
FN:33,EventId::new
FN:38,EventId::into_inner
FN:44,<impl From for String>::from
FN:50,<impl AsRef for EventId>::as_ref
FN:56,<impl Display for EventId>::fmt
FN:64,<impl FromStr for EventId>::from_str
FN:81,<impl TryFrom for EventId>::try_from
FNF:8
FNDA:0,EventId::as_str
FNDA:2,EventId::new
FNDA:0,EventId::into_inner
FNDA:10,<impl From for String>::from
FNDA:0,<impl AsRef for EventId>::as_ref
FNDA:0,<impl Display for EventId>::fmt
FNDA:20,<impl FromStr for EventId>::from_str
FNDA:0,<impl TryFrom for EventId>::try_from
DA:28,0
DA:29,0
DA:33,2
DA:34,4
DA:38,0
DA:39,0
DA:44,10
DA:45,10
DA:50,0
DA:51,0
DA:56,0
DA:57,0
DA:64,20
DA:65,60
DA:66,20
DA:73,10
DA:74,20
DA:81,0
DA:82,0
LF:19
LH:9
end_of_record
TN:
SF:/Users/maarten/Documents/GitHub/agentic/greentic-secrets/crates/greentic-types/src/events_provider.rs
FN:104,<impl Default for EventProviderDescriptor>::default
FNF:1
FNDA:5,<impl Default for EventProviderDescriptor>::default
DA:104,5
DA:106,15
DA:108,10
DA:112,5
LF:4
LH:4
end_of_record
TN:
SF:/Users/maarten/Documents/GitHub/agentic/greentic-secrets/crates/greentic-types/src/flow.rs
FN:79,Flow::is_empty
FN:84,Flow::ingress
FN:176,<impl Default for FlowMetadata>::default
FNF:3
FNDA:0,Flow::is_empty
FNDA:5,Flow::ingress
FNDA:20,<impl Default for FlowMetadata>::default
DA:79,0
DA:80,0
DA:84,5
DA:85,10
DA:176,20
DA:180,20
LF:6
LH:4
end_of_record
TN:
SF:/Users/maarten/Documents/GitHub/agentic/greentic-secrets/crates/greentic-types/src/lib.rs
FN:187,validate_identifier
FN:207,validate_api_key_ref
FN:536,write_all_schemas
FN:723,ApiKeyRef::as_str
FN:728,ApiKeyRef::new
FN:734,<impl Display for ApiKeyRef>::fmt
FN:742,<impl FromStr for ApiKeyRef>::from_str
FN:759,<impl TryFrom for ApiKeyRef>::try_from
FN:771,<impl AsRef for ApiKeyRef>::as_ref
FN:811,TenantContext::new
FN:823,<impl From for TenantContext>::from
FN:863,HashDigest::new
FN:870,HashDigest::blake3
FN:883,<impl From for HashDigestRepr>::from
FN:894,<impl TryFrom for HashDigest>::try_from
FN:899,validate_hex
FN:929,SemverReq::parse
FN:941,SemverReq::as_str
FN:946,SemverReq::to_version_req
FN:953,<impl Display for SemverReq>::fmt
FN:975,<impl TryFrom for SemverReq>::try_from
FN:983,<impl FromStr for SemverReq>::from_str
FN:996,RedactionPath::parse
FN:1003,RedactionPath::as_str
FN:1009,<impl Display for RedactionPath>::fmt
FN:1015,<impl From for String>::from
FN:1031,<impl TryFrom for RedactionPath>::try_from
FN:1036,validate_jsonpath
FN:1060,<impl JsonSchema for SemverReq>::schema_name
FN:1064,<impl JsonSchema for SemverReq>::json_schema
FN:1078,<impl JsonSchema for RedactionPath>::schema_name
FN:1082,<impl JsonSchema for RedactionPath>::json_schema
FN:1104,InvocationDeadline::from_unix_millis
FN:1109,InvocationDeadline::unix_millis
FN:1115,InvocationDeadline::to_offset_date_time
FN:1121,InvocationDeadline::from_offset_date_time
FN:1191,TenantCtx::new
FN:1216,TenantCtx::with_team
FN:1223,TenantCtx::with_user
FN:1230,TenantCtx::with_session
FN:1236,TenantCtx::with_flow
FN:1242,TenantCtx::with_node
FN:1248,TenantCtx::with_provider
FN:1254,TenantCtx::with_attributes
FN:1260,TenantCtx::with_impersonation
FN:1266,TenantCtx::with_attempt
FN:1272,TenantCtx::with_deadline
FN:1278,TenantCtx::session_id
FN:1283,TenantCtx::flow_id
FN:1288,TenantCtx::node_id
FN:1293,TenantCtx::provider_id
FN:1353,default_source
FN:1359,NodeError::new
FN:1372,NodeError::with_retry
FN:1379,NodeError::with_detail
FN:1385,NodeError::with_detail_text
FN:1391,NodeError::with_detail_binary
FN:1398,NodeError::with_source
FN:1407,NodeError::detail
FN:1413,NodeError::source
FN:1419,<impl Display for NodeError>::fmt
FN:1426,<impl StdError for NodeError>::source
FN:1440,make_idempotency_key
FN:1463,fnv1a_128_hex
FNF:64
FNDA:5966,validate_identifier
FNDA:35,validate_api_key_ref
FNDA:0,write_all_schemas
FNDA:0,ApiKeyRef::as_str
FNDA:4,ApiKeyRef::new
FNDA:0,<impl Display for ApiKeyRef>::fmt
FNDA:35,<impl FromStr for ApiKeyRef>::from_str
FNDA:0,<impl TryFrom for ApiKeyRef>::try_from
FNDA:0,<impl AsRef for ApiKeyRef>::as_ref
FNDA:0,TenantContext::new
FNDA:5,<impl From for TenantContext>::from
FNDA:7,HashDigest::new
FNDA:2,HashDigest::blake3
FNDA:5,<impl From for HashDigestRepr>::from
FNDA:5,<impl TryFrom for HashDigest>::try_from
FNDA:15,validate_hex
FNDA:3885,SemverReq::parse
FNDA:1305,SemverReq::as_str
FNDA:0,SemverReq::to_version_req
FNDA:1305,<impl Display for SemverReq>::fmt
FNDA:0,<impl TryFrom for SemverReq>::try_from
FNDA:1280,<impl FromStr for SemverReq>::from_str
FNDA:20,RedactionPath::parse
FNDA:5,RedactionPath::as_str
FNDA:0,<impl Display for RedactionPath>::fmt
FNDA:5,<impl From for String>::from
FNDA:0,<impl TryFrom for RedactionPath>::try_from
FNDA:20,validate_jsonpath
FNDA:0,<impl JsonSchema for SemverReq>::schema_name
FNDA:0,<impl JsonSchema for SemverReq>::json_schema
FNDA:0,<impl JsonSchema for RedactionPath>::schema_name
FNDA:0,<impl JsonSchema for RedactionPath>::json_schema
FNDA:7,InvocationDeadline::from_unix_millis
FNDA:1,InvocationDeadline::unix_millis
FNDA:1,InvocationDeadline::to_offset_date_time
FNDA:1,InvocationDeadline::from_offset_date_time
FNDA:172,TenantCtx::new
FNDA:82,TenantCtx::with_team
FNDA:27,TenantCtx::with_user
FNDA:3,TenantCtx::with_session
FNDA:0,TenantCtx::with_flow
FNDA:0,TenantCtx::with_node
FNDA:10,TenantCtx::with_provider
FNDA:0,TenantCtx::with_attributes
FNDA:0,TenantCtx::with_impersonation
FNDA:2,TenantCtx::with_attempt
FNDA:2,TenantCtx::with_deadline
FNDA:25,TenantCtx::session_id
FNDA:25,TenantCtx::flow_id
FNDA:25,TenantCtx::node_id
FNDA:25,TenantCtx::provider_id
FNDA:0,default_source
FNDA:2,NodeError::new
FNDA:1,NodeError::with_retry
FNDA:0,NodeError::with_detail
FNDA:1,NodeError::with_detail_text
FNDA:0,NodeError::with_detail_binary
FNDA:1,NodeError::with_source
FNDA:1,NodeError::detail
FNDA:1,NodeError::source
FNDA:0,<impl Display for NodeError>::fmt
FNDA:0,<impl StdError for NodeError>::source
FNDA:4,make_idempotency_key
FNDA:4,fnv1a_128_hex
DA:187,5966
DA:188,11932
DA:189,1160
DA:190,1160
DA:191,580
DA:194,5386
DA:196,125830
DA:198,1460
DA:199,1460
DA:200,730
DA:203,4656
DA:207,35
DA:208,70
DA:209,0
DA:210,0
DA:211,0
DA:214,70
DA:215,0
DA:216,0
DA:217,0
DA:220,35
DA:221,0
DA:222,0
DA:223,0
DA:226,35
DA:536,0
DA:540,0
DA:541,0
DA:543,0
DA:544,0
DA:545,0
DA:546,0
DA:547,0
DA:548,0
DA:551,0
DA:552,0
DA:553,0
DA:556,0
DA:570,4709
DA:571,4709
DA:575,7
DA:576,14
DA:581,921
DA:582,921
DA:587,375
DA:588,375
DA:593,35
DA:594,105
DA:601,5946
DA:602,19148
DA:603,4636
DA:610,905
DA:611,1810
DA:618,306
DA:619,612
DA:723,0
DA:724,0
DA:728,4
DA:729,8
DA:734,0
DA:735,0
DA:742,35
DA:743,70
DA:744,35
DA:751,15
DA:752,30
DA:759,0
DA:760,0
DA:765,20
DA:766,20
DA:771,0
DA:772,0
DA:811,0
DA:817,0
DA:823,5
DA:825,10
DA:826,15
DA:827,15
DA:828,10
DA:829,10
DA:863,7
DA:864,21
DA:865,15
DA:866,6
DA:870,2
DA:871,6
DA:883,5
DA:885,5
DA:886,5
DA:894,5
DA:895,15
DA:899,15
DA:900,30
DA:901,0
DA:902,0
DA:903,0
DA:906,15
DA:907,5
DA:908,5
DA:909,5
DA:912,180
DA:913,0
DA:914,0
DA:915,0
DA:918,10
DA:929,3885
DA:930,11655
DA:931,12950
DA:932,1295
DA:933,1295
DA:934,2590
DA:937,2590
DA:941,1305
DA:942,1305
DA:946,0
DA:947,0
DA:948,0
DA:953,1305
DA:954,3915
DA:959,10
DA:960,10
DA:967,20
DA:968,40
DA:975,0
DA:976,0
DA:983,1280
DA:984,2560
DA:996,20
DA:997,60
DA:998,50
DA:999,10
DA:1003,5
DA:1004,5
DA:1009,0
DA:1010,0
DA:1015,5
DA:1016,5
DA:1023,5
DA:1024,10
DA:1031,0
DA:1032,0
DA:1036,20
DA:1037,40
DA:1038,5
DA:1039,5
DA:1040,5
DA:1043,15
DA:1044,5
DA:1045,5
DA:1046,5
DA:1049,360
DA:1050,0
DA:1051,0
DA:1052,0
DA:1055,10
DA:1060,0
DA:1061,0
DA:1064,0
DA:1065,0
DA:1066,0
DA:1067,0
DA:1068,0
DA:1069,0
DA:1072,0
DA:1078,0
DA:1079,0
DA:1082,0
DA:1083,0
DA:1084,0
DA:1085,0
DA:1086,0
DA:1087,0
DA:1090,0
DA:1104,7
DA:1109,1
DA:1110,1
DA:1115,1
DA:1116,2
DA:1121,1
DA:1122,3
DA:1124,1
DA:1191,172
DA:1192,516
DA:1195,516
DA:1207,344
DA:1216,82
DA:1217,246
DA:1218,164
DA:1219,82
DA:1223,27
DA:1224,81
DA:1225,54
DA:1226,27
DA:1230,3
DA:1231,6
DA:1232,3
DA:1236,0
DA:1237,0
DA:1238,0
DA:1242,0
DA:1243,0
DA:1244,0
DA:1248,10
DA:1249,20
DA:1250,10
DA:1254,0
DA:1255,0
DA:1256,0
DA:1260,0
DA:1261,0
DA:1262,0
DA:1266,2
DA:1267,2
DA:1268,2
DA:1272,2
DA:1273,2
DA:1274,2
DA:1278,25
DA:1279,50
DA:1283,25
DA:1284,50
DA:1288,25
DA:1289,50
DA:1293,25
DA:1294,50
DA:1353,0
DA:1354,0
DA:1359,2
DA:1361,6
DA:1362,6
DA:1372,1
DA:1373,1
DA:1374,1
DA:1375,1
DA:1379,0
DA:1380,0
DA:1381,0
DA:1385,1
DA:1386,2
DA:1387,1
DA:1391,0
DA:1392,0
DA:1393,0
DA:1398,1
DA:1402,2
DA:1403,1
DA:1407,1
DA:1408,2
DA:1413,1
DA:1414,2
DA:1419,0
DA:1420,0
DA:1426,0
DA:1427,0
DA:1429,0
DA:1440,4
DA:1446,12
DA:1447,8
DA:1448,12
DA:1450,8
DA:1452,8
DA:1457,8
DA:1463,4
DA:1464,8
DA:1465,394
DA:1466,260
DA:1467,130
DA:1470,8
DA:1471,136
DA:1472,256
DA:1473,384
DA:1474,216
DA:1475,40
DA:1478,4
LF:274
LH:181
end_of_record
TN:
SF:/Users/maarten/Documents/GitHub/agentic/greentic-secrets/crates/greentic-types/src/outcome.rs
FN:47,Outcome<T>::is_done
FN:52,Outcome<T>::is_pending
FN:57,Outcome<T>::is_error
FN:62,Outcome<T>::map
FNF:4
FNDA:0,Outcome<T>::is_done
FNDA:0,Outcome<T>::is_pending
FNDA:0,Outcome<T>::is_error
FNDA:0,Outcome<T>::map
DA:47,0
DA:48,0
DA:52,0
DA:53,0
DA:57,0
DA:58,0
DA:62,0
DA:66,0
DA:67,0
DA:68,0
DA:69,0
DA:70,0
LF:12
LH:0
end_of_record
TN:
SF:/Users/maarten/Documents/GitHub/agentic/greentic-secrets/crates/greentic-types/src/pack.rs
FN:45,PackRef::new
FN:72,Signature::new
FNF:2
FNDA:1,PackRef::new
FNDA:1,Signature::new
DA:45,1
DA:47,3
DA:49,2
DA:50,1
DA:72,1
DA:78,3
LF:6
LH:6
end_of_record
TN:
SF:/Users/maarten/Documents/GitHub/agentic/greentic-secrets/crates/greentic-types/src/policy.rs
FN:58,AllowList::empty
FN:67,AllowList::is_empty
FN:73,<impl Default for AllowList>::default
FN:91,NetworkPolicy::strict
FN:134,serde_impls::<impl Serialize for PolicyDecision>::serialize
FN:160,serde_impls::<impl Deserialize for PolicyDecision>::deserialize
FN:173,serde_impls::<impl Deserialize for PolicyDecision>::deserialize::<impl Deserialize for Field>::deserialize
FN:182,serde_impls::<impl Deserialize for PolicyDecision>::deserialize::<impl Deserialize for Field>::deserialize::<impl Visitor for FieldVisitor>::expecting
FN:189,serde_impls::<impl Deserialize for PolicyDecision>::deserialize::<impl Deserialize for Field>::deserialize::<impl Visitor for FieldVisitor>::visit_str
FN:212,serde_impls::<impl Deserialize for PolicyDecision>::deserialize::<impl Visitor for PolicyDecisionVisitor>::expecting
FN:216,serde_impls::<impl Deserialize for PolicyDecision>::deserialize::<impl Visitor for PolicyDecisionVisitor>::visit_map
FNF:11
FNDA:5,AllowList::empty
FNDA:0,AllowList::is_empty
FNDA:5,<impl Default for AllowList>::default
FNDA:5,NetworkPolicy::strict
FNDA:1,serde_impls::<impl Serialize for PolicyDecision>::serialize
FNDA:2,serde_impls::<impl Deserialize for PolicyDecision>::deserialize
FNDA:6,serde_impls::<impl Deserialize for PolicyDecision>::deserialize::<impl Deserialize for Field>::deserialize
FNDA:0,serde_impls::<impl Deserialize for PolicyDecision>::deserialize::<impl Deserialize for Field>::deserialize::<impl Visitor for FieldVisitor>::expecting
FNDA:6,serde_impls::<impl Deserialize for PolicyDecision>::deserialize::<impl Deserialize for Field>::deserialize::<impl Visitor for FieldVisitor>::visit_str
FNDA:0,serde_impls::<impl Deserialize for PolicyDecision>::deserialize::<impl Visitor for PolicyDecisionVisitor>::expecting
FNDA:2,serde_impls::<impl Deserialize for PolicyDecision>::deserialize::<impl Visitor for PolicyDecisionVisitor>::visit_map
DA:58,5
DA:60,10
DA:61,5
DA:62,5
DA:67,0
DA:68,0
DA:73,5
DA:74,5
DA:91,5
DA:134,1
DA:139,2
DA:140,3
DA:141,1
DA:143,3
DA:144,1
DA:146,4
DA:147,3
DA:148,3
DA:149,2
DA:150,3
DA:152,2
DA:153,3
DA:155,2
DA:160,2
DA:172,0
DA:173,6
DA:179,0
DA:182,0
DA:186,0
DA:189,6
DA:193,6
DA:194,8
DA:195,6
DA:196,3
DA:197,2
DA:198,0
DA:203,18
DA:209,0
DA:212,0
DA:213,0
DA:216,2
DA:220,6
DA:221,6
DA:222,6
DA:223,6
DA:225,22
DA:226,6
DA:227,0
DA:228,4
DA:229,0
DA:231,4
DA:233,0
DA:234,4
DA:235,0
DA:237,6
DA:239,0
DA:240,2
DA:241,0
DA:243,2
DA:245,0
DA:246,2
DA:247,0
DA:249,3
DA:251,0
DA:253,0
DA:258,4
DA:259,3
DA:260,4
DA:261,1
DA:262,0
DA:264,1
DA:268,4
DA:270,8
DA:271,2
DA:272,3
DA:273,0
DA:276,2
DA:277,4
DA:278,4
DA:279,6
DA:280,2
DA:285,4
DA:287,2
DA:288,2
LF:84
LH:62
end_of_record
TN:
SF:/Users/maarten/Documents/GitHub/agentic/greentic-secrets/crates/greentic-types/src/run.rs
FN:161,RunResult::duration_ms
FNF:1
FNDA:5,RunResult::duration_ms
DA:161,5
DA:162,10
DA:163,10
LF:3
LH:3
end_of_record
TN:
SF:/Users/maarten/Documents/GitHub/agentic/greentic-secrets/crates/greentic-types/src/schema.rs
FN:31,schema_with_id
FNF:1
FNDA:10,schema_with_id
DA:31,10
DA:32,30
DA:33,40
DA:34,50
DA:36,10
DA:57,10
DA:58,10
DA:224,0
DA:225,0
DA:229,0
DA:230,0
DA:231,0
DA:235,0
LF:13
LH:7
end_of_record
TN:
SF:/Users/maarten/Documents/GitHub/agentic/greentic-secrets/crates/greentic-types/src/secrets.rs
FN:23,SecretKey::parse
FN:29,SecretKey::as_str
FN:35,<impl Display for SecretKey>::fmt
FN:56,SecretScope::new
FN:118,validate_key
FNF:5
FNDA:10,SecretKey::parse
FNDA:6,SecretKey::as_str
FNDA:0,<impl Display for SecretKey>::fmt
FNDA:1,SecretScope::new
FNDA:10,validate_key
DA:23,10
DA:24,23
DA:25,7
DA:29,6
DA:30,6
DA:35,0
DA:36,0
DA:56,1
DA:61,3
DA:62,3
DA:63,2
DA:64,0
DA:65,0
DA:66,0
DA:69,2
DA:70,0
DA:71,0
DA:72,0
DA:75,5
DA:76,2
DA:118,10
DA:119,20
DA:120,0
DA:121,0
DA:122,0
DA:125,20
DA:126,1
DA:127,1
DA:128,1
DA:131,52
DA:132,1
DA:133,1
DA:134,1
DA:137,8
DA:138,8
DA:139,165
DA:141,1
DA:142,1
DA:143,1
DA:146,7
LF:40
LH:29
end_of_record
TN:
SF:/Users/maarten/Documents/GitHub/agentic/greentic-secrets/crates/greentic-types/src/session.rs
FN:22,SessionKey::as_str
FN:27,SessionKey::new
FN:33,SessionKey::generate
FN:51,<impl Display for SessionKey>::fmt
FN:58,<impl From for SessionKey>::from
FN:71,canonical_session_key
FN:109,SessionCursor::new
FN:118,SessionCursor::with_wait_reason
FN:124,SessionCursor::with_outbox_marker
FNF:9
FNDA:2,SessionKey::as_str
FNDA:2,SessionKey::new
FNDA:0,SessionKey::generate
FNDA:0,<impl Display for SessionKey>::fmt
FNDA:0,<impl From for SessionKey>::from
FNDA:2,canonical_session_key
FNDA:1,SessionCursor::new
FNDA:1,SessionCursor::with_wait_reason
FNDA:1,SessionCursor::with_outbox_marker
DA:22,2
DA:23,2
DA:27,2
DA:28,2
DA:33,0
DA:34,0
DA:39,0
DA:40,0
DA:45,15
DA:46,15
DA:51,0
DA:52,0
DA:58,0
DA:59,0
DA:71,2
DA:77,4
DA:78,2
DA:79,4
DA:80,4
DA:81,6
DA:82,6
DA:109,1
DA:111,3
DA:118,1
DA:119,2
DA:120,1
DA:124,1
DA:125,2
DA:126,1
LF:29
LH:21
end_of_record
TN:
SF:/Users/maarten/Documents/GitHub/agentic/greentic-secrets/crates/greentic-types/src/state.rs
FN:20,StateKey::as_str
FN:25,StateKey::new
FN:37,<impl From for StateKey>::from
FN:43,<impl Display for StateKey>::fmt
FN:60,StatePath::root
FN:67,StatePath::push
FN:72,StatePath::to_pointer
FN:86,StatePath::from_pointer
FN:102,<impl Default for StatePath>::default
FN:107,escape_segment
FN:111,unescape_segment
FNF:11
FNDA:0,StateKey::as_str
FNDA:0,StateKey::new
FNDA:5,<impl From for StateKey>::from
FNDA:0,<impl Display for StateKey>::fmt
FNDA:5,StatePath::root
FNDA:2,StatePath::push
FNDA:5,StatePath::to_pointer
FNDA:5,StatePath::from_pointer
FNDA:0,<impl Default for StatePath>::default
FNDA:10,escape_segment
FNDA:10,unescape_segment
DA:20,0
DA:21,0
DA:25,0
DA:26,0
DA:31,0
DA:32,0
DA:37,5
DA:38,5
DA:43,0
DA:44,0
DA:60,5
DA:62,5
DA:67,2
DA:68,8
DA:72,5
DA:73,10
DA:74,0
DA:77,10
DA:78,35
DA:79,30
DA:80,30
DA:82,5
DA:86,5
DA:87,15
DA:88,0
DA:91,10
DA:93,25
DA:94,5
DA:102,0
DA:103,0
DA:107,10
DA:108,30
DA:111,10
DA:112,30
LF:34
LH:22
end_of_record
TN:
SF:/Users/maarten/Documents/GitHub/agentic/greentic-secrets/crates/greentic-types/src/store.rs
FN:87,<impl Default for Theme>::default
FN:323,<impl Serialize for VersionStrategy>::serialize
FN:395,<impl Deserialize for VersionStrategy>::deserialize
FN:747,Environment::new
FNF:4
FNDA:0,<impl Default for Theme>::default
FNDA:2,<impl Serialize for VersionStrategy>::serialize
FNDA:5,<impl Deserialize for VersionStrategy>::deserialize
FNDA:0,Environment::new
DA:87,0
DA:89,0
DA:90,0
DA:91,0
DA:92,0
DA:93,0
DA:94,0
DA:323,2
DA:350,2
DA:351,3
DA:352,0
DA:355,0
DA:356,0
DA:359,2
DA:364,2
DA:368,0
DA:372,0
DA:377,0
DA:380,0
DA:386,0
DA:388,0
DA:395,5
DA:425,10
DA:426,4
DA:427,0
DA:428,4
DA:429,0
DA:430,0
DA:431,0
DA:433,6
DA:434,2
DA:435,2
DA:436,0
DA:437,0
DA:747,0
DA:757,0
DA:760,0
DA:761,0
LF:38
LH:12
end_of_record
TN:
SF:/Users/maarten/Documents/GitHub/agentic/greentic-secrets/crates/greentic-types/src/telemetry/mod.rs
FN:33,install_telemetry
FN:51,set_current_tenant_ctx
FNF:2
FNDA:10,install_telemetry
FNDA:15,set_current_tenant_ctx
DA:33,10
DA:35,10
DA:39,20
DA:42,20
DA:43,20
DA:46,10
DA:51,15
DA:52,60
DA:53,15
DA:54,0
DA:56,15
DA:57,0
DA:59,15
DA:60,0
DA:62,45
DA:63,45
DA:65,30
LF:17
LH:14
end_of_record
TN:
SF:/Users/maarten/Documents/GitHub/agentic/greentic-secrets/crates/greentic-types/src/telemetry/span_context.rs
FN:71,SpanContext::new
FN:86,SpanContext::with_session
FN:92,SpanContext::with_node
FN:99,SpanContext::started
FN:106,SpanContext::finished
FNF:5
FNDA:1,SpanContext::new
FNDA:1,SpanContext::with_session
FNDA:1,SpanContext::with_node
FNDA:1,SpanContext::started
FNDA:1,SpanContext::finished
DA:71,1
DA:75,3
DA:77,3
DA:86,1
DA:87,2
DA:88,1
DA:92,1
DA:93,2
DA:94,1
DA:99,1
DA:100,1
DA:101,1
DA:106,1
DA:107,1
DA:108,1
LF:15
LH:15
end_of_record
TN:
SF:/Users/maarten/Documents/GitHub/agentic/greentic-secrets/crates/greentic-types/src/tenant.rs
FN:63,TenantIdentity::new
FN:75,<impl From for TenantIdentity>::from
FN:88,TenantCtx::identity
FN:93,TenantCtx::tenant_context
FN:98,TenantCtx::impersonated_by
FN:103,TenantCtx::with_identity
FNF:6
FNDA:0,TenantIdentity::new
FNDA:5,<impl From for TenantIdentity>::from
FNDA:0,TenantCtx::identity
FNDA:5,TenantCtx::tenant_context
FNDA:0,TenantCtx::impersonated_by
FNDA:0,TenantCtx::with_identity
DA:63,0
DA:69,0
DA:75,5
DA:77,10
DA:78,15
DA:79,15
DA:80,10
DA:81,10
DA:88,0
DA:89,0
DA:93,5
DA:94,10
DA:98,0
DA:99,0
DA:103,0
DA:104,0
DA:105,0
DA:106,0
DA:107,0
DA:108,0
DA:109,0
DA:110,0
DA:111,0
DA:112,0
LF:24
LH:8
end_of_record
TN:
SF:/Users/maarten/Documents/GitHub/agentic/greentic-secrets/crates/greentic-types/src/tenant_config.rs
FN:435,TenantDidDocument::context
FNF:1
FNDA:10,TenantDidDocument::context
DA:435,10
DA:436,10
DA:437,20
DA:438,15
DA:439,0
LF:5
LH:4
end_of_record
TN:
SF:/Users/maarten/Documents/GitHub/agentic/greentic-secrets/crates/greentic-types/tests/distributor_roundtrip.rs
FN:9,sample_ctx
FNF:1
FNDA:1,sample_ctx
DA:9,1
DA:10,4
DA:11,5
DA:12,3
LF:4
LH:4
end_of_record
TN:
SF:/Users/maarten/Documents/GitHub/agentic/greentic-secrets/crates/greentic-types/tests/events_envelope_roundtrip.rs
FN:10,assert_roundtrip
FNF:1
FNDA:2,assert_roundtrip
DA:10,2
DA:14,10
DA:15,12
DA:16,4
LF:4
LH:4
end_of_record
TN:
SF:/Users/maarten/Documents/GitHub/agentic/greentic-secrets/crates/greentic-types/tests/events_provider_descriptor.rs
FN:10,assert_roundtrip
FNF:1
FNDA:2,assert_roundtrip
DA:10,2
DA:14,10
DA:15,12
DA:16,4
LF:4
LH:4
end_of_record
TN:
SF:/Users/maarten/Documents/GitHub/agentic/greentic-secrets/crates/greentic-types/tests/flow_helpers.rs
FNF:0
DA:166,5
DA:168,20
LF:2
LH:2
end_of_record
TN:
SF:/Users/maarten/Documents/GitHub/agentic/greentic-secrets/crates/greentic-types/tests/messaging_envelope_roundtrip.rs
FN:8,assert_roundtrip
FNF:1
FNDA:2,assert_roundtrip
DA:8,2
DA:12,10
DA:13,12
DA:14,4
LF:4
LH:4
end_of_record
TN:
SF:/Users/maarten/Documents/GitHub/agentic/greentic-secrets/crates/greentic-types/tests/pack_manifest_roundtrip.rs
FN:16,sample_flow
FN:89,sample_component
FN:112,sample_pack_manifest
FN:146,roundtrip_json
FNF:4
FNDA:2,sample_flow
FNDA:7,sample_component
FNDA:2,sample_pack_manifest
FNDA:3,roundtrip_json
DA:16,2
DA:17,6
DA:18,4
DA:19,6
DA:20,2
DA:21,8
DA:22,4
DA:23,10
DA:24,6
DA:25,4
DA:27,4
DA:28,4
DA:30,4
DA:31,4
DA:33,2
DA:34,12
DA:35,4
DA:37,2
DA:40,4
DA:41,6
DA:42,2
DA:43,8
DA:44,4
DA:45,10
DA:46,4
DA:47,4
DA:49,4
DA:50,4
DA:52,4
DA:53,4
DA:55,2
DA:56,2
DA:59,4
DA:60,6
DA:61,2
DA:62,8
DA:63,4
DA:64,10
DA:65,4
DA:66,4
DA:68,4
DA:69,4
DA:71,4
DA:72,4
DA:74,2
DA:75,2
DA:80,6
DA:81,8
DA:83,8
DA:85,2
DA:89,7
DA:91,28
DA:92,28
DA:94,21
DA:95,14
DA:99,14
DA:101,21
DA:107,7
DA:108,7
DA:112,2
DA:113,4
DA:115,6
DA:116,6
DA:117,8
DA:119,6
DA:120,4
DA:125,6
DA:132,6
DA:138,4
DA:142,2
DA:146,3
DA:150,15
DA:151,18
DA:152,6
DA:153,3
LF:75
LH:75
end_of_record
TN:
SF:/Users/maarten/Documents/GitHub/agentic/greentic-secrets/crates/greentic-types/tests/schema.rs
FN:7,schema_value
FN:12,defs_keys
FNF:2
FNDA:4,schema_value
FNDA:2,defs_keys
DA:7,4
DA:8,8
DA:9,16
DA:12,2
DA:13,2
DA:15,2
DA:16,6
DA:17,10
LF:8
LH:8
end_of_record
TN:
SF:/Users/maarten/Documents/GitHub/agentic/greentic-secrets/crates/greentic-types/tests/serde_roundtrip.rs
FN:23,assert_roundtrip
FNF:1
FNDA:23,assert_roundtrip
DA:23,23
DA:27,115
DA:28,138
DA:29,46
LF:4
LH:4
end_of_record
TN:
SF:/Users/maarten/Documents/GitHub/agentic/greentic-secrets/crates/greentic-types/tests/store_models_roundtrip.rs
FN:14,map
FN:18,assert_roundtrip
FNF:2
FNDA:16,map
FNDA:10,assert_roundtrip
DA:14,16
DA:15,64
DA:18,10
DA:22,50
DA:23,60
DA:24,20
LF:6
LH:6
end_of_record
TN:
SF:/Users/maarten/Documents/GitHub/agentic/greentic-secrets/crates/greentic-types/tests/supply_chain_roundtrip.rs
FN:14,assert_roundtrip
FNF:1
FNDA:11,assert_roundtrip
DA:14,11
DA:18,55
DA:19,66
DA:20,22
LF:4
LH:4
end_of_record
TN:
SF:/Users/maarten/Documents/GitHub/agentic/greentic-secrets/crates/greentic-types/tests/ui_documents_roundtrip.rs
FN:14,assert_roundtrip
FNF:1
FNDA:5,assert_roundtrip
DA:14,5
DA:18,25
DA:19,30
DA:20,10
LF:4
LH:4
end_of_record
TN:
SF:/Users/maarten/Documents/GitHub/agentic/greentic-secrets/crates/greentic-types/tests/worker_roundtrip.rs
FN:8,assert_roundtrip
FNF:1
FNDA:2,assert_roundtrip
DA:8,2
DA:12,10
DA:13,12
DA:14,4
LF:4
LH:4
end_of_record
TN:
SF:/Users/maarten/Documents/GitHub/agentic/greentic-secrets/greentic-secrets/src/env.rs
FN:9,<impl SecretsManager for EnvSecretsManager>::read
FN:16,<impl SecretsManager for EnvSecretsManager>::write
FN:20,<impl SecretsManager for EnvSecretsManager>::delete
FNF:3
FNDA:1,<impl SecretsManager for EnvSecretsManager>::read
FNDA:0,<impl SecretsManager for EnvSecretsManager>::write
FNDA:0,<impl SecretsManager for EnvSecretsManager>::delete
DA:9,1
DA:16,0
DA:20,0
LF:3
LH:1
end_of_record
TN:
SF:/Users/maarten/Documents/GitHub/agentic/greentic-secrets/greentic-secrets-broker/src/auth.rs
FN:44,AuthContext::new
FN:55,AuthContext::allows
FN:64,Permissions::empty
FN:68,Permissions::all
FN:72,Permissions::from_action
FN:76,Permissions::union
FN:80,Permissions::allows
FN:86,<impl Default for Permissions>::default
FN:116,SubjectMatcher::matches
FN:163,Authorizer::from_env
FN:240,Authorizer::authenticate
FN:294,Authorizer::authenticate_nats
FN:310,Authorizer::authorize
FN:344,Authorizer::match_internal_subject
FN:356,Authorizer::validate_claims
FN:378,Authorizer::lookup_public_key
FN:431,extract_bearer_token
FN:442,http_layer
FN:468,permissions_for_roles
FN:490,has_cross_team_role
FN:496,decode_ed25519_key
FNF:21
FNDA:20,AuthContext::new
FNDA:16,AuthContext::allows
FNDA:20,Permissions::empty
FNDA:12,Permissions::all
FNDA:24,Permissions::from_action
FNDA:36,Permissions::union
FNDA:16,Permissions::allows
FNDA:20,<impl Default for Permissions>::default
FNDA:0,SubjectMatcher::matches
FNDA:18,Authorizer::from_env
FNDA:44,Authorizer::authenticate
FNDA:6,Authorizer::authenticate_nats
FNDA:16,Authorizer::authorize
FNDA:0,Authorizer::match_internal_subject
FNDA:22,Authorizer::validate_claims
FNDA:44,Authorizer::lookup_public_key
FNDA:12,extract_bearer_token
FNDA:14,http_layer
FNDA:20,permissions_for_roles
FNDA:0,has_cross_team_role
FNDA:12,decode_ed25519_key
DA:44,20
DA:46,20
DA:47,20
DA:48,40
DA:49,20
DA:50,20
DA:55,16
DA:56,48
DA:64,20
DA:65,20
DA:68,12
DA:69,12
DA:72,24
DA:73,24
DA:76,36
DA:77,36
DA:80,16
DA:81,16
DA:86,20
DA:87,20
DA:116,0
DA:117,0
DA:163,18
DA:164,18
DA:165,18
DA:166,18
DA:167,18
DA:169,18
DA:170,0
DA:171,0
DA:177,0
DA:180,6
DA:181,18
DA:182,6
DA:183,6
DA:186,0
DA:187,0
DA:191,0
DA:192,0
DA:197,12
DA:199,6
DA:200,6
DA:201,0
DA:202,0
DA:203,0
DA:204,0
DA:206,0
DA:207,0
DA:219,6
DA:220,0
DA:221,0
DA:222,0
DA:223,0
DA:224,0
DA:226,0
DA:229,0
DA:230,0
DA:231,0
DA:237,6
DA:240,44
DA:241,66
DA:242,44
DA:243,0
DA:246,110
DA:247,22
DA:248,0
DA:251,44
DA:252,66
DA:253,22
DA:254,88
DA:255,22
DA:256,22
DA:257,0
DA:260,88
DA:261,44
DA:263,22
DA:264,22
DA:266,44
DA:267,66
DA:268,22
DA:270,66
DA:271,66
DA:272,22
DA:274,44
DA:275,66
DA:276,22
DA:277,88
DA:278,22
DA:280,68
DA:282,40
DA:283,0
DA:286,60
DA:287,20
DA:288,0
DA:291,40
DA:294,6
DA:299,12
DA:300,18
DA:303,0
DA:304,0
DA:307,0
DA:310,16
DA:317,32
DA:318,2
DA:321,14
DA:322,0
DA:325,28
DA:326,0
DA:327,0
DA:328,0
DA:329,0
DA:332,0
DA:333,0
DA:335,0
DA:336,0
DA:340,14
DA:344,0
DA:345,0
DA:346,0
DA:349,0
DA:351,0
DA:352,0
DA:356,22
DA:357,44
DA:358,22
DA:359,22
DA:360,22
DA:361,22
DA:362,2
DA:365,40
DA:366,80
DA:367,0
DA:370,40
DA:371,80
DA:372,0
DA:375,20
DA:378,44
DA:379,22
DA:380,44
DA:381,0
DA:382,0
DA:383,0
DA:385,0
DA:387,0
DA:388,0
DA:391,0
DA:392,0
DA:394,0
DA:395,0
DA:397,0
DA:399,0
DA:400,0
DA:401,0
DA:404,0
DA:405,0
DA:406,0
DA:407,0
DA:408,0
DA:410,0
DA:411,0
DA:412,0
DA:415,0
DA:416,0
DA:418,0
DA:422,0
DA:423,0
DA:425,0
DA:431,12
DA:432,36
DA:433,24
DA:434,12
DA:435,0
DA:436,0
DA:438,0
DA:442,14
DA:447,28
DA:449,28
DA:450,50
DA:451,14
DA:452,14
DA:454,26
DA:455,24
DA:456,4
DA:459,36
DA:460,10
DA:461,30
DA:462,30
DA:464,6
DA:468,20
DA:469,40
DA:470,60
DA:471,40
DA:472,40
DA:473,20
DA:474,12
DA:475,12
DA:476,12
DA:477,4
DA:478,20
DA:480,0
DA:481,0
DA:482,0
DA:483,0
DA:485,40
DA:487,20
DA:490,0
DA:491,0
DA:493,0
DA:496,12
DA:497,48
LF:210
LH:123
end_of_record
TN:
SF:/Users/maarten/Documents/GitHub/agentic/greentic-secrets/greentic-secrets-broker/src/bin/secrets.rs
FN:91,main
FN:98,real_main
FN:109,handle_print
FN:119,handle_schema
FN:131,handle_check
FN:172,resolve_components
FN:181,build_registry
FN:189,register_specs
FNF:8
FNDA:6,main
FNDA:6,real_main
FNDA:1,handle_print
FNDA:1,handle_schema
FNDA:2,handle_check
FNDA:3,resolve_components
FNDA:3,build_registry
FNDA:5,register_specs
DA:91,6
DA:92,6
DA:93,0
DA:94,0
DA:98,6
DA:99,6
DA:100,3
DA:101,6
DA:102,3
DA:103,3
DA:104,3
DA:109,1
DA:110,3
DA:111,3
DA:112,1
DA:113,4
DA:114,0
DA:116,1
DA:119,1
DA:120,3
DA:121,3
DA:122,4
DA:123,1
DA:124,0
DA:126,1
DA:128,1
DA:131,2
DA:133,1
DA:134,1
DA:135,1
DA:136,1
DA:137,1
DA:138,3
DA:139,3
DA:140,6
DA:142,2
DA:144,2
DA:146,5
DA:147,5
DA:148,1
DA:149,0
DA:152,3
DA:154,1
DA:157,3
DA:158,3
DA:159,3
DA:160,1
DA:163,2
DA:164,0
DA:165,0
DA:168,4
DA:169,1
DA:172,3
DA:173,6
DA:174,4
DA:176,1
DA:177,2
DA:178,1
DA:181,3
DA:182,6
DA:183,18
DA:184,10
DA:186,3
DA:189,5
DA:190,5
DA:191,9
DA:192,6
LF:67
LH:60
end_of_record
TN:
SF:/Users/maarten/Documents/GitHub/agentic/greentic-secrets/greentic-secrets-broker/src/config.rs
FN:10,load_backend_components
FN:73,dev_backend
FN:85,aws_backend
FN:96,gcp_backend
FN:107,azure_backend
FN:118,k8s_backend
FN:129,vault_backend
FNF:7
FNDA:18,load_backend_components
FNDA:18,dev_backend
FNDA:0,aws_backend
FNDA:0,gcp_backend
FNDA:0,azure_backend
FNDA:0,k8s_backend
FNDA:0,vault_backend
DA:10,18
DA:11,30
DA:12,6
DA:13,12
DA:14,0
DA:17,0
DA:25,0
DA:28,0
DA:36,0
DA:39,0
DA:47,0
DA:50,0
DA:58,0
DA:61,0
DA:69,0
DA:73,18
DA:74,12
DA:76,12
DA:78,6
DA:79,12
DA:80,6
DA:85,0
DA:86,0
DA:87,0
DA:89,0
DA:90,0
DA:91,0
DA:96,0
DA:97,0
DA:98,0
DA:100,0
DA:101,0
DA:102,0
DA:107,0
DA:108,0
DA:109,0
DA:111,0
DA:112,0
DA:113,0
DA:118,0
DA:119,0
DA:120,0
DA:122,0
DA:123,0
DA:124,0
DA:129,0
DA:130,0
DA:131,0
DA:133,0
DA:134,0
DA:135,0
LF:51
LH:10
end_of_record
TN:
SF:/Users/maarten/Documents/GitHub/agentic/greentic-secrets/greentic-secrets-broker/src/error.rs
FN:33,AppError::new
FN:40,AppError::with_correlation
FN:45,AppError::status
FN:56,AppError::unauthorized
FN:60,AppError::forbidden
FN:73,<impl IntoResponse for AppError>::into_response
FN:122,<impl From for AppError>::from
FN:135,attach_correlation
FNF:8
FNDA:8,AppError::new
FNDA:4,AppError::with_correlation
FNDA:8,AppError::status
FNDA:4,AppError::unauthorized
FNDA:2,AppError::forbidden
FNDA:8,<impl IntoResponse for AppError>::into_response
FNDA:0,<impl From for AppError>::from
FNDA:4,attach_correlation
DA:33,8
DA:40,4
DA:41,8
DA:42,4
DA:45,8
DA:46,8
DA:47,0
DA:48,2
DA:49,4
DA:50,2
DA:51,0
DA:52,0
DA:56,4
DA:57,8
DA:60,2
DA:61,4
DA:73,8
DA:74,24
DA:75,24
DA:76,8
DA:77,8
DA:78,0
DA:79,2
DA:80,4
DA:81,2
DA:82,0
DA:83,0
DA:85,16
DA:86,16
DA:89,24
DA:90,16
DA:91,8
DA:93,8
DA:95,8
DA:100,0
DA:101,0
DA:111,0
DA:112,0
DA:113,0
DA:114,0
DA:115,0
DA:117,0
DA:122,0
DA:123,0
DA:125,0
DA:127,0
DA:128,0
DA:129,0
DA:131,0
DA:135,4
DA:136,16
LF:51
LH:30
end_of_record
TN:
SF:/Users/maarten/Documents/GitHub/agentic/greentic-secrets/greentic-secrets-broker/src/http.rs
FN:26,router
FN:39,api_routes
FN:76,health_check
FN:80,put_secret_no_team
FN:101,put_secret_with_team
FN:123,put_secret
FN:166,rotate_no_team
FN:187,rotate_with_team
FN:209,rotate_category
FN:246,get_secret_no_team
FN:255,get_secret_with_team
FN:275,get_secret
FN:324,list_secrets_no_team
FN:334,list_secrets_with_team
FN:344,list_secrets
FN:384,list_versions_no_team
FN:393,list_versions_with_team
FN:413,list_versions
FN:453,delete_secret_no_team
FN:462,delete_secret_with_team
FN:482,delete_secret
FNF:21
FNDA:10,router
FNDA:10,api_routes
FNDA:0,health_check
FNDA:6,put_secret_no_team
FNDA:0,put_secret_with_team
FNDA:6,put_secret
FNDA:0,rotate_no_team
FNDA:0,rotate_with_team
FNDA:0,rotate_category
FNDA:4,get_secret_no_team
FNDA:0,get_secret_with_team
FNDA:4,get_secret
FNDA:0,list_secrets_no_team
FNDA:0,list_secrets_with_team
FNDA:0,list_secrets
FNDA:0,list_versions_no_team
FNDA:0,list_versions_with_team
FNDA:0,list_versions
FNDA:0,delete_secret_no_team
FNDA:0,delete_secret_with_team
FNDA:0,delete_secret
DA:26,10
DA:27,40
DA:28,20
DA:32,10
DA:33,30
DA:34,20
DA:35,20
DA:36,20
DA:39,10
DA:40,10
DA:43,10
DA:44,10
DA:45,10
DA:49,10
DA:51,30
DA:54,10
DA:55,10
DA:56,10
DA:60,10
DA:64,10
DA:68,10
DA:72,10
DA:76,0
DA:77,0
DA:80,6
DA:88,12
DA:89,12
DA:90,12
DA:91,12
DA:92,12
DA:93,12
DA:94,12
DA:95,12
DA:96,6
DA:98,6
DA:101,0
DA:109,0
DA:110,0
DA:111,0
DA:112,0
DA:113,0
DA:114,0
DA:115,0
DA:116,0
DA:117,0
DA:119,0
DA:123,6
DA:134,18
DA:135,24
DA:136,6
DA:138,6
DA:139,6
DA:140,12
DA:141,6
DA:142,6
DA:144,12
DA:145,12
DA:146,32
DA:147,24
DA:148,24
DA:149,28
DA:151,24
DA:152,8
DA:154,8
DA:155,12
DA:156,12
DA:157,4
DA:158,20
DA:159,4
DA:161,12
DA:162,6
DA:163,12
DA:166,0
DA:173,0
DA:175,0
DA:176,0
DA:177,0
DA:178,0
DA:179,0
DA:180,0
DA:181,0
DA:182,0
DA:184,0
DA:187,0
DA:194,0
DA:196,0
DA:197,0
DA:198,0
DA:199,0
DA:200,0
DA:201,0
DA:202,0
DA:203,0
DA:205,0
DA:209,0
DA:219,0
DA:220,0
DA:221,0
DA:222,0
DA:224,0
DA:225,0
DA:226,0
DA:227,0
DA:228,0
DA:230,0
DA:231,0
DA:232,0
DA:233,0
DA:234,0
DA:235,0
DA:236,0
DA:237,0
DA:238,0
DA:239,0
DA:241,0
DA:242,0
DA:243,0
DA:246,4
DA:252,36
DA:255,0
DA:262,0
DA:263,0
DA:264,0
DA:265,0
DA:266,0
DA:267,0
DA:268,0
DA:269,0
DA:271,0
DA:275,4
DA:285,12
DA:286,16
DA:287,4
DA:289,4
DA:290,4
DA:291,8
DA:292,4
DA:293,4
DA:295,8
DA:296,8
DA:297,20
DA:298,16
DA:299,24
DA:300,24
DA:302,8
DA:303,8
DA:304,0
DA:305,0
DA:306,0
DA:307,12
DA:310,4
DA:311,2
DA:312,2
DA:313,8
DA:314,2
DA:316,2
DA:319,8
DA:320,4
DA:321,10
DA:324,0
DA:331,0
DA:334,0
DA:341,0
DA:344,0
DA:353,0
DA:354,0
DA:355,0
DA:357,0
DA:358,0
DA:359,0
DA:360,0
DA:361,0
DA:363,0
DA:364,0
DA:365,0
DA:366,0
DA:367,0
DA:369,0
DA:370,0
DA:371,0
DA:372,0
DA:374,0
DA:377,0
DA:379,0
DA:380,0
DA:381,0
DA:384,0
DA:390,0
DA:393,0
DA:400,0
DA:401,0
DA:402,0
DA:403,0
DA:404,0
DA:405,0
DA:406,0
DA:407,0
DA:409,0
DA:413,0
DA:423,0
DA:424,0
DA:425,0
DA:427,0
DA:428,0
DA:429,0
DA:430,0
DA:431,0
DA:433,0
DA:434,0
DA:435,0
DA:436,0
DA:437,0
DA:439,0
DA:440,0
DA:441,0
DA:442,0
DA:444,0
DA:446,0
DA:448,0
DA:449,0
DA:450,0
DA:453,0
DA:459,0
DA:462,0
DA:469,0
DA:470,0
DA:471,0
DA:472,0
DA:473,0
DA:474,0
DA:475,0
DA:476,0
DA:478,0
DA:482,0
DA:492,0
DA:493,0
DA:494,0
DA:496,0
DA:497,0
DA:498,0
DA:499,0
DA:500,0
DA:502,0
DA:503,0
DA:504,0
DA:505,0
DA:506,0
DA:508,0
DA:509,0
DA:510,0
DA:511,0
DA:512,0
DA:513,0
DA:514,0
DA:518,0
DA:519,0
DA:520,0
LF:257
LH:88
end_of_record
TN:
SF:/Users/maarten/Documents/GitHub/agentic/greentic-secrets/greentic-secrets-broker/src/lib.rs
FN:41,run
FN:87,build_state
FN:91,build_state_with_backend
FN:108,apply_network_env
FN:135,apply_telemetry_env
FN:170,shutdown_signal
FNF:6
FNDA:0,run
FNDA:18,build_state
FNDA:12,build_state_with_backend
FNDA:0,apply_network_env
FNDA:0,apply_telemetry_env
FNDA:0,shutdown_signal
DA:41,0
DA:42,0
DA:43,0
DA:45,0
DA:47,0
DA:48,0
DA:49,0
DA:54,0
DA:55,0
DA:57,0
DA:58,0
DA:59,0
DA:60,0
DA:61,0
DA:62,0
DA:65,0
DA:66,0
DA:67,0
DA:68,0
DA:69,0
DA:70,0
DA:72,0
DA:73,0
DA:76,0
DA:77,0
DA:78,0
DA:79,0
DA:81,0
DA:84,0
DA:87,18
DA:88,12
DA:91,12
DA:94,12
DA:95,18
DA:97,6
DA:98,6
DA:99,6
DA:101,24
DA:102,12
DA:103,24
DA:104,6
DA:108,0
DA:109,0
DA:111,0
DA:112,0
DA:115,0
DA:117,0
DA:120,0
DA:122,0
DA:125,0
DA:126,0
DA:130,0
DA:135,0
DA:136,0
DA:138,0
DA:139,0
DA:141,0
DA:144,0
DA:146,0
DA:149,0
DA:151,0
DA:152,0
DA:155,0
DA:156,0
DA:158,0
DA:159,0
DA:162,0
DA:163,0
DA:165,0
DA:170,0
DA:171,0
DA:172,0
DA:173,0
DA:178,0
DA:180,0
DA:181,0
DA:182,0
DA:184,0
DA:191,0
DA:192,0
DA:193,0
LF:81
LH:12
end_of_record
TN:
SF:/Users/maarten/Documents/GitHub/agentic/greentic-secrets/greentic-secrets-broker/src/main.rs
FN:28,main
FN:35,real_main
FN:59,broker_runtime_config
FNF:3
FNDA:4,main
FNDA:4,real_main
FNDA:0,broker_runtime_config
DA:28,4
DA:29,5
DA:30,2
DA:31,1
DA:35,4
DA:36,4
DA:38,6
DA:39,4
DA:42,8
DA:43,1
DA:44,0
DA:45,0
DA:46,0
DA:47,0
DA:50,0
DA:51,0
DA:55,4
DA:56,2
DA:59,0
DA:63,0
DA:64,0
DA:66,0
DA:67,0
DA:68,0
DA:69,0
DA:71,0
DA:73,0
DA:76,0
DA:77,0
DA:79,0
DA:81,0
DA:86,0
DA:87,0
DA:88,0
LF:34
LH:12
end_of_record
TN:
SF:/Users/maarten/Documents/GitHub/agentic/greentic-secrets/greentic-secrets-broker/src/models.rs
FN:37,PutSecretRequest::into_bytes
FN:65,SecretResponse::from_meta
FN:94,<impl From for ListItem>::from
FN:116,<impl From for VersionInfo>::from
FN:193,encode_value
FNF:5
FNDA:4,PutSecretRequest::into_bytes
FNDA:8,SecretResponse::from_meta
FNDA:2,<impl From for ListItem>::from
FNDA:0,<impl From for VersionInfo>::from
FNDA:8,encode_value
DA:37,4
DA:38,8
DA:39,8
DA:40,8
DA:41,8
DA:42,8
DA:43,8
DA:44,0
DA:45,0
DA:46,0
DA:48,16
DA:65,8
DA:66,32
DA:68,24
DA:70,16
DA:71,16
DA:74,8
DA:94,2
DA:96,6
DA:97,4
DA:98,2
DA:99,2
DA:116,0
DA:118,0
DA:119,0
DA:193,8
DA:194,8
DA:195,16
DA:196,16
DA:197,0
DA:200,0
LF:31
LH:23
end_of_record
TN:
SF:/Users/maarten/Documents/GitHub/agentic/greentic-secrets/greentic-secrets-broker/src/nats.rs
FN:23,run
FN:61,spawn_handler
FN:97,handle_put
FN:128,handle_get
FN:159,handle_list
FN:193,handle_delete
FN:227,handle_rotate
FN:263,extract_correlation
FN:272,extract_category
FN:282,send_bad_subject
FN:304,respond
FN:322,respond_error
FN:354,<impl TryFrom for SubjectParts>::try_from
FN:373,parse_subject
FN:377,parse_put_command
FN:386,parse_get_command
FN:395,parse_list_command
FN:404,parse_delete_command
FN:413,parse_rotate_command
FN:422,scope_from_subject
FN:426,process_put
FN:444,process_get
FN:470,process_list
FN:488,process_delete
FN:504,process_rotate
FN:517,marshal_response
FN:532,token_from_headers
FN:544,execute_put
FN:562,execute_get
FN:580,execute_list
FN:598,execute_delete
FN:616,serialize_payload_with_correlation
FNF:32
FNDA:0,run
FNDA:0,spawn_handler
FNDA:0,handle_put
FNDA:0,handle_get
FNDA:0,handle_list
FNDA:0,handle_delete
FNDA:0,handle_rotate
FNDA:0,extract_correlation
FNDA:0,extract_category
FNDA:0,send_bad_subject
FNDA:0,respond
FNDA:0,respond_error
FNDA:6,<impl TryFrom for SubjectParts>::try_from
FNDA:6,parse_subject
FNDA:0,parse_put_command
FNDA:2,parse_get_command
FNDA:2,parse_list_command
FNDA:2,parse_delete_command
FNDA:0,parse_rotate_command
FNDA:6,scope_from_subject
FNDA:0,process_put
FNDA:2,process_get
FNDA:2,process_list
FNDA:2,process_delete
FNDA:0,process_rotate
FNDA:2,marshal_response
FNDA:0,token_from_headers
FNDA:0,execute_put
FNDA:2,execute_get
FNDA:2,execute_list
FNDA:2,execute_delete
FNDA:1,serialize_payload_with_correlation
DA:23,0
DA:24,0
DA:26,0
DA:27,0
DA:28,0
DA:29,0
DA:30,0
DA:32,0
DA:33,0
DA:34,0
DA:35,0
DA:36,0
DA:38,0
DA:39,0
DA:40,0
DA:42,0
DA:43,0
DA:45,0
DA:46,0
DA:47,0
DA:49,0
DA:52,0
DA:53,0
DA:61,0
DA:68,0
DA:69,0
DA:70,0
DA:71,0
DA:72,0
DA:73,0
DA:74,0
DA:75,0
DA:76,0
DA:77,0
DA:81,0
DA:82,0
DA:83,0
DA:84,0
DA:85,0
DA:86,0
DA:87,0
DA:89,0
DA:90,0
DA:93,0
DA:97,0
DA:104,0
DA:105,0
DA:106,0
DA:107,0
DA:108,0
DA:109,0
DA:110,0
DA:111,0
DA:112,0
DA:113,0
DA:114,0
DA:115,0
DA:116,0
DA:117,0
DA:118,0
DA:120,0
DA:121,0
DA:122,0
DA:123,0
DA:124,0
DA:128,0
DA:135,0
DA:136,0
DA:137,0
DA:138,0
DA:139,0
DA:140,0
DA:141,0
DA:142,0
DA:143,0
DA:144,0
DA:145,0
DA:146,0
DA:147,0
DA:148,0
DA:149,0
DA:151,0
DA:152,0
DA:153,0
DA:154,0
DA:155,0
DA:159,0
DA:166,0
DA:167,0
DA:168,0
DA:169,0
DA:170,0
DA:171,0
DA:172,0
DA:173,0
DA:174,0
DA:175,0
DA:176,0
DA:177,0
DA:178,0
DA:179,0
DA:180,0
DA:182,0
DA:183,0
DA:184,0
DA:185,0
DA:186,0
DA:188,0
DA:189,0
DA:193,0
DA:200,0
DA:201,0
DA:202,0
DA:203,0
DA:204,0
DA:205,0
DA:206,0
DA:207,0
DA:208,0
DA:209,0
DA:210,0
DA:211,0
DA:212,0
DA:213,0
DA:214,0
DA:216,0
DA:217,0
DA:218,0
DA:219,0
DA:220,0
DA:222,0
DA:223,0
DA:227,0
DA:234,0
DA:235,0
DA:236,0
DA:237,0
DA:238,0
DA:239,0
DA:240,0
DA:241,0
DA:242,0
DA:243,0
DA:244,0
DA:245,0
DA:246,0
DA:247,0
DA:248,0
DA:250,0
DA:251,0
DA:252,0
DA:253,0
DA:254,0
DA:256,0
DA:257,0
DA:258,0
DA:259,0
DA:263,0
DA:264,0
DA:265,0
DA:267,0
DA:269,0
DA:272,0
DA:273,0
DA:274,0
DA:275,0
DA:276,0
DA:279,0
DA:282,0
DA:288,0
DA:289,0
DA:290,0
DA:291,0
DA:292,0
DA:294,0
DA:295,0
DA:296,0
DA:297,0
DA:298,0
DA:299,0
DA:301,0
DA:304,0
DA:310,0
DA:311,0
DA:312,0
DA:313,0
DA:314,0
DA:315,0
DA:316,0
DA:317,0
DA:319,0
DA:322,0
DA:328,0
DA:330,0
DA:331,0
DA:332,0
DA:334,0
DA:335,0
DA:336,0
DA:337,0
DA:338,0
DA:339,0
DA:341,0
DA:354,6
DA:355,30
DA:356,6
DA:357,0
DA:359,12
DA:360,0
DA:363,12
DA:364,12
DA:365,6
DA:366,12
DA:367,0
DA:373,6
DA:374,18
DA:377,0
DA:378,0
DA:379,0
DA:380,0
DA:381,0
DA:386,2
DA:387,6
DA:388,0
DA:389,0
DA:390,0
DA:395,2
DA:396,6
DA:397,0
DA:398,0
DA:399,0
DA:404,2
DA:405,6
DA:406,0
DA:407,0
DA:408,0
DA:413,0
DA:414,0
DA:415,0
DA:416,0
DA:417,0
DA:422,6
DA:423,30
DA:426,0
DA:431,0
DA:432,0
DA:433,0
DA:434,0
DA:435,0
DA:437,0
DA:438,0
DA:439,0
DA:440,0
DA:441,0
DA:444,2
DA:449,6
DA:450,12
DA:452,4
DA:453,4
DA:454,0
DA:455,0
DA:456,0
DA:457,6
DA:460,2
DA:461,6
DA:462,4
DA:463,2
DA:464,2
DA:466,0
DA:470,2
DA:475,6
DA:476,8
[...]
DA:93,0
DA:95,0
DA:96,0
DA:100,30
DA:102,60
DA:103,60
DA:104,30
DA:115,34
DA:116,68
DA:121,68
DA:122,34
DA:124,68
DA:125,34
DA:127,68
DA:128,102
DA:129,68
DA:130,0
DA:131,0
DA:132,0
DA:135,0
DA:136,0
DA:138,0
DA:139,0
DA:140,0
DA:141,0
DA:142,0
DA:143,0
DA:146,34
DA:149,34
DA:150,136
DA:153,24
DA:154,48
DA:159,48
DA:160,24
DA:162,48
DA:163,24
DA:165,72
DA:166,96
DA:167,96
DA:169,72
DA:170,24
DA:171,72
DA:172,24
DA:173,24
DA:175,24
DA:177,24
DA:178,24
DA:188,24
DA:189,48
DA:190,24
DA:192,24
DA:193,48
DA:194,48
DA:200,0
DA:201,0
DA:202,0
DA:203,0
DA:223,0
DA:224,0
DA:230,4
DA:232,12
DA:238,34
DA:239,102
DA:240,136
DA:241,34
DA:242,102
DA:243,34
DA:249,27
DA:250,54
DA:251,81
DA:254,0
DA:255,0
DA:256,0
DA:258,0
DA:262,24
DA:263,48
DA:264,72
DA:266,24
DA:271,29
DA:272,87
DA:273,58
DA:274,145
DA:275,122
DA:277,145
DA:278,87
DA:279,20
DA:281,9
DA:283,58
DA:285,49
DA:286,60
DA:289,29
DA:290,29
DA:291,29
DA:295,35
DA:296,105
DA:297,70
DA:298,105
DA:299,70
DA:300,0
DA:303,36
DA:304,5
DA:305,5
DA:308,83
DA:309,5
DA:312,145
DA:313,116
DA:316,14
DA:322,28
DA:323,28
DA:325,46
DA:326,36
DA:327,0
DA:330,72
DA:331,36
DA:332,0
DA:335,36
DA:336,36
DA:337,0
DA:340,54
DA:341,72
DA:342,0
DA:344,36
DA:345,0
DA:348,36
DA:349,36
DA:351,2
DA:354,18
DA:355,4
DA:357,1
DA:360,45
DA:361,15
DA:362,15
DA:366,31
DA:367,14
DA:370,5
DA:371,15
DA:372,10
DA:373,15
DA:374,10
DA:376,0
DA:377,0
DA:382,20
DA:383,5
DA:384,0
DA:385,0
DA:389,25
DA:390,20
DA:391,15
DA:392,4
DA:394,1
DA:396,10
DA:398,9
DA:399,12
DA:402,5
DA:403,5
DA:404,5
DA:408,0
DA:409,0
DA:410,0
DA:411,0
DA:412,0
DA:413,0
DA:416,0
DA:419,3
DA:420,9
DA:421,6
DA:422,9
DA:423,6
DA:424,0
DA:427,11
LF:189
LH:147
end_of_record
TN:
SF:/Users/maarten/Documents/GitHub/agentic/greentic-secrets/providers/greentic-gcp-sm/src/lib.rs
FN:31,read_response_body
FN:46,build_backend
FN:71,GcpProviderConfig::from_env
FN:121,GcpProviderConfig::bearer
FN:125,GcpProviderConfig::auth_header
FN:139,GcpSecretsBackend::new
FN:143,GcpSecretsBackend::secret_id
FN:175,GcpSecretsBackend::secret_resource
FN:182,GcpSecretsBackend::request
FN:199,GcpSecretsBackend::ensure_secret_exists
FN:221,GcpSecretsBackend::write_version
FN:247,GcpSecretsBackend::fetch_version_by_name
FN:286,GcpSecretsBackend::load_all_versions
FN:341,GcpSecretsBackend::fetch_latest
FN:382,<impl SecretsBackend for GcpSecretsBackend>::put
FN:403,<impl SecretsBackend for GcpSecretsBackend>::get
FN:419,<impl SecretsBackend for GcpSecretsBackend>::list
FN:483,<impl SecretsBackend for GcpSecretsBackend>::delete
FN:507,<impl SecretsBackend for GcpSecretsBackend>::versions
FN:519,<impl SecretsBackend for GcpSecretsBackend>::exists
FN:531,GcpKmsKeyProvider::new
FN:535,GcpKmsKeyProvider::kms_request
FN:564,<impl KeyProvider for GcpKmsKeyProvider>::wrap_dek
FN:583,<impl KeyProvider for GcpKmsKeyProvider>::unwrap_dek
FN:612,StoredSecret::live
FN:620,StoredSecret::tombstone
FN:628,StoredSecret::into_versioned
FN:637,encode_secret
FN:642,parse_version_from_name
FNF:29
FNDA:0,read_response_body
FNDA:0,build_backend
FNDA:0,GcpProviderConfig::from_env
FNDA:0,GcpProviderConfig::bearer
FNDA:0,GcpProviderConfig::auth_header
FNDA:0,GcpSecretsBackend::new
FNDA:0,GcpSecretsBackend::secret_id
FNDA:0,GcpSecretsBackend::secret_resource
FNDA:0,GcpSecretsBackend::request
FNDA:0,GcpSecretsBackend::ensure_secret_exists
FNDA:0,GcpSecretsBackend::write_version
FNDA:0,GcpSecretsBackend::fetch_version_by_name
FNDA:0,GcpSecretsBackend::load_all_versions
FNDA:0,GcpSecretsBackend::fetch_latest
FNDA:0,<impl SecretsBackend for GcpSecretsBackend>::put
FNDA:0,<impl SecretsBackend for GcpSecretsBackend>::get
FNDA:0,<impl SecretsBackend for GcpSecretsBackend>::list
FNDA:0,<impl SecretsBackend for GcpSecretsBackend>::delete
FNDA:0,<impl SecretsBackend for GcpSecretsBackend>::versions
FNDA:0,<impl SecretsBackend for GcpSecretsBackend>::exists
FNDA:0,GcpKmsKeyProvider::new
FNDA:0,GcpKmsKeyProvider::kms_request
FNDA:0,<impl KeyProvider for GcpKmsKeyProvider>::wrap_dek
FNDA:0,<impl KeyProvider for GcpKmsKeyProvider>::unwrap_dek
FNDA:0,StoredSecret::live
FNDA:0,StoredSecret::tombstone
FNDA:0,StoredSecret::into_versioned
FNDA:0,encode_secret
FNDA:0,parse_version_from_name
DA:31,0
DA:32,0
DA:33,0
DA:35,0
DA:36,0
DA:46,0
DA:47,0
DA:48,0
DA:50,0
DA:51,0
DA:53,0
DA:54,0
DA:55,0
DA:71,0
DA:72,0
DA:73,0
DA:76,0
DA:79,0
DA:80,0
DA:83,0
DA:85,0
DA:86,0
DA:88,0
DA:90,0
DA:91,0
DA:93,0
DA:95,0
DA:96,0
DA:98,0
DA:100,0
DA:101,0
DA:102,0
DA:103,0
DA:105,0
DA:108,0
DA:110,0
DA:111,0
DA:112,0
DA:113,0
DA:114,0
DA:115,0
DA:116,0
DA:117,0
DA:121,0
DA:122,0
DA:125,0
DA:126,0
DA:127,0
DA:139,0
DA:143,0
DA:144,0
DA:145,0
DA:147,0
DA:148,0
DA:149,0
DA:150,0
DA:156,0
DA:158,0
DA:159,0
DA:160,0
DA:161,0
DA:162,0
DA:163,0
DA:164,0
DA:165,0
DA:166,0
DA:169,0
DA:170,0
DA:172,0
DA:175,0
DA:176,0
DA:178,0
DA:182,0
DA:188,0
DA:189,0
DA:190,0
DA:191,0
DA:192,0
DA:194,0
DA:196,0
DA:199,0
DA:200,0
DA:202,0
DA:203,0
DA:206,0
DA:207,0
DA:210,0
DA:211,0
DA:212,0
DA:213,0
DA:214,0
DA:215,0
DA:216,0
DA:221,0
DA:222,0
DA:223,0
DA:224,0
DA:225,0
DA:226,0
DA:227,0
DA:231,0
DA:232,0
DA:233,0
DA:234,0
DA:235,0
DA:239,0
DA:240,0
DA:241,0
DA:244,0
DA:247,0
DA:248,0
DA:249,0
DA:250,0
DA:251,0
DA:252,0
DA:253,0
DA:254,0
DA:256,0
DA:257,0
DA:258,0
DA:259,0
DA:260,0
DA:263,0
DA:264,0
DA:265,0
DA:266,0
DA:267,0
DA:268,0
DA:269,0
DA:270,0
DA:271,0
DA:273,0
DA:275,0
DA:276,0
DA:278,0
DA:279,0
DA:280,0
DA:286,0
DA:287,0
DA:288,0
DA:289,0
DA:292,0
DA:293,0
DA:294,0
DA:295,0
DA:298,0
DA:299,0
DA:300,0
DA:301,0
DA:302,0
DA:303,0
DA:305,0
DA:306,0
DA:307,0
DA:308,0
DA:312,0
DA:313,0
DA:314,0
DA:315,0
DA:320,0
DA:321,0
DA:322,0
DA:324,0
DA:326,0
DA:327,0
DA:328,0
DA:330,0
DA:331,0
DA:337,0
DA:338,0
DA:341,0
DA:342,0
DA:343,0
DA:344,0
DA:345,0
DA:346,0
DA:347,0
DA:348,0
DA:350,0
DA:351,0
DA:352,0
DA:353,0
DA:354,0
DA:357,0
DA:358,0
DA:359,0
DA:360,0
DA:361,0
DA:362,0
DA:363,0
DA:364,0
DA:365,0
DA:367,0
DA:369,0
DA:370,0
DA:372,0
DA:373,0
DA:374,0
DA:382,0
DA:383,0
DA:384,0
DA:386,0
DA:387,0
DA:388,0
DA:389,0
DA:390,0
DA:391,0
DA:394,0
DA:395,0
DA:397,0
DA:398,0
DA:399,0
DA:403,0
DA:404,0
DA:405,0
DA:406,0
DA:407,0
DA:408,0
DA:409,0
DA:410,0
DA:413,0
DA:414,0
DA:415,0
DA:419,0
DA:425,0
DA:427,0
DA:428,0
DA:429,0
DA:431,0
DA:433,0
DA:434,0
DA:437,0
DA:438,0
DA:439,0
DA:440,0
DA:441,0
DA:442,0
DA:444,0
DA:446,0
DA:447,0
DA:448,0
DA:449,0
DA:452,0
DA:453,0
DA:454,0
DA:458,0
DA:459,0
DA:460,0
DA:461,0
DA:462,0
DA:463,0
DA:465,0
DA:466,0
DA:467,0
DA:468,0
DA:470,0
DA:471,0
DA:472,0
DA:473,0
DA:480,0
DA:483,0
DA:484,0
DA:485,0
DA:486,0
DA:487,0
DA:488,0
DA:492,0
DA:493,0
DA:494,0
DA:495,0
DA:496,0
DA:498,0
DA:499,0
DA:501,0
DA:502,0
DA:503,0
DA:507,0
DA:508,0
DA:509,0
DA:510,0
DA:511,0
DA:512,0
DA:513,0
DA:514,0
DA:516,0
DA:519,0
DA:520,0
DA:531,0
DA:535,0
DA:536,0
DA:538,0
DA:541,0
DA:542,0
DA:543,0
DA:544,0
DA:545,0
DA:546,0
DA:548,0
DA:550,0
DA:551,0
DA:552,0
DA:553,0
DA:557,0
DA:558,0
DA:564,0
DA:565,0
DA:566,0
DA:568,0
DA:569,0
DA:570,0
DA:572,0
DA:574,0
DA:575,0
DA:576,0
DA:578,0
DA:579,0
DA:580,0
DA:583,0
DA:584,0
DA:585,0
DA:587,0
DA:588,0
DA:589,0
DA:591,0
DA:593,0
DA:594,0
DA:595,0
DA:597,0
DA:598,0
DA:599,0
DA:612,0
DA:616,0
DA:620,0
DA:628,0
DA:629,0
DA:630,0
DA:631,0
DA:632,0
DA:637,0
DA:638,0
DA:639,0
DA:642,0
DA:643,0
DA:645,0
DA:647,0
LF:345
LH:0
end_of_record
TN:
SF:/Users/maarten/Documents/GitHub/agentic/greentic-secrets/providers/greentic-k8s/src/lib.rs
FN:46,build_backend
FN:65,K8sSecretsBackend::new
FN:69,K8sSecretsBackend::request
FN:92,K8sSecretsBackend::ensure_namespace
FN:120,K8sSecretsBackend::put_secret
FN:132,K8sSecretsBackend::list_versions
FN:179,read_k8s_response
FN:188,<impl SecretsBackend for K8sSecretsBackend>::put
FN:231,<impl SecretsBackend for K8sSecretsBackend>::get
FN:255,<impl SecretsBackend for K8sSecretsBackend>::list
FN:322,<impl SecretsBackend for K8sSecretsBackend>::delete
FN:348,<impl SecretsBackend for K8sSecretsBackend>::versions
FN:361,<impl SecretsBackend for K8sSecretsBackend>::exists
FN:372,K8sKeyProvider::new
FN:376,K8sKeyProvider::derive_key
FN:384,<impl KeyProvider for K8sKeyProvider>::wrap_dek
FN:394,<impl KeyProvider for K8sKeyProvider>::unwrap_dek
FN:405,xor_bytes
FN:426,K8sProviderConfig::from_env
FN:475,K8sProviderConfig::build_http_client
FN:498,AliasMap::from_env
FN:528,AliasMap::resolve
FN:571,SecretSnapshot::into_versioned
FN:601,StoredRecord::from_record
FN:609,StoredRecord::into_record
FN:627,StoredEnvelope::from_envelope
FN:636,StoredEnvelope::into_envelope
FN:649,parse_secret
FN:676,secret_manifest
FN:731,namespace_for_scope
FN:741,secret_resource_name
FN:752,sanitize_label
FN:779,join_labels
FN:805,canonical_storage_key
FN:816,decode_bytes
FN:822,percent_encode
FNF:36
FNDA:2,build_backend
FNDA:1,K8sSecretsBackend::new
FNDA:1,K8sSecretsBackend::request
FNDA:0,K8sSecretsBackend::ensure_namespace
FNDA:0,K8sSecretsBackend::put_secret
FNDA:0,K8sSecretsBackend::list_versions
FNDA:0,read_k8s_response
FNDA:0,<impl SecretsBackend for K8sSecretsBackend>::put
FNDA:0,<impl SecretsBackend for K8sSecretsBackend>::get
FNDA:1,<impl SecretsBackend for K8sSecretsBackend>::list
FNDA:0,<impl SecretsBackend for K8sSecretsBackend>::delete
FNDA:0,<impl SecretsBackend for K8sSecretsBackend>::versions
FNDA:0,<impl SecretsBackend for K8sSecretsBackend>::exists
FNDA:1,K8sKeyProvider::new
FNDA:0,K8sKeyProvider::derive_key
FNDA:0,<impl KeyProvider for K8sKeyProvider>::wrap_dek
FNDA:0,<impl KeyProvider for K8sKeyProvider>::unwrap_dek
FNDA:0,xor_bytes
FNDA:1,K8sProviderConfig::from_env
FNDA:1,K8sProviderConfig::build_http_client
FNDA:1,AliasMap::from_env
FNDA:0,AliasMap::resolve
FNDA:0,SecretSnapshot::into_versioned
FNDA:0,StoredRecord::from_record
FNDA:0,StoredRecord::into_record
FNDA:0,StoredEnvelope::from_envelope
FNDA:0,StoredEnvelope::into_envelope
FNDA:0,parse_secret
FNDA:0,secret_manifest
FNDA:1,namespace_for_scope
FNDA:0,secret_resource_name
FNDA:3,sanitize_label
FNDA:1,join_labels
FNDA:0,canonical_storage_key
FNDA:0,decode_bytes
FNDA:0,percent_encode
DA:46,2
DA:47,3
DA:48,2
DA:50,6
DA:51,3
DA:52,1
DA:53,2
DA:54,1
DA:65,1
DA:69,1
DA:75,2
DA:77,1
DA:78,2
DA:81,5
DA:82,4
DA:83,1
DA:84,0
DA:87,1
DA:89,3
DA:92,0
DA:93,0
DA:94,0
DA:95,0
DA:96,0
DA:99,0
DA:100,0
DA:101,0
DA:105,0
DA:106,0
DA:107,0
DA:108,0
DA:110,0
DA:111,0
DA:112,0
DA:113,0
DA:114,0
DA:117,0
DA:120,0
DA:121,0
DA:122,0
DA:123,0
DA:124,0
DA:125,0
DA:126,0
DA:129,0
DA:132,0
DA:133,0
DA:134,0
DA:135,0
DA:136,0
DA:139,0
DA:142,0
DA:143,0
DA:144,0
DA:147,0
DA:148,0
DA:149,0
DA:151,0
DA:152,0
DA:153,0
DA:157,0
DA:158,0
DA:161,0
DA:162,0
DA:163,0
DA:167,0
DA:168,0
DA:169,0
DA:171,0
DA:174,0
DA:175,0
DA:179,0
DA:180,0
DA:181,0
DA:182,0
DA:184,0
DA:188,0
DA:189,0
DA:190,0
DA:191,0
DA:192,0
DA:196,0
DA:197,0
DA:198,0
DA:202,0
DA:203,0
DA:205,0
DA:206,0
DA:207,0
DA:209,0
DA:213,0
DA:215,0
DA:216,0
DA:217,0
DA:218,0
DA:219,0
DA:220,0
DA:223,0
DA:225,0
DA:226,0
DA:227,0
DA:231,0
DA:232,0
DA:233,0
DA:234,0
DA:236,0
DA:237,0
DA:238,0
DA:239,0
DA:242,0
DA:245,0
DA:246,0
DA:247,0
DA:249,0
DA:252,0
DA:255,1
DA:261,4
DA:262,2
DA:263,1
DA:264,1
DA:265,1
DA:267,0
DA:268,0
DA:269,0
DA:273,0
DA:274,0
DA:277,0
DA:278,0
DA:279,0
DA:280,0
DA:282,0
DA:283,0
DA:286,0
DA:287,0
DA:288,0
DA:289,0
DA:291,0
DA:292,0
DA:294,0
DA:296,0
DA:297,0
DA:299,0
DA:301,0
DA:302,0
DA:304,0
DA:307,0
DA:308,0
DA:309,0
DA:311,0
DA:312,0
DA:313,0
DA:319,0
DA:322,0
DA:323,0
DA:324,0
DA:325,0
DA:326,0
DA:327,0
DA:328,0
DA:332,0
DA:334,0
DA:338,0
DA:339,0
DA:340,0
DA:342,0
DA:343,0
DA:344,0
DA:348,0
DA:349,0
DA:350,0
DA:351,0
DA:352,0
DA:353,0
DA:354,0
DA:355,0
DA:356,0
DA:358,0
DA:361,0
DA:362,0
DA:372,1
DA:376,0
DA:377,0
DA:378,0
DA:379,0
DA:384,0
DA:385,0
DA:386,0
DA:387,0
DA:388,0
DA:389,0
DA:390,0
DA:391,0
DA:394,0
DA:395,0
DA:396,0
DA:397,0
DA:398,0
DA:399,0
DA:400,0
DA:401,0
DA:405,0
DA:406,0
DA:408,0
DA:426,1
DA:427,2
DA:430,2
DA:431,2
DA:433,0
DA:435,0
DA:439,2
DA:441,1
DA:444,2
DA:445,1
DA:448,2
DA:450,3
DA:451,2
DA:452,1
DA:453,1
DA:455,2
DA:456,1
DA:457,2
DA:459,1
DA:460,1
DA:463,1
DA:464,2
DA:465,1
DA:466,1
DA:467,1
DA:468,1
DA:469,1
DA:470,2
DA:475,1
DA:476,4
DA:477,1
DA:478,0
DA:479,0
DA:481,0
DA:483,1
DA:484,0
DA:486,3
DA:498,1
DA:499,4
DA:500,2
DA:501,2
DA:502,161
DA:503,161
DA:504,80
DA:506,0
DA:507,0
DA:508,0
DA:510,0
DA:511,0
DA:512,0
DA:513,0
DA:515,0
DA:516,0
DA:518,0
DA:521,1
DA:522,2
DA:523,1
DA:524,1
DA:528,0
DA:529,0
DA:530,0
DA:531,0
DA:532,0
DA:533,0
DA:571,0
DA:572,0
DA:573,0
DA:574,0
DA:575,0
DA:576,0
DA:580,0
DA:581,0
DA:582,0
DA:585,0
DA:586,0
DA:587,0
DA:588,0
DA:601,0
DA:602,0
DA:603,0
DA:604,0
DA:605,0
DA:609,0
DA:610,0
DA:611,0
DA:612,0
DA:613,0
DA:627,0
DA:629,0
DA:630,0
DA:631,0
DA:632,0
DA:636,0
DA:638,0
DA:639,0
DA:640,0
DA:641,0
DA:642,0
DA:643,0
DA:644,0
DA:649,0
DA:650,0
DA:651,0
DA:652,0
DA:653,0
DA:654,0
DA:655,0
DA:657,0
DA:659,0
DA:660,0
DA:661,0
DA:662,0
DA:664,0
DA:666,0
DA:669,0
DA:670,0
DA:671,0
DA:672,0
DA:676,0
DA:685,0
DA:686,0
DA:687,0
DA:688,0
DA:689,0
DA:690,0
DA:692,0
DA:693,0
DA:694,0
DA:696,0
DA:697,0
DA:699,0
DA:700,0
DA:701,0
DA:703,0
DA:704,0
DA:705,0
DA:708,0
DA:709,0
DA:710,0
DA:711,0
DA:713,0
DA:714,0
DA:715,0
DA:716,0
DA:717,0
DA:719,0
DA:720,0
DA:721,0
DA:722,0
DA:723,0
DA:724,0
DA:725,0
DA:728,0
DA:731,1
DA:732,2
DA:733,2
DA:734,3
DA:736,4
DA:737,4
DA:738,2
DA:741,0
DA:742,0
DA:743,0
DA:744,0
DA:746,0
DA:747,0
DA:748,0
DA:749,0
DA:752,3
DA:753,6
DA:754,19
DA:755,13
DA:756,52
DA:757,0
DA:759,0
DA:760,0
DA:763,0
DA:766,3
DA:767,0
DA:769,3
DA:770,0
DA:772,6
DA:773,0
DA:775,3
DA:779,1
DA:780,2
DA:781,7
DA:782,6
DA:783,0
DA:785,5
DA:786,2
DA:788,9
DA:790,2
DA:791,0
DA:793,2
DA:794,0
DA:795,0
DA:796,0
DA:798,0
DA:799,0
DA:802,1
DA:805,0
DA:806,0
DA:808,0
DA:809,0
DA:810,0
DA:811,0
DA:812,0
DA:816,0
DA:817,0
DA:818,0
DA:819,0
DA:822,0
DA:823,0
LF:417
LH:93
end_of_record
TN:
SF:/Users/maarten/Documents/GitHub/agentic/greentic-secrets/providers/greentic-vault-kv/src/lib.rs
FN:30,read_body
FN:45,build_backend
FN:64,VaultSecretsBackend::new
FN:68,VaultSecretsBackend::request
FN:72,VaultSecretsBackend::kv_data_path
FN:85,VaultSecretsBackend::kv_api_path
FN:93,VaultSecretsBackend::list_keys
FN:120,VaultSecretsBackend::write_secret
FN:152,VaultSecretsBackend::read_secret
FN:205,VaultSecretsBackend::list_versions
FN:229,VaultSecretsBackend::fold_metadata_versions
FN:259,VaultSecretsBackend::list_secrets_for_scope
FN:295,<impl SecretsBackend for VaultSecretsBackend>::put
FN:304,<impl SecretsBackend for VaultSecretsBackend>::get
FN:311,<impl SecretsBackend for VaultSecretsBackend>::list
FN:341,<impl SecretsBackend for VaultSecretsBackend>::delete
FN:354,<impl SecretsBackend for VaultSecretsBackend>::versions
FN:365,<impl SecretsBackend for VaultSecretsBackend>::exists
FN:377,VaultTransitProvider::new
FN:381,VaultTransitProvider::request_transit
FN:403,VaultTransitProvider::request
FN:409,<impl KeyProvider for VaultTransitProvider>::wrap_dek
FN:420,<impl KeyProvider for VaultTransitProvider>::unwrap_dek
FN:451,VaultProviderConfig::from_env
FN:492,VaultProviderConfig::build_http_client
FN:506,VaultProviderConfig::request
FN:516,VaultProviderConfig::request_async
FN:571,KvWriteData::into_metadata
FN:599,VersionMetadata::version_or
FN:650,SecretSnapshot::into_versioned
FN:676,StoredRecord::from_record
FN:684,StoredRecord::into_record
FN:702,StoredEnvelope::from_envelope
FN:711,StoredEnvelope::into_envelope
FN:724,decode_stored_record
FN:732,decode_bytes
FNF:36
FNDA:0,read_body
FNDA:0,build_backend
FNDA:1,VaultSecretsBackend::new
FNDA:1,VaultSecretsBackend::request
FNDA:1,VaultSecretsBackend::kv_data_path
FNDA:1,VaultSecretsBackend::kv_api_path
FNDA:0,VaultSecretsBackend::list_keys
FNDA:0,VaultSecretsBackend::write_secret
FNDA:1,VaultSecretsBackend::read_secret
FNDA:0,VaultSecretsBackend::list_versions
FNDA:0,VaultSecretsBackend::fold_metadata_versions
FNDA:0,VaultSecretsBackend::list_secrets_for_scope
FNDA:0,<impl SecretsBackend for VaultSecretsBackend>::put
FNDA:1,<impl SecretsBackend for VaultSecretsBackend>::get
FNDA:0,<impl SecretsBackend for VaultSecretsBackend>::list
FNDA:0,<impl SecretsBackend for VaultSecretsBackend>::delete
FNDA:0,<impl SecretsBackend for VaultSecretsBackend>::versions
FNDA:0,<impl SecretsBackend for VaultSecretsBackend>::exists
FNDA:0,VaultTransitProvider::new
FNDA:0,VaultTransitProvider::request_transit
FNDA:0,VaultTransitProvider::request
FNDA:0,<impl KeyProvider for VaultTransitProvider>::wrap_dek
FNDA:0,<impl KeyProvider for VaultTransitProvider>::unwrap_dek
FNDA:1,VaultProviderConfig::from_env
FNDA:1,VaultProviderConfig::build_http_client
FNDA:1,VaultProviderConfig::request
FNDA:1,VaultProviderConfig::request_async
FNDA:0,KvWriteData::into_metadata
FNDA:0,VersionMetadata::version_or
FNDA:0,SecretSnapshot::into_versioned
FNDA:0,StoredRecord::from_record
FNDA:0,StoredRecord::into_record
FNDA:0,StoredEnvelope::from_envelope
FNDA:0,StoredEnvelope::into_envelope
FNDA:0,decode_stored_record
FNDA:0,decode_bytes
DA:30,0
DA:31,0
DA:32,0
DA:33,0
DA:45,0
DA:46,0
DA:47,0
DA:49,0
DA:50,0
DA:51,0
DA:52,0
DA:53,0
DA:64,1
DA:68,1
DA:69,5
DA:72,1
DA:73,5
DA:74,1
DA:76,1
DA:77,2
DA:78,2
DA:80,2
DA:81,2
DA:85,1
DA:86,1
DA:88,1
DA:89,2
DA:93,0
DA:94,0
DA:95,0
DA:96,0
DA:98,0
DA:99,0
DA:100,0
DA:101,0
DA:102,0
DA:103,0
DA:104,0
DA:105,0
DA:106,0
DA:109,0
DA:111,0
DA:112,0
DA:113,0
DA:114,0
DA:120,0
DA:121,0
DA:122,0
DA:123,0
DA:124,0
DA:125,0
DA:126,0
DA:128,0
DA:130,0
DA:132,0
DA:133,0
DA:134,0
DA:135,0
DA:136,0
DA:137,0
DA:138,0
DA:139,0
DA:140,0
DA:143,0
DA:144,0
DA:145,0
DA:148,0
DA:149,0
DA:152,1
DA:157,4
DA:158,4
DA:159,1
DA:160,0
DA:162,6
DA:163,0
DA:164,0
DA:165,0
DA:166,0
DA:167,0
DA:168,0
DA:169,0
DA:172,0
DA:173,0
DA:174,0
DA:175,0
DA:176,0
DA:177,0
DA:178,0
DA:179,0
DA:180,0
DA:181,0
DA:184,0
DA:185,0
DA:186,0
DA:187,0
DA:188,0
DA:190,0
DA:191,0
DA:192,0
DA:193,0
DA:196,0
DA:197,0
DA:198,0
DA:199,0
DA:205,0
DA:206,0
DA:207,0
DA:208,0
DA:209,0
DA:210,0
DA:211,0
DA:212,0
DA:213,0
DA:214,0
DA:215,0
DA:218,0
DA:220,0
DA:221,0
DA:222,0
DA:223,0
DA:229,0
DA:234,0
DA:235,0
DA:236,0
DA:237,0
DA:238,0
DA:239,0
DA:240,0
DA:242,0
DA:243,0
DA:244,0
DA:247,0
DA:248,0
DA:249,0
DA:250,0
DA:251,0
DA:252,0
DA:255,0
DA:256,0
DA:259,0
DA:260,0
DA:261,0
DA:263,0
DA:264,0
DA:265,0
DA:269,0
DA:270,0
DA:271,0
DA:272,0
DA:273,0
DA:275,0
DA:276,0
DA:277,0
DA:278,0
DA:279,0
DA:282,0
DA:283,0
DA:284,0
DA:286,0
DA:287,0
DA:290,0
DA:295,0
DA:296,0
DA:297,0
DA:298,0
DA:299,0
DA:300,0
DA:304,1
DA:305,5
DA:306,0
DA:307,0
DA:311,0
DA:317,0
DA:318,0
DA:319,0
DA:320,0
DA:322,0
DA:324,0
DA:325,0
DA:327,0
DA:329,0
DA:330,0
DA:332,0
DA:333,0
DA:334,0
DA:338,0
DA:341,0
DA:342,0
DA:343,0
DA:344,0
DA:347,0
DA:348,0
DA:349,0
DA:350,0
DA:354,0
DA:355,0
DA:356,0
DA:357,0
DA:358,0
DA:359,0
DA:360,0
DA:362,0
DA:365,0
DA:366,0
DA:377,0
DA:381,0
DA:382,0
DA:384,0
DA:386,0
DA:388,0
DA:389,0
DA:390,0
DA:391,0
DA:392,0
DA:393,0
DA:396,0
DA:397,0
DA:398,0
DA:403,0
DA:404,0
DA:409,0
DA:410,0
DA:411,0
DA:412,0
DA:414,0
DA:415,0
DA:416,0
DA:417,0
DA:420,0
DA:421,0
DA:422,0
DA:423,0
DA:424,0
DA:425,0
DA:427,0
DA:428,0
DA:429,0
DA:430,0
DA:431,0
DA:432,0
DA:451,1
DA:452,3
DA:453,1
DA:454,2
DA:455,3
DA:456,1
DA:457,4
DA:458,1
DA:459,4
DA:460,2
DA:461,3
DA:462,1
DA:463,4
DA:464,2
DA:466,1
DA:467,1
DA:468,1
DA:469,2
DA:470,2
DA:472,1
DA:474,2
DA:475,1
DA:478,1
DA:479,2
DA:480,2
DA:481,2
DA:482,2
DA:483,2
DA:484,2
DA:485,2
DA:486,2
DA:487,1
DA:488,1
DA:492,1
DA:493,5
DA:494,1
DA:495,0
DA:496,0
DA:498,0
DA:500,1
DA:501,0
DA:503,3
DA:506,1
DA:513,7
DA:516,1
DA:523,2
DA:525,1
DA:526,2
DA:528,5
DA:529,4
DA:530,1
DA:531,0
DA:533,1
DA:534,0
DA:536,2
DA:538,1
DA:539,3
DA:571,0
DA:572,0
DA:573,0
DA:575,0
DA:576,0
DA:577,0
DA:580,0
DA:581,0
DA:582,0
DA:583,0
DA:599,0
DA:600,0
DA:601,0
DA:602,0
DA:650,0
DA:651,0
DA:652,0
DA:655,0
DA:656,0
DA:657,0
DA:660,0
DA:661,0
DA:662,0
DA:663,0
DA:676,0
DA:677,0
DA:678,0
DA:679,0
DA:680,0
DA:684,0
DA:685,0
DA:686,0
DA:687,0
DA:688,0
DA:702,0
DA:704,0
DA:705,0
DA:706,0
DA:707,0
DA:711,0
DA:713,0
DA:714,0
DA:715,0
DA:716,0
DA:717,0
DA:718,0
DA:719,0
DA:724,0
DA:725,0
DA:726,0
DA:727,0
DA:728,0
DA:729,0
DA:732,0
DA:733,0
DA:734,0
DA:735,0
LF:354
LH:73
end_of_record
